running develop
running egg_info
creating fslam_base.egg-info
writing fslam_base.egg-info/PKG-INFO
writing dependency_links to fslam_base.egg-info/dependency_links.txt
writing entry points to fslam_base.egg-info/entry_points.txt
writing requirements to fslam_base.egg-info/requires.txt
writing top-level names to fslam_base.egg-info/top_level.txt
writing manifest file 'fslam_base.egg-info/SOURCES.txt'
reading manifest file 'fslam_base.egg-info/SOURCES.txt'
writing manifest file 'fslam_base.egg-info/SOURCES.txt'
running build_ext
Creating /home/armaanm/eufs_dev/FastSLAM/install/fslam_base/lib/python3.8/site-packages/site.py
Creating /home/armaanm/eufs_dev/FastSLAM/install/fslam_base/lib/python3.8/site-packages/fslam-base.egg-link (link to .)

Installed /home/armaanm/eufs_dev/FastSLAM/build/fslam_base
running symlink_data
creating /home/armaanm/eufs_dev/FastSLAM/install/fslam_base/share/ament_index
creating /home/armaanm/eufs_dev/FastSLAM/install/fslam_base/share/ament_index/resource_index
creating /home/armaanm/eufs_dev/FastSLAM/install/fslam_base/share/ament_index/resource_index/packages
symbolically linking /home/armaanm/eufs_dev/FastSLAM/build/fslam_base/resource/fslam_base -> /home/armaanm/eufs_dev/FastSLAM/install/fslam_base/share/ament_index/resource_index/packages
symbolically linking /home/armaanm/eufs_dev/FastSLAM/build/fslam_base/package.xml -> /home/armaanm/eufs_dev/FastSLAM/install/fslam_base/share/fslam_base
