[0.316s] Invoking command in '/home/armaanm/eufs_dev/FastSLAM/build/fslam_base': PYTHONPATH=/home/armaanm/eufs_dev/FastSLAM/build/fslam_base/prefix_override:/usr/lib/python3/dist-packages/colcon_core/task/python/colcon_distutils_commands:/home/armaanm/eufs_dev/FastSLAM/install/fslam_base/lib/python3.8/site-packages:${PYTHONPATH} /usr/bin/python3 -W ignore:setup.py install is deprecated -W ignore:easy_install command is deprecated setup.py develop --editable --build-directory /home/armaanm/eufs_dev/FastSLAM/build/fslam_base/build --no-deps symlink_data
[0.426s] running develop
[0.482s] running egg_info
[0.482s] creating fslam_base.egg-info
[0.482s] writing fslam_base.egg-info/PKG-INFO
[0.482s] writing dependency_links to fslam_base.egg-info/dependency_links.txt
[0.482s] writing entry points to fslam_base.egg-info/entry_points.txt
[0.482s] writing requirements to fslam_base.egg-info/requires.txt
[0.482s] writing top-level names to fslam_base.egg-info/top_level.txt
[0.483s] writing manifest file 'fslam_base.egg-info/SOURCES.txt'
[0.496s] reading manifest file 'fslam_base.egg-info/SOURCES.txt'
[0.497s] writing manifest file 'fslam_base.egg-info/SOURCES.txt'
[0.511s] running build_ext
[0.511s] Creating /home/armaanm/eufs_dev/FastSLAM/install/fslam_base/lib/python3.8/site-packages/site.py
[0.512s] Creating /home/armaanm/eufs_dev/FastSLAM/install/fslam_base/lib/python3.8/site-packages/fslam-base.egg-link (link to .)
[0.513s] 
[0.513s] Installed /home/armaanm/eufs_dev/FastSLAM/build/fslam_base
[0.513s] running symlink_data
[0.513s] creating /home/armaanm/eufs_dev/FastSLAM/install/fslam_base/share/ament_index
[0.513s] creating /home/armaanm/eufs_dev/FastSLAM/install/fslam_base/share/ament_index/resource_index
[0.513s] creating /home/armaanm/eufs_dev/FastSLAM/install/fslam_base/share/ament_index/resource_index/packages
[0.513s] symbolically linking /home/armaanm/eufs_dev/FastSLAM/build/fslam_base/resource/fslam_base -> /home/armaanm/eufs_dev/FastSLAM/install/fslam_base/share/ament_index/resource_index/packages
[0.513s] symbolically linking /home/armaanm/eufs_dev/FastSLAM/build/fslam_base/package.xml -> /home/armaanm/eufs_dev/FastSLAM/install/fslam_base/share/fslam_base
[0.528s] Invoked command in '/home/armaanm/eufs_dev/FastSLAM/build/fslam_base' returned '0': PYTHONPATH=/home/armaanm/eufs_dev/FastSLAM/build/fslam_base/prefix_override:/usr/lib/python3/dist-packages/colcon_core/task/python/colcon_distutils_commands:/home/armaanm/eufs_dev/FastSLAM/install/fslam_base/lib/python3.8/site-packages:${PYTHONPATH} /usr/bin/python3 -W ignore:setup.py install is deprecated -W ignore:easy_install command is deprecated setup.py develop --editable --build-directory /home/armaanm/eufs_dev/FastSLAM/build/fslam_base/build --no-deps symlink_data
