running develop
Removing /home/armaanm/eufs_dev/FastSLAM/install/fslam_base/lib/python3.8/site-packages/fslam-base.egg-link (link to .)
running egg_info
writing ../../build/fslam_base/fslam_base.egg-info/PKG-INFO
writing dependency_links to ../../build/fslam_base/fslam_base.egg-info/dependency_links.txt
writing entry points to ../../build/fslam_base/fslam_base.egg-info/entry_points.txt
writing requirements to ../../build/fslam_base/fslam_base.egg-info/requires.txt
writing top-level names to ../../build/fslam_base/fslam_base.egg-info/top_level.txt
reading manifest file '../../build/fslam_base/fslam_base.egg-info/SOURCES.txt'
writing manifest file '../../build/fslam_base/fslam_base.egg-info/SOURCES.txt'
running build
running build_py
creating /home/armaanm/eufs_dev/FastSLAM/build/fslam_base/build
creating /home/armaanm/eufs_dev/FastSLAM/build/fslam_base/build/lib
creating /home/armaanm/eufs_dev/FastSLAM/build/fslam_base/build/lib/fslam_base
copying fslam_base/cone_snapshot_node.py -> /home/armaanm/eufs_dev/FastSLAM/build/fslam_base/build/lib/fslam_base
copying fslam_base/__init__.py -> /home/armaanm/eufs_dev/FastSLAM/build/fslam_base/build/lib/fslam_base
copying fslam_base/fslam_localizer.py -> /home/armaanm/eufs_dev/FastSLAM/build/fslam_base/build/lib/fslam_base
running install
running install_lib
creating /home/armaanm/eufs_dev/FastSLAM/install/fslam_base/lib/python3.8/site-packages/fslam_base
copying /home/armaanm/eufs_dev/FastSLAM/build/fslam_base/build/lib/fslam_base/cone_snapshot_node.py -> /home/armaanm/eufs_dev/FastSLAM/install/fslam_base/lib/python3.8/site-packages/fslam_base
copying /home/armaanm/eufs_dev/FastSLAM/build/fslam_base/build/lib/fslam_base/__init__.py -> /home/armaanm/eufs_dev/FastSLAM/install/fslam_base/lib/python3.8/site-packages/fslam_base
copying /home/armaanm/eufs_dev/FastSLAM/build/fslam_base/build/lib/fslam_base/fslam_localizer.py -> /home/armaanm/eufs_dev/FastSLAM/install/fslam_base/lib/python3.8/site-packages/fslam_base
byte-compiling /home/armaanm/eufs_dev/FastSLAM/install/fslam_base/lib/python3.8/site-packages/fslam_base/cone_snapshot_node.py to cone_snapshot_node.cpython-38.pyc
byte-compiling /home/armaanm/eufs_dev/FastSLAM/install/fslam_base/lib/python3.8/site-packages/fslam_base/__init__.py to __init__.cpython-38.pyc
byte-compiling /home/armaanm/eufs_dev/FastSLAM/install/fslam_base/lib/python3.8/site-packages/fslam_base/fslam_localizer.py to fslam_localizer.cpython-38.pyc
running install_data
copying resource/fslam_base -> /home/armaanm/eufs_dev/FastSLAM/install/fslam_base/share/ament_index/resource_index/packages
copying package.xml -> /home/armaanm/eufs_dev/FastSLAM/install/fslam_base/share/fslam_base
running install_egg_info
Copying ../../build/fslam_base/fslam_base.egg-info to /home/armaanm/eufs_dev/FastSLAM/install/fslam_base/lib/python3.8/site-packages/fslam_base-0.0.0-py3.8.egg-info
running install_scripts
Installing map_snap = fslam_base.cone_snapshot_node:mainfslam script to /home/armaanm/eufs_dev/FastSLAM/install/fslam_base/lib/fslam_base
writing list of installed files to '/home/armaanm/eufs_dev/FastSLAM/build/fslam_base/install.log'
