[0.613s] Invoking command in '/home/armaanm/eufs_dev/FastSLAM/build/fslam_base': PYTHONPATH=/home/armaanm/eufs_dev/FastSLAM/build/fslam_base/prefix_override:/usr/lib/python3/dist-packages/colcon_core/task/python/colcon_distutils_commands:/home/armaanm/eufs_dev/FastSLAM/install/fslam_base/lib/python3.8/site-packages:${PYTHONPATH} /usr/bin/python3 -W ignore:setup.py install is deprecated -W ignore:easy_install command is deprecated setup.py develop --uninstall --editable --build-directory /home/armaanm/eufs_dev/FastSLAM/build/fslam_base/build
[0.795s] running develop
[0.904s] Removing /home/armaanm/eufs_dev/FastSLAM/install/fslam_base/lib/python3.8/site-packages/fslam-base.egg-link (link to .)
[0.923s] Invoked command in '/home/armaanm/eufs_dev/FastSLAM/build/fslam_base' returned '0': PYTHONPATH=/home/armaanm/eufs_dev/FastSLAM/build/fslam_base/prefix_override:/usr/lib/python3/dist-packages/colcon_core/task/python/colcon_distutils_commands:/home/armaanm/eufs_dev/FastSLAM/install/fslam_base/lib/python3.8/site-packages:${PYTHONPATH} /usr/bin/python3 -W ignore:setup.py install is deprecated -W ignore:easy_install command is deprecated setup.py develop --uninstall --editable --build-directory /home/armaanm/eufs_dev/FastSLAM/build/fslam_base/build
[0.926s] Invoking command in '/home/armaanm/eufs_dev/FastSLAM/src/fslam_base': PYTHONPATH=/home/armaanm/eufs_dev/FastSLAM/build/fslam_base/prefix_override:/usr/lib/python3/dist-packages/colcon_core/task/python/colcon_distutils_commands:/home/armaanm/eufs_dev/FastSLAM/install/fslam_base/lib/python3.8/site-packages:${PYTHONPATH} /usr/bin/python3 -W ignore:setup.py install is deprecated -W ignore:easy_install command is deprecated setup.py egg_info --egg-base ../../build/fslam_base build --build-base /home/armaanm/eufs_dev/FastSLAM/build/fslam_base/build install --record /home/armaanm/eufs_dev/FastSLAM/build/fslam_base/install.log --single-version-externally-managed install_data --force
[1.108s] running egg_info
[1.108s] writing ../../build/fslam_base/fslam_base.egg-info/PKG-INFO
[1.108s] writing dependency_links to ../../build/fslam_base/fslam_base.egg-info/dependency_links.txt
[1.109s] writing entry points to ../../build/fslam_base/fslam_base.egg-info/entry_points.txt
[1.109s] writing requirements to ../../build/fslam_base/fslam_base.egg-info/requires.txt
[1.109s] writing top-level names to ../../build/fslam_base/fslam_base.egg-info/top_level.txt
[1.134s] reading manifest file '../../build/fslam_base/fslam_base.egg-info/SOURCES.txt'
[1.136s] writing manifest file '../../build/fslam_base/fslam_base.egg-info/SOURCES.txt'
[1.136s] running build
[1.137s] running build_py
[1.137s] creating /home/armaanm/eufs_dev/FastSLAM/build/fslam_base/build
[1.137s] creating /home/armaanm/eufs_dev/FastSLAM/build/fslam_base/build/lib
[1.137s] creating /home/armaanm/eufs_dev/FastSLAM/build/fslam_base/build/lib/fslam_base
[1.137s] copying fslam_base/cone_snapshot_node.py -> /home/armaanm/eufs_dev/FastSLAM/build/fslam_base/build/lib/fslam_base
[1.137s] copying fslam_base/__init__.py -> /home/armaanm/eufs_dev/FastSLAM/build/fslam_base/build/lib/fslam_base
[1.137s] copying fslam_base/fslam_localizer.py -> /home/armaanm/eufs_dev/FastSLAM/build/fslam_base/build/lib/fslam_base
[1.137s] running install
[1.138s] running install_lib
[1.139s] creating /home/armaanm/eufs_dev/FastSLAM/install/fslam_base/lib/python3.8/site-packages/fslam_base
[1.139s] copying /home/armaanm/eufs_dev/FastSLAM/build/fslam_base/build/lib/fslam_base/cone_snapshot_node.py -> /home/armaanm/eufs_dev/FastSLAM/install/fslam_base/lib/python3.8/site-packages/fslam_base
[1.139s] copying /home/armaanm/eufs_dev/FastSLAM/build/fslam_base/build/lib/fslam_base/__init__.py -> /home/armaanm/eufs_dev/FastSLAM/install/fslam_base/lib/python3.8/site-packages/fslam_base
[1.140s] copying /home/armaanm/eufs_dev/FastSLAM/build/fslam_base/build/lib/fslam_base/fslam_localizer.py -> /home/armaanm/eufs_dev/FastSLAM/install/fslam_base/lib/python3.8/site-packages/fslam_base
[1.140s] byte-compiling /home/armaanm/eufs_dev/FastSLAM/install/fslam_base/lib/python3.8/site-packages/fslam_base/cone_snapshot_node.py to cone_snapshot_node.cpython-38.pyc
[1.142s] byte-compiling /home/armaanm/eufs_dev/FastSLAM/install/fslam_base/lib/python3.8/site-packages/fslam_base/__init__.py to __init__.cpython-38.pyc
[1.143s] byte-compiling /home/armaanm/eufs_dev/FastSLAM/install/fslam_base/lib/python3.8/site-packages/fslam_base/fslam_localizer.py to fslam_localizer.cpython-38.pyc
[1.146s] running install_data
[1.146s] copying resource/fslam_base -> /home/armaanm/eufs_dev/FastSLAM/install/fslam_base/share/ament_index/resource_index/packages
[1.148s] copying package.xml -> /home/armaanm/eufs_dev/FastSLAM/install/fslam_base/share/fslam_base
[1.149s] running install_egg_info
[1.150s] Copying ../../build/fslam_base/fslam_base.egg-info to /home/armaanm/eufs_dev/FastSLAM/install/fslam_base/lib/python3.8/site-packages/fslam_base-0.0.0-py3.8.egg-info
[1.151s] running install_scripts
[1.165s] Installing map_snap = fslam_base.cone_snapshot_node:mainfslam script to /home/armaanm/eufs_dev/FastSLAM/install/fslam_base/lib/fslam_base
[1.166s] writing list of installed files to '/home/armaanm/eufs_dev/FastSLAM/build/fslam_base/install.log'
[1.181s] Invoked command in '/home/armaanm/eufs_dev/FastSLAM/src/fslam_base' returned '0': PYTHONPATH=/home/armaanm/eufs_dev/FastSLAM/build/fslam_base/prefix_override:/usr/lib/python3/dist-packages/colcon_core/task/python/colcon_distutils_commands:/home/armaanm/eufs_dev/FastSLAM/install/fslam_base/lib/python3.8/site-packages:${PYTHONPATH} /usr/bin/python3 -W ignore:setup.py install is deprecated -W ignore:easy_install command is deprecated setup.py egg_info --egg-base ../../build/fslam_base build --build-base /home/armaanm/eufs_dev/FastSLAM/build/fslam_base/build install --record /home/armaanm/eufs_dev/FastSLAM/build/fslam_base/install.log --single-version-externally-managed install_data --force
