[0.711s] Invoking command in '/home/armaanm/eufs_dev/FastSLAM/build/fslam_base': PYTHONPATH=/home/armaanm/eufs_dev/FastSLAM/build/fslam_base/prefix_override:/usr/lib/python3/dist-packages/colcon_core/task/python/colcon_distutils_commands:/home/armaanm/eufs_dev/FastSLAM/install/fslam_base/lib/python3.8/site-packages:${PYTHONPATH} /usr/bin/python3 -W ignore:setup.py install is deprecated -W ignore:easy_install command is deprecated setup.py develop --editable --build-directory /home/armaanm/eufs_dev/FastSLAM/build/fslam_base/build --no-deps symlink_data
[0.870s] running develop
[0.952s] running egg_info
[0.952s] writing fslam_base.egg-info/PKG-INFO
[0.953s] writing dependency_links to fslam_base.egg-info/dependency_links.txt
[0.953s] writing entry points to fslam_base.egg-info/entry_points.txt
[0.953s] writing requirements to fslam_base.egg-info/requires.txt
[0.953s] writing top-level names to fslam_base.egg-info/top_level.txt
[0.976s] reading manifest file 'fslam_base.egg-info/SOURCES.txt'
[0.977s] writing manifest file 'fslam_base.egg-info/SOURCES.txt'
[1.001s] running build_ext
[1.002s] Creating /home/armaanm/eufs_dev/FastSLAM/install/fslam_base/lib/python3.8/site-packages/fslam-base.egg-link (link to .)
[1.003s] Installing calib script to /home/armaanm/eufs_dev/FastSLAM/install/fslam_base/lib/fslam_base
[1.003s] Installing debug script to /home/armaanm/eufs_dev/FastSLAM/install/fslam_base/lib/fslam_base
[1.003s] Installing fslam script to /home/armaanm/eufs_dev/FastSLAM/install/fslam_base/lib/fslam_base
[1.003s] Installing map_snap script to /home/armaanm/eufs_dev/FastSLAM/install/fslam_base/lib/fslam_base
[1.003s] Installing predict script to /home/armaanm/eufs_dev/FastSLAM/install/fslam_base/lib/fslam_base
[1.003s] Installing predict_quat script to /home/armaanm/eufs_dev/FastSLAM/install/fslam_base/lib/fslam_base
[1.004s] Installing wheel_debug script to /home/armaanm/eufs_dev/FastSLAM/install/fslam_base/lib/fslam_base
[1.004s] 
[1.004s] Installed /home/armaanm/eufs_dev/FastSLAM/build/fslam_base
[1.004s] running symlink_data
[1.029s] Invoked command in '/home/armaanm/eufs_dev/FastSLAM/build/fslam_base' returned '0': PYTHONPATH=/home/armaanm/eufs_dev/FastSLAM/build/fslam_base/prefix_override:/usr/lib/python3/dist-packages/colcon_core/task/python/colcon_distutils_commands:/home/armaanm/eufs_dev/FastSLAM/install/fslam_base/lib/python3.8/site-packages:${PYTHONPATH} /usr/bin/python3 -W ignore:setup.py install is deprecated -W ignore:easy_install command is deprecated setup.py develop --editable --build-directory /home/armaanm/eufs_dev/FastSLAM/build/fslam_base/build --no-deps symlink_data
