running develop
running egg_info
creating fslam_da.egg-info
writing fslam_da.egg-info/PKG-INFO
writing dependency_links to fslam_da.egg-info/dependency_links.txt
writing entry points to fslam_da.egg-info/entry_points.txt
writing requirements to fslam_da.egg-info/requires.txt
writing top-level names to fslam_da.egg-info/top_level.txt
writing manifest file 'fslam_da.egg-info/SOURCES.txt'
reading manifest file 'fslam_da.egg-info/SOURCES.txt'
writing manifest file 'fslam_da.egg-info/SOURCES.txt'
running build_ext
Creating /home/armaanm/eufs_dev/FastSLAM/install/fslam_da/lib/python3.8/site-packages/site.py
Creating /home/armaanm/eufs_dev/FastSLAM/install/fslam_da/lib/python3.8/site-packages/fslam-da.egg-link (link to .)
Installing da_node script to /home/armaanm/eufs_dev/FastSLAM/install/fslam_da/lib/fslam_da

Installed /home/armaanm/eufs_dev/FastSLAM/build/fslam_da
running symlink_data
creating /home/armaanm/eufs_dev/FastSLAM/install/fslam_da/share/ament_index
creating /home/armaanm/eufs_dev/FastSLAM/install/fslam_da/share/ament_index/resource_index
creating /home/armaanm/eufs_dev/FastSLAM/install/fslam_da/share/ament_index/resource_index/packages
symbolically linking /home/armaanm/eufs_dev/FastSLAM/build/fslam_da/resource/fslam_da -> /home/armaanm/eufs_dev/FastSLAM/install/fslam_da/share/ament_index/resource_index/packages
symbolically linking /home/armaanm/eufs_dev/FastSLAM/build/fslam_da/package.xml -> /home/armaanm/eufs_dev/FastSLAM/install/fslam_da/share/fslam_da
