[0.779s] Invoking command in '/home/armaanm/eufs_dev/FastSLAM/build/fslam_base': PYTHONPATH=/home/armaanm/eufs_dev/FastSLAM/build/fslam_base/prefix_override:/usr/lib/python3/dist-packages/colcon_core/task/python/colcon_distutils_commands:/home/armaanm/eufs_dev/FastSLAM/install/fslam_base/lib/python3.8/site-packages:${PYTHONPATH} /usr/bin/python3 -W ignore:setup.py install is deprecated -W ignore:easy_install command is deprecated setup.py develop --editable --build-directory /home/armaanm/eufs_dev/FastSLAM/build/fslam_base/build --no-deps symlink_data
[0.953s] running develop
[1.059s] running egg_info
[1.060s] writing fslam_base.egg-info/PKG-INFO
[1.061s] writing dependency_links to fslam_base.egg-info/dependency_links.txt
[1.061s] writing entry points to fslam_base.egg-info/entry_points.txt
[1.061s] writing requirements to fslam_base.egg-info/requires.txt
[1.061s] writing top-level names to fslam_base.egg-info/top_level.txt
[1.082s] reading manifest file 'fslam_base.egg-info/SOURCES.txt'
[1.082s] writing manifest file 'fslam_base.egg-info/SOURCES.txt'
[1.105s] running build_ext
[1.107s] Creating /home/armaanm/eufs_dev/FastSLAM/install/fslam_base/lib/python3.8/site-packages/fslam-base.egg-link (link to .)
[1.107s] Installing calib script to /home/armaanm/eufs_dev/FastSLAM/install/fslam_base/lib/fslam_base
[1.108s] Installing debug script to /home/armaanm/eufs_dev/FastSLAM/install/fslam_base/lib/fslam_base
[1.109s] Installing fslam script to /home/armaanm/eufs_dev/FastSLAM/install/fslam_base/lib/fslam_base
[1.109s] Installing map_snap script to /home/armaanm/eufs_dev/FastSLAM/install/fslam_base/lib/fslam_base
[1.109s] Installing predict script to /home/armaanm/eufs_dev/FastSLAM/install/fslam_base/lib/fslam_base
[1.110s] Installing predict_quat script to /home/armaanm/eufs_dev/FastSLAM/install/fslam_base/lib/fslam_base
[1.110s] Installing wheel_debug script to /home/armaanm/eufs_dev/FastSLAM/install/fslam_base/lib/fslam_base
[1.110s] 
[1.110s] Installed /home/armaanm/eufs_dev/FastSLAM/build/fslam_base
[1.111s] running symlink_data
[1.135s] Invoked command in '/home/armaanm/eufs_dev/FastSLAM/build/fslam_base' returned '0': PYTHONPATH=/home/armaanm/eufs_dev/FastSLAM/build/fslam_base/prefix_override:/usr/lib/python3/dist-packages/colcon_core/task/python/colcon_distutils_commands:/home/armaanm/eufs_dev/FastSLAM/install/fslam_base/lib/python3.8/site-packages:${PYTHONPATH} /usr/bin/python3 -W ignore:setup.py install is deprecated -W ignore:easy_install command is deprecated setup.py develop --editable --build-directory /home/armaanm/eufs_dev/FastSLAM/build/fslam_base/build --no-deps symlink_data
