[0.668s] Invoking command in '/home/armaanm/eufs_dev/FastSLAM/build/fslam_hook': PYTHONPATH=/home/armaanm/eufs_dev/FastSLAM/build/fslam_hook/prefix_override:/usr/lib/python3/dist-packages/colcon_core/task/python/colcon_distutils_commands:/home/armaanm/eufs_dev/FastSLAM/install/fslam_hook/lib/python3.8/site-packages:${PYTHONPATH} /usr/bin/python3 -W ignore:setup.py install is deprecated -W ignore:easy_install command is deprecated setup.py develop --editable --build-directory /home/armaanm/eufs_dev/FastSLAM/build/fslam_hook/build --no-deps symlink_data
[0.827s] running develop
[0.892s] running egg_info
[0.892s] creating fslam_hook.egg-info
[0.893s] writing fslam_hook.egg-info/PKG-INFO
[0.893s] writing dependency_links to fslam_hook.egg-info/dependency_links.txt
[0.893s] writing entry points to fslam_hook.egg-info/entry_points.txt
[0.893s] writing requirements to fslam_hook.egg-info/requires.txt
[0.893s] writing top-level names to fslam_hook.egg-info/top_level.txt
[0.894s] writing manifest file 'fslam_hook.egg-info/SOURCES.txt'
[0.911s] reading manifest file 'fslam_hook.egg-info/SOURCES.txt'
[0.911s] writing manifest file 'fslam_hook.egg-info/SOURCES.txt'
[0.931s] running build_ext
[0.932s] Creating /home/armaanm/eufs_dev/FastSLAM/install/fslam_hook/lib/python3.8/site-packages/site.py
[0.934s] Creating /home/armaanm/eufs_dev/FastSLAM/install/fslam_hook/lib/python3.8/site-packages/fslam-hook.egg-link (link to .)
[0.935s] 
[0.935s] Installed /home/armaanm/eufs_dev/FastSLAM/build/fslam_hook
[0.935s] running symlink_data
[0.935s] creating /home/armaanm/eufs_dev/FastSLAM/install/fslam_hook/share/ament_index
[0.935s] creating /home/armaanm/eufs_dev/FastSLAM/install/fslam_hook/share/ament_index/resource_index
[0.935s] creating /home/armaanm/eufs_dev/FastSLAM/install/fslam_hook/share/ament_index/resource_index/packages
[0.935s] symbolically linking /home/armaanm/eufs_dev/FastSLAM/build/fslam_hook/resource/fslam_hook -> /home/armaanm/eufs_dev/FastSLAM/install/fslam_hook/share/ament_index/resource_index/packages
[0.935s] symbolically linking /home/armaanm/eufs_dev/FastSLAM/build/fslam_hook/package.xml -> /home/armaanm/eufs_dev/FastSLAM/install/fslam_hook/share/fslam_hook
[0.964s] Invoked command in '/home/armaanm/eufs_dev/FastSLAM/build/fslam_hook' returned '0': PYTHONPATH=/home/armaanm/eufs_dev/FastSLAM/build/fslam_hook/prefix_override:/usr/lib/python3/dist-packages/colcon_core/task/python/colcon_distutils_commands:/home/armaanm/eufs_dev/FastSLAM/install/fslam_hook/lib/python3.8/site-packages:${PYTHONPATH} /usr/bin/python3 -W ignore:setup.py install is deprecated -W ignore:easy_install command is deprecated setup.py develop --editable --build-directory /home/armaanm/eufs_dev/FastSLAM/build/fslam_hook/build --no-deps symlink_data
