[0.357s] DEBUG:colcon:Command line arguments: ['/usr/bin/colcon', 'build', '--symlink-install']
[0.357s] DEBUG:colcon:Parsed command line arguments: Namespace(allow_overriding=[], ament_cmake_args=None, base_paths=['.'], build_base='build', catkin_cmake_args=None, catkin_skip_building_tests=False, cmake_args=None, cmake_clean_cache=False, cmake_clean_first=False, cmake_force_configure=False, cmake_target=None, cmake_target_skip_unavailable=False, continue_on_error=False, event_handlers=None, executor='parallel', ignore_user_meta=False, install_base='install', log_base=None, log_level=None, main=<bound method BuildVerb.main of <colcon_core.verb.build.BuildVerb object at 0x720d6cbc9fd0>>, merge_install=False, metas=['./colcon.meta'], packages_above=None, packages_above_and_dependencies=None, packages_above_depth=None, packages_end=None, packages_ignore=None, packages_ignore_regex=None, packages_select=None, packages_select_build_failed=False, packages_select_by_dep=None, packages_select_regex=None, packages_select_test_failures=False, packages_skip=None, packages_skip_build_finished=False, packages_skip_by_dep=None, packages_skip_regex=None, packages_skip_test_passed=False, packages_skip_up_to=None, packages_start=None, packages_up_to=None, packages_up_to_regex=None, parallel_workers=32, paths=None, symlink_install=True, test_result_base=None, verb_extension=<colcon_core.verb.build.BuildVerb object at 0x720d6cbc9fd0>, verb_name='build', verb_parser=<colcon_defaults.argument_parser.defaults.DefaultArgumentsDecorator object at 0x720d6cbd87f0>)
[0.455s] Level 1:colcon.colcon_core.package_discovery:discover_packages(colcon_meta) check parameters
[0.455s] Level 1:colcon.colcon_core.package_discovery:discover_packages(recursive) check parameters
[0.455s] Level 1:colcon.colcon_core.package_discovery:discover_packages(ignore) check parameters
[0.455s] Level 1:colcon.colcon_core.package_discovery:discover_packages(path) check parameters
[0.455s] Level 1:colcon.colcon_core.package_discovery:discover_packages(colcon_meta) discover
[0.455s] Level 1:colcon.colcon_core.package_discovery:discover_packages(recursive) discover
[0.455s] INFO:colcon.colcon_core.package_discovery:Crawling recursively for packages in '/home/armaanm/eufs_dev/FastSLAM'
[0.455s] Level 1:colcon.colcon_core.package_identification:_identify(.) by extensions ['ignore', 'ignore_ament_install']
[0.455s] Level 1:colcon.colcon_core.package_identification:_identify(.) by extension 'ignore'
[0.455s] Level 1:colcon.colcon_core.package_identification:_identify(.) by extension 'ignore_ament_install'
[0.455s] Level 1:colcon.colcon_core.package_identification:_identify(.) by extensions ['colcon_pkg']
[0.455s] Level 1:colcon.colcon_core.package_identification:_identify(.) by extension 'colcon_pkg'
[0.455s] Level 1:colcon.colcon_core.package_identification:_identify(.) by extensions ['colcon_meta']
[0.455s] Level 1:colcon.colcon_core.package_identification:_identify(.) by extension 'colcon_meta'
[0.455s] Level 1:colcon.colcon_core.package_identification:_identify(.) by extensions ['ros']
[0.455s] Level 1:colcon.colcon_core.package_identification:_identify(.) by extension 'ros'
[0.464s] Level 1:colcon.colcon_core.package_identification:_identify(.) by extensions ['cmake', 'python']
[0.464s] Level 1:colcon.colcon_core.package_identification:_identify(.) by extension 'cmake'
[0.464s] Level 1:colcon.colcon_core.package_identification:_identify(.) by extension 'python'
[0.464s] Level 1:colcon.colcon_core.package_identification:_identify(.) by extensions ['python_setup_py']
[0.464s] Level 1:colcon.colcon_core.package_identification:_identify(.) by extension 'python_setup_py'
[0.464s] Level 1:colcon.colcon_core.package_identification:_identify(EUFSIM Setup) by extensions ['ignore', 'ignore_ament_install']
[0.464s] Level 1:colcon.colcon_core.package_identification:_identify(EUFSIM Setup) by extension 'ignore'
[0.464s] Level 1:colcon.colcon_core.package_identification:_identify(EUFSIM Setup) by extension 'ignore_ament_install'
[0.464s] Level 1:colcon.colcon_core.package_identification:_identify(EUFSIM Setup) by extensions ['colcon_pkg']
[0.464s] Level 1:colcon.colcon_core.package_identification:_identify(EUFSIM Setup) by extension 'colcon_pkg'
[0.464s] Level 1:colcon.colcon_core.package_identification:_identify(EUFSIM Setup) by extensions ['colcon_meta']
[0.464s] Level 1:colcon.colcon_core.package_identification:_identify(EUFSIM Setup) by extension 'colcon_meta'
[0.464s] Level 1:colcon.colcon_core.package_identification:_identify(EUFSIM Setup) by extensions ['ros']
[0.464s] Level 1:colcon.colcon_core.package_identification:_identify(EUFSIM Setup) by extension 'ros'
[0.464s] Level 1:colcon.colcon_core.package_identification:_identify(EUFSIM Setup) by extensions ['cmake', 'python']
[0.464s] Level 1:colcon.colcon_core.package_identification:_identify(EUFSIM Setup) by extension 'cmake'
[0.464s] Level 1:colcon.colcon_core.package_identification:_identify(EUFSIM Setup) by extension 'python'
[0.464s] Level 1:colcon.colcon_core.package_identification:_identify(EUFSIM Setup) by extensions ['python_setup_py']
[0.464s] Level 1:colcon.colcon_core.package_identification:_identify(EUFSIM Setup) by extension 'python_setup_py'
[0.464s] Level 1:colcon.colcon_core.package_identification:_identify(build) by extensions ['ignore', 'ignore_ament_install']
[0.464s] Level 1:colcon.colcon_core.package_identification:_identify(build) by extension 'ignore'
[0.464s] Level 1:colcon.colcon_core.package_identification:_identify(build) ignored
[0.464s] Level 1:colcon.colcon_core.package_identification:_identify(data) by extensions ['ignore', 'ignore_ament_install']
[0.465s] Level 1:colcon.colcon_core.package_identification:_identify(data) by extension 'ignore'
[0.465s] Level 1:colcon.colcon_core.package_identification:_identify(data) by extension 'ignore_ament_install'
[0.465s] Level 1:colcon.colcon_core.package_identification:_identify(data) by extensions ['colcon_pkg']
[0.465s] Level 1:colcon.colcon_core.package_identification:_identify(data) by extension 'colcon_pkg'
[0.465s] Level 1:colcon.colcon_core.package_identification:_identify(data) by extensions ['colcon_meta']
[0.465s] Level 1:colcon.colcon_core.package_identification:_identify(data) by extension 'colcon_meta'
[0.465s] Level 1:colcon.colcon_core.package_identification:_identify(data) by extensions ['ros']
[0.465s] Level 1:colcon.colcon_core.package_identification:_identify(data) by extension 'ros'
[0.465s] Level 1:colcon.colcon_core.package_identification:_identify(data) by extensions ['cmake', 'python']
[0.465s] Level 1:colcon.colcon_core.package_identification:_identify(data) by extension 'cmake'
[0.465s] Level 1:colcon.colcon_core.package_identification:_identify(data) by extension 'python'
[0.465s] Level 1:colcon.colcon_core.package_identification:_identify(data) by extensions ['python_setup_py']
[0.465s] Level 1:colcon.colcon_core.package_identification:_identify(data) by extension 'python_setup_py'
[0.465s] Level 1:colcon.colcon_core.package_identification:_identify(install) by extensions ['ignore', 'ignore_ament_install']
[0.465s] Level 1:colcon.colcon_core.package_identification:_identify(install) by extension 'ignore'
[0.465s] Level 1:colcon.colcon_core.package_identification:_identify(install) ignored
[0.465s] Level 1:colcon.colcon_core.package_identification:_identify(log) by extensions ['ignore', 'ignore_ament_install']
[0.465s] Level 1:colcon.colcon_core.package_identification:_identify(log) by extension 'ignore'
[0.465s] Level 1:colcon.colcon_core.package_identification:_identify(log) ignored
[0.465s] Level 1:colcon.colcon_core.package_identification:_identify(src) by extensions ['ignore', 'ignore_ament_install']
[0.465s] Level 1:colcon.colcon_core.package_identification:_identify(src) by extension 'ignore'
[0.465s] Level 1:colcon.colcon_core.package_identification:_identify(src) by extension 'ignore_ament_install'
[0.465s] Level 1:colcon.colcon_core.package_identification:_identify(src) by extensions ['colcon_pkg']
[0.465s] Level 1:colcon.colcon_core.package_identification:_identify(src) by extension 'colcon_pkg'
[0.465s] Level 1:colcon.colcon_core.package_identification:_identify(src) by extensions ['colcon_meta']
[0.465s] Level 1:colcon.colcon_core.package_identification:_identify(src) by extension 'colcon_meta'
[0.465s] Level 1:colcon.colcon_core.package_identification:_identify(src) by extensions ['ros']
[0.465s] Level 1:colcon.colcon_core.package_identification:_identify(src) by extension 'ros'
[0.465s] Level 1:colcon.colcon_core.package_identification:_identify(src) by extensions ['cmake', 'python']
[0.465s] Level 1:colcon.colcon_core.package_identification:_identify(src) by extension 'cmake'
[0.465s] Level 1:colcon.colcon_core.package_identification:_identify(src) by extension 'python'
[0.465s] Level 1:colcon.colcon_core.package_identification:_identify(src) by extensions ['python_setup_py']
[0.465s] Level 1:colcon.colcon_core.package_identification:_identify(src) by extension 'python_setup_py'
[0.465s] Level 1:colcon.colcon_core.package_identification:_identify(src/fslam_base) by extensions ['ignore', 'ignore_ament_install']
[0.466s] Level 1:colcon.colcon_core.package_identification:_identify(src/fslam_base) by extension 'ignore'
[0.466s] Level 1:colcon.colcon_core.package_identification:_identify(src/fslam_base) by extension 'ignore_ament_install'
[0.466s] Level 1:colcon.colcon_core.package_identification:_identify(src/fslam_base) by extensions ['colcon_pkg']
[0.466s] Level 1:colcon.colcon_core.package_identification:_identify(src/fslam_base) by extension 'colcon_pkg'
[0.466s] Level 1:colcon.colcon_core.package_identification:_identify(src/fslam_base) by extensions ['colcon_meta']
[0.466s] Level 1:colcon.colcon_core.package_identification:_identify(src/fslam_base) by extension 'colcon_meta'
[0.466s] Level 1:colcon.colcon_core.package_identification:_identify(src/fslam_base) by extensions ['ros']
[0.466s] Level 1:colcon.colcon_core.package_identification:_identify(src/fslam_base) by extension 'ros'
[0.468s] DEBUG:colcon.colcon_core.package_identification:Package 'src/fslam_base' with type 'ros.ament_python' and name 'fslam_base'
[0.468s] Level 1:colcon.colcon_core.package_identification:_identify(src/fslam_da) by extensions ['ignore', 'ignore_ament_install']
[0.468s] Level 1:colcon.colcon_core.package_identification:_identify(src/fslam_da) by extension 'ignore'
[0.468s] Level 1:colcon.colcon_core.package_identification:_identify(src/fslam_da) by extension 'ignore_ament_install'
[0.468s] Level 1:colcon.colcon_core.package_identification:_identify(src/fslam_da) by extensions ['colcon_pkg']
[0.468s] Level 1:colcon.colcon_core.package_identification:_identify(src/fslam_da) by extension 'colcon_pkg'
[0.468s] Level 1:colcon.colcon_core.package_identification:_identify(src/fslam_da) by extensions ['colcon_meta']
[0.468s] Level 1:colcon.colcon_core.package_identification:_identify(src/fslam_da) by extension 'colcon_meta'
[0.468s] Level 1:colcon.colcon_core.package_identification:_identify(src/fslam_da) by extensions ['ros']
[0.468s] Level 1:colcon.colcon_core.package_identification:_identify(src/fslam_da) by extension 'ros'
[0.468s] DEBUG:colcon.colcon_core.package_identification:Package 'src/fslam_da' with type 'ros.ament_python' and name 'fslam_da'
[0.468s] Level 1:colcon.colcon_core.package_identification:_identify(src/fslam_hook) by extensions ['ignore', 'ignore_ament_install']
[0.468s] Level 1:colcon.colcon_core.package_identification:_identify(src/fslam_hook) by extension 'ignore'
[0.468s] Level 1:colcon.colcon_core.package_identification:_identify(src/fslam_hook) by extension 'ignore_ament_install'
[0.469s] Level 1:colcon.colcon_core.package_identification:_identify(src/fslam_hook) by extensions ['colcon_pkg']
[0.469s] Level 1:colcon.colcon_core.package_identification:_identify(src/fslam_hook) by extension 'colcon_pkg'
[0.469s] Level 1:colcon.colcon_core.package_identification:_identify(src/fslam_hook) by extensions ['colcon_meta']
[0.469s] Level 1:colcon.colcon_core.package_identification:_identify(src/fslam_hook) by extension 'colcon_meta'
[0.469s] Level 1:colcon.colcon_core.package_identification:_identify(src/fslam_hook) by extensions ['ros']
[0.469s] Level 1:colcon.colcon_core.package_identification:_identify(src/fslam_hook) by extension 'ros'
[0.469s] DEBUG:colcon.colcon_core.package_identification:Package 'src/fslam_hook' with type 'ros.ament_python' and name 'fslam_hook'
[0.469s] Level 1:colcon.colcon_core.package_identification:_identify(src/logs) by extensions ['ignore', 'ignore_ament_install']
[0.469s] Level 1:colcon.colcon_core.package_identification:_identify(src/logs) by extension 'ignore'
[0.469s] Level 1:colcon.colcon_core.package_identification:_identify(src/logs) by extension 'ignore_ament_install'
[0.469s] Level 1:colcon.colcon_core.package_identification:_identify(src/logs) by extensions ['colcon_pkg']
[0.469s] Level 1:colcon.colcon_core.package_identification:_identify(src/logs) by extension 'colcon_pkg'
[0.469s] Level 1:colcon.colcon_core.package_identification:_identify(src/logs) by extensions ['colcon_meta']
[0.469s] Level 1:colcon.colcon_core.package_identification:_identify(src/logs) by extension 'colcon_meta'
[0.469s] Level 1:colcon.colcon_core.package_identification:_identify(src/logs) by extensions ['ros']
[0.469s] Level 1:colcon.colcon_core.package_identification:_identify(src/logs) by extension 'ros'
[0.469s] Level 1:colcon.colcon_core.package_identification:_identify(src/logs) by extensions ['cmake', 'python']
[0.469s] Level 1:colcon.colcon_core.package_identification:_identify(src/logs) by extension 'cmake'
[0.469s] Level 1:colcon.colcon_core.package_identification:_identify(src/logs) by extension 'python'
[0.469s] Level 1:colcon.colcon_core.package_identification:_identify(src/logs) by extensions ['python_setup_py']
[0.469s] Level 1:colcon.colcon_core.package_identification:_identify(src/logs) by extension 'python_setup_py'
[0.470s] Level 1:colcon.colcon_core.package_identification:_identify(src/logs/da_eval) by extensions ['ignore', 'ignore_ament_install']
[0.470s] Level 1:colcon.colcon_core.package_identification:_identify(src/logs/da_eval) by extension 'ignore'
[0.470s] Level 1:colcon.colcon_core.package_identification:_identify(src/logs/da_eval) by extension 'ignore_ament_install'
[0.470s] Level 1:colcon.colcon_core.package_identification:_identify(src/logs/da_eval) by extensions ['colcon_pkg']
[0.470s] Level 1:colcon.colcon_core.package_identification:_identify(src/logs/da_eval) by extension 'colcon_pkg'
[0.470s] Level 1:colcon.colcon_core.package_identification:_identify(src/logs/da_eval) by extensions ['colcon_meta']
[0.470s] Level 1:colcon.colcon_core.package_identification:_identify(src/logs/da_eval) by extension 'colcon_meta'
[0.470s] Level 1:colcon.colcon_core.package_identification:_identify(src/logs/da_eval) by extensions ['ros']
[0.470s] Level 1:colcon.colcon_core.package_identification:_identify(src/logs/da_eval) by extension 'ros'
[0.470s] Level 1:colcon.colcon_core.package_identification:_identify(src/logs/da_eval) by extensions ['cmake', 'python']
[0.470s] Level 1:colcon.colcon_core.package_identification:_identify(src/logs/da_eval) by extension 'cmake'
[0.470s] Level 1:colcon.colcon_core.package_identification:_identify(src/logs/da_eval) by extension 'python'
[0.470s] Level 1:colcon.colcon_core.package_identification:_identify(src/logs/da_eval) by extensions ['python_setup_py']
[0.470s] Level 1:colcon.colcon_core.package_identification:_identify(src/logs/da_eval) by extension 'python_setup_py'
[0.470s] Level 1:colcon.colcon_core.package_identification:_identify(src/logs/da_eval/20251002_133726) by extensions ['ignore', 'ignore_ament_install']
[0.470s] Level 1:colcon.colcon_core.package_identification:_identify(src/logs/da_eval/20251002_133726) by extension 'ignore'
[0.470s] Level 1:colcon.colcon_core.package_identification:_identify(src/logs/da_eval/20251002_133726) by extension 'ignore_ament_install'
[0.470s] Level 1:colcon.colcon_core.package_identification:_identify(src/logs/da_eval/20251002_133726) by extensions ['colcon_pkg']
[0.470s] Level 1:colcon.colcon_core.package_identification:_identify(src/logs/da_eval/20251002_133726) by extension 'colcon_pkg'
[0.470s] Level 1:colcon.colcon_core.package_identification:_identify(src/logs/da_eval/20251002_133726) by extensions ['colcon_meta']
[0.470s] Level 1:colcon.colcon_core.package_identification:_identify(src/logs/da_eval/20251002_133726) by extension 'colcon_meta'
[0.470s] Level 1:colcon.colcon_core.package_identification:_identify(src/logs/da_eval/20251002_133726) by extensions ['ros']
[0.470s] Level 1:colcon.colcon_core.package_identification:_identify(src/logs/da_eval/20251002_133726) by extension 'ros'
[0.470s] Level 1:colcon.colcon_core.package_identification:_identify(src/logs/da_eval/20251002_133726) by extensions ['cmake', 'python']
[0.470s] Level 1:colcon.colcon_core.package_identification:_identify(src/logs/da_eval/20251002_133726) by extension 'cmake'
[0.470s] Level 1:colcon.colcon_core.package_identification:_identify(src/logs/da_eval/20251002_133726) by extension 'python'
[0.470s] Level 1:colcon.colcon_core.package_identification:_identify(src/logs/da_eval/20251002_133726) by extensions ['python_setup_py']
[0.470s] Level 1:colcon.colcon_core.package_identification:_identify(src/logs/da_eval/20251002_133726) by extension 'python_setup_py'
[0.470s] Level 1:colcon.colcon_core.package_identification:_identify(src/logs/da_eval/20251002_133726/algo=ijcbb) by extensions ['ignore', 'ignore_ament_install']
[0.470s] Level 1:colcon.colcon_core.package_identification:_identify(src/logs/da_eval/20251002_133726/algo=ijcbb) by extension 'ignore'
[0.470s] Level 1:colcon.colcon_core.package_identification:_identify(src/logs/da_eval/20251002_133726/algo=ijcbb) by extension 'ignore_ament_install'
[0.470s] Level 1:colcon.colcon_core.package_identification:_identify(src/logs/da_eval/20251002_133726/algo=ijcbb) by extensions ['colcon_pkg']
[0.470s] Level 1:colcon.colcon_core.package_identification:_identify(src/logs/da_eval/20251002_133726/algo=ijcbb) by extension 'colcon_pkg'
[0.470s] Level 1:colcon.colcon_core.package_identification:_identify(src/logs/da_eval/20251002_133726/algo=ijcbb) by extensions ['colcon_meta']
[0.470s] Level 1:colcon.colcon_core.package_identification:_identify(src/logs/da_eval/20251002_133726/algo=ijcbb) by extension 'colcon_meta'
[0.470s] Level 1:colcon.colcon_core.package_identification:_identify(src/logs/da_eval/20251002_133726/algo=ijcbb) by extensions ['ros']
[0.470s] Level 1:colcon.colcon_core.package_identification:_identify(src/logs/da_eval/20251002_133726/algo=ijcbb) by extension 'ros'
[0.470s] Level 1:colcon.colcon_core.package_identification:_identify(src/logs/da_eval/20251002_133726/algo=ijcbb) by extensions ['cmake', 'python']
[0.470s] Level 1:colcon.colcon_core.package_identification:_identify(src/logs/da_eval/20251002_133726/algo=ijcbb) by extension 'cmake'
[0.470s] Level 1:colcon.colcon_core.package_identification:_identify(src/logs/da_eval/20251002_133726/algo=ijcbb) by extension 'python'
[0.470s] Level 1:colcon.colcon_core.package_identification:_identify(src/logs/da_eval/20251002_133726/algo=ijcbb) by extensions ['python_setup_py']
[0.470s] Level 1:colcon.colcon_core.package_identification:_identify(src/logs/da_eval/20251002_133726/algo=ijcbb) by extension 'python_setup_py'
[0.471s] Level 1:colcon.colcon_core.package_identification:_identify(src/logs/da_eval/20251002_135319) by extensions ['ignore', 'ignore_ament_install']
[0.471s] Level 1:colcon.colcon_core.package_identification:_identify(src/logs/da_eval/20251002_135319) by extension 'ignore'
[0.471s] Level 1:colcon.colcon_core.package_identification:_identify(src/logs/da_eval/20251002_135319) by extension 'ignore_ament_install'
[0.471s] Level 1:colcon.colcon_core.package_identification:_identify(src/logs/da_eval/20251002_135319) by extensions ['colcon_pkg']
[0.471s] Level 1:colcon.colcon_core.package_identification:_identify(src/logs/da_eval/20251002_135319) by extension 'colcon_pkg'
[0.471s] Level 1:colcon.colcon_core.package_identification:_identify(src/logs/da_eval/20251002_135319) by extensions ['colcon_meta']
[0.471s] Level 1:colcon.colcon_core.package_identification:_identify(src/logs/da_eval/20251002_135319) by extension 'colcon_meta'
[0.471s] Level 1:colcon.colcon_core.package_identification:_identify(src/logs/da_eval/20251002_135319) by extensions ['ros']
[0.471s] Level 1:colcon.colcon_core.package_identification:_identify(src/logs/da_eval/20251002_135319) by extension 'ros'
[0.471s] Level 1:colcon.colcon_core.package_identification:_identify(src/logs/da_eval/20251002_135319) by extensions ['cmake', 'python']
[0.471s] Level 1:colcon.colcon_core.package_identification:_identify(src/logs/da_eval/20251002_135319) by extension 'cmake'
[0.471s] Level 1:colcon.colcon_core.package_identification:_identify(src/logs/da_eval/20251002_135319) by extension 'python'
[0.471s] Level 1:colcon.colcon_core.package_identification:_identify(src/logs/da_eval/20251002_135319) by extensions ['python_setup_py']
[0.471s] Level 1:colcon.colcon_core.package_identification:_identify(src/logs/da_eval/20251002_135319) by extension 'python_setup_py'
[0.471s] Level 1:colcon.colcon_core.package_identification:_identify(src/logs/da_eval/20251002_135319/algo=ijcbb) by extensions ['ignore', 'ignore_ament_install']
[0.471s] Level 1:colcon.colcon_core.package_identification:_identify(src/logs/da_eval/20251002_135319/algo=ijcbb) by extension 'ignore'
[0.471s] Level 1:colcon.colcon_core.package_identification:_identify(src/logs/da_eval/20251002_135319/algo=ijcbb) by extension 'ignore_ament_install'
[0.471s] Level 1:colcon.colcon_core.package_identification:_identify(src/logs/da_eval/20251002_135319/algo=ijcbb) by extensions ['colcon_pkg']
[0.471s] Level 1:colcon.colcon_core.package_identification:_identify(src/logs/da_eval/20251002_135319/algo=ijcbb) by extension 'colcon_pkg'
[0.471s] Level 1:colcon.colcon_core.package_identification:_identify(src/logs/da_eval/20251002_135319/algo=ijcbb) by extensions ['colcon_meta']
[0.471s] Level 1:colcon.colcon_core.package_identification:_identify(src/logs/da_eval/20251002_135319/algo=ijcbb) by extension 'colcon_meta'
[0.471s] Level 1:colcon.colcon_core.package_identification:_identify(src/logs/da_eval/20251002_135319/algo=ijcbb) by extensions ['ros']
[0.471s] Level 1:colcon.colcon_core.package_identification:_identify(src/logs/da_eval/20251002_135319/algo=ijcbb) by extension 'ros'
[0.471s] Level 1:colcon.colcon_core.package_identification:_identify(src/logs/da_eval/20251002_135319/algo=ijcbb) by extensions ['cmake', 'python']
[0.471s] Level 1:colcon.colcon_core.package_identification:_identify(src/logs/da_eval/20251002_135319/algo=ijcbb) by extension 'cmake'
[0.471s] Level 1:colcon.colcon_core.package_identification:_identify(src/logs/da_eval/20251002_135319/algo=ijcbb) by extension 'python'
[0.471s] Level 1:colcon.colcon_core.package_identification:_identify(src/logs/da_eval/20251002_135319/algo=ijcbb) by extensions ['python_setup_py']
[0.471s] Level 1:colcon.colcon_core.package_identification:_identify(src/logs/da_eval/20251002_135319/algo=ijcbb) by extension 'python_setup_py'
[0.471s] Level 1:colcon.colcon_core.package_identification:_identify(src/logs/fslam) by extensions ['ignore', 'ignore_ament_install']
[0.471s] Level 1:colcon.colcon_core.package_identification:_identify(src/logs/fslam) by extension 'ignore'
[0.471s] Level 1:colcon.colcon_core.package_identification:_identify(src/logs/fslam) by extension 'ignore_ament_install'
[0.471s] Level 1:colcon.colcon_core.package_identification:_identify(src/logs/fslam) by extensions ['colcon_pkg']
[0.471s] Level 1:colcon.colcon_core.package_identification:_identify(src/logs/fslam) by extension 'colcon_pkg'
[0.471s] Level 1:colcon.colcon_core.package_identification:_identify(src/logs/fslam) by extensions ['colcon_meta']
[0.471s] Level 1:colcon.colcon_core.package_identification:_identify(src/logs/fslam) by extension 'colcon_meta'
[0.471s] Level 1:colcon.colcon_core.package_identification:_identify(src/logs/fslam) by extensions ['ros']
[0.471s] Level 1:colcon.colcon_core.package_identification:_identify(src/logs/fslam) by extension 'ros'
[0.471s] Level 1:colcon.colcon_core.package_identification:_identify(src/logs/fslam) by extensions ['cmake', 'python']
[0.471s] Level 1:colcon.colcon_core.package_identification:_identify(src/logs/fslam) by extension 'cmake'
[0.471s] Level 1:colcon.colcon_core.package_identification:_identify(src/logs/fslam) by extension 'python'
[0.471s] Level 1:colcon.colcon_core.package_identification:_identify(src/logs/fslam) by extensions ['python_setup_py']
[0.471s] Level 1:colcon.colcon_core.package_identification:_identify(src/logs/fslam) by extension 'python_setup_py'
[0.472s] Level 1:colcon.colcon_core.package_identification:_identify(src/logs/fslam/20250928_185633) by extensions ['ignore', 'ignore_ament_install']
[0.472s] Level 1:colcon.colcon_core.package_identification:_identify(src/logs/fslam/20250928_185633) by extension 'ignore'
[0.472s] Level 1:colcon.colcon_core.package_identification:_identify(src/logs/fslam/20250928_185633) by extension 'ignore_ament_install'
[0.472s] Level 1:colcon.colcon_core.package_identification:_identify(src/logs/fslam/20250928_185633) by extensions ['colcon_pkg']
[0.472s] Level 1:colcon.colcon_core.package_identification:_identify(src/logs/fslam/20250928_185633) by extension 'colcon_pkg'
[0.472s] Level 1:colcon.colcon_core.package_identification:_identify(src/logs/fslam/20250928_185633) by extensions ['colcon_meta']
[0.472s] Level 1:colcon.colcon_core.package_identification:_identify(src/logs/fslam/20250928_185633) by extension 'colcon_meta'
[0.472s] Level 1:colcon.colcon_core.package_identification:_identify(src/logs/fslam/20250928_185633) by extensions ['ros']
[0.472s] Level 1:colcon.colcon_core.package_identification:_identify(src/logs/fslam/20250928_185633) by extension 'ros'
[0.472s] Level 1:colcon.colcon_core.package_identification:_identify(src/logs/fslam/20250928_185633) by extensions ['cmake', 'python']
[0.472s] Level 1:colcon.colcon_core.package_identification:_identify(src/logs/fslam/20250928_185633) by extension 'cmake'
[0.472s] Level 1:colcon.colcon_core.package_identification:_identify(src/logs/fslam/20250928_185633) by extension 'python'
[0.472s] Level 1:colcon.colcon_core.package_identification:_identify(src/logs/fslam/20250928_185633) by extensions ['python_setup_py']
[0.472s] Level 1:colcon.colcon_core.package_identification:_identify(src/logs/fslam/20250928_185633) by extension 'python_setup_py'
[0.472s] Level 1:colcon.colcon_core.package_identification:_identify(src/logs/fslam/20250928_190431) by extensions ['ignore', 'ignore_ament_install']
[0.472s] Level 1:colcon.colcon_core.package_identification:_identify(src/logs/fslam/20250928_190431) by extension 'ignore'
[0.472s] Level 1:colcon.colcon_core.package_identification:_identify(src/logs/fslam/20250928_190431) by extension 'ignore_ament_install'
[0.472s] Level 1:colcon.colcon_core.package_identification:_identify(src/logs/fslam/20250928_190431) by extensions ['colcon_pkg']
[0.472s] Level 1:colcon.colcon_core.package_identification:_identify(src/logs/fslam/20250928_190431) by extension 'colcon_pkg'
[0.472s] Level 1:colcon.colcon_core.package_identification:_identify(src/logs/fslam/20250928_190431) by extensions ['colcon_meta']
[0.472s] Level 1:colcon.colcon_core.package_identification:_identify(src/logs/fslam/20250928_190431) by extension 'colcon_meta'
[0.472s] Level 1:colcon.colcon_core.package_identification:_identify(src/logs/fslam/20250928_190431) by extensions ['ros']
[0.472s] Level 1:colcon.colcon_core.package_identification:_identify(src/logs/fslam/20250928_190431) by extension 'ros'
[0.472s] Level 1:colcon.colcon_core.package_identification:_identify(src/logs/fslam/20250928_190431) by extensions ['cmake', 'python']
[0.472s] Level 1:colcon.colcon_core.package_identification:_identify(src/logs/fslam/20250928_190431) by extension 'cmake'
[0.472s] Level 1:colcon.colcon_core.package_identification:_identify(src/logs/fslam/20250928_190431) by extension 'python'
[0.472s] Level 1:colcon.colcon_core.package_identification:_identify(src/logs/fslam/20250928_190431) by extensions ['python_setup_py']
[0.472s] Level 1:colcon.colcon_core.package_identification:_identify(src/logs/fslam/20250928_190431) by extension 'python_setup_py'
[0.472s] Level 1:colcon.colcon_core.package_identification:_identify(src/logs/fslam/20250928_204207) by extensions ['ignore', 'ignore_ament_install']
[0.472s] Level 1:colcon.colcon_core.package_identification:_identify(src/logs/fslam/20250928_204207) by extension 'ignore'
[0.472s] Level 1:colcon.colcon_core.package_identification:_identify(src/logs/fslam/20250928_204207) by extension 'ignore_ament_install'
[0.472s] Level 1:colcon.colcon_core.package_identification:_identify(src/logs/fslam/20250928_204207) by extensions ['colcon_pkg']
[0.472s] Level 1:colcon.colcon_core.package_identification:_identify(src/logs/fslam/20250928_204207) by extension 'colcon_pkg'
[0.472s] Level 1:colcon.colcon_core.package_identification:_identify(src/logs/fslam/20250928_204207) by extensions ['colcon_meta']
[0.472s] Level 1:colcon.colcon_core.package_identification:_identify(src/logs/fslam/20250928_204207) by extension 'colcon_meta'
[0.472s] Level 1:colcon.colcon_core.package_identification:_identify(src/logs/fslam/20250928_204207) by extensions ['ros']
[0.472s] Level 1:colcon.colcon_core.package_identification:_identify(src/logs/fslam/20250928_204207) by extension 'ros'
[0.472s] Level 1:colcon.colcon_core.package_identification:_identify(src/logs/fslam/20250928_204207) by extensions ['cmake', 'python']
[0.472s] Level 1:colcon.colcon_core.package_identification:_identify(src/logs/fslam/20250928_204207) by extension 'cmake'
[0.472s] Level 1:colcon.colcon_core.package_identification:_identify(src/logs/fslam/20250928_204207) by extension 'python'
[0.472s] Level 1:colcon.colcon_core.package_identification:_identify(src/logs/fslam/20250928_204207) by extensions ['python_setup_py']
[0.472s] Level 1:colcon.colcon_core.package_identification:_identify(src/logs/fslam/20250928_204207) by extension 'python_setup_py'
[0.472s] Level 1:colcon.colcon_core.package_identification:_identify(src/logs/fslam/20250928_223447) by extensions ['ignore', 'ignore_ament_install']
[0.472s] Level 1:colcon.colcon_core.package_identification:_identify(src/logs/fslam/20250928_223447) by extension 'ignore'
[0.472s] Level 1:colcon.colcon_core.package_identification:_identify(src/logs/fslam/20250928_223447) by extension 'ignore_ament_install'
[0.473s] Level 1:colcon.colcon_core.package_identification:_identify(src/logs/fslam/20250928_223447) by extensions ['colcon_pkg']
[0.473s] Level 1:colcon.colcon_core.package_identification:_identify(src/logs/fslam/20250928_223447) by extension 'colcon_pkg'
[0.473s] Level 1:colcon.colcon_core.package_identification:_identify(src/logs/fslam/20250928_223447) by extensions ['colcon_meta']
[0.473s] Level 1:colcon.colcon_core.package_identification:_identify(src/logs/fslam/20250928_223447) by extension 'colcon_meta'
[0.473s] Level 1:colcon.colcon_core.package_identification:_identify(src/logs/fslam/20250928_223447) by extensions ['ros']
[0.473s] Level 1:colcon.colcon_core.package_identification:_identify(src/logs/fslam/20250928_223447) by extension 'ros'
[0.473s] Level 1:colcon.colcon_core.package_identification:_identify(src/logs/fslam/20250928_223447) by extensions ['cmake', 'python']
[0.473s] Level 1:colcon.colcon_core.package_identification:_identify(src/logs/fslam/20250928_223447) by extension 'cmake'
[0.473s] Level 1:colcon.colcon_core.package_identification:_identify(src/logs/fslam/20250928_223447) by extension 'python'
[0.473s] Level 1:colcon.colcon_core.package_identification:_identify(src/logs/fslam/20250928_223447) by extensions ['python_setup_py']
[0.473s] Level 1:colcon.colcon_core.package_identification:_identify(src/logs/fslam/20250928_223447) by extension 'python_setup_py'
[0.473s] Level 1:colcon.colcon_core.package_identification:_identify(src/logs/fslam/20250928_223900) by extensions ['ignore', 'ignore_ament_install']
[0.473s] Level 1:colcon.colcon_core.package_identification:_identify(src/logs/fslam/20250928_223900) by extension 'ignore'
[0.473s] Level 1:colcon.colcon_core.package_identification:_identify(src/logs/fslam/20250928_223900) by extension 'ignore_ament_install'
[0.473s] Level 1:colcon.colcon_core.package_identification:_identify(src/logs/fslam/20250928_223900) by extensions ['colcon_pkg']
[0.473s] Level 1:colcon.colcon_core.package_identification:_identify(src/logs/fslam/20250928_223900) by extension 'colcon_pkg'
[0.473s] Level 1:colcon.colcon_core.package_identification:_identify(src/logs/fslam/20250928_223900) by extensions ['colcon_meta']
[0.473s] Level 1:colcon.colcon_core.package_identification:_identify(src/logs/fslam/20250928_223900) by extension 'colcon_meta'
[0.473s] Level 1:colcon.colcon_core.package_identification:_identify(src/logs/fslam/20250928_223900) by extensions ['ros']
[0.473s] Level 1:colcon.colcon_core.package_identification:_identify(src/logs/fslam/20250928_223900) by extension 'ros'
[0.473s] Level 1:colcon.colcon_core.package_identification:_identify(src/logs/fslam/20250928_223900) by extensions ['cmake', 'python']
[0.473s] Level 1:colcon.colcon_core.package_identification:_identify(src/logs/fslam/20250928_223900) by extension 'cmake'
[0.473s] Level 1:colcon.colcon_core.package_identification:_identify(src/logs/fslam/20250928_223900) by extension 'python'
[0.473s] Level 1:colcon.colcon_core.package_identification:_identify(src/logs/fslam/20250928_223900) by extensions ['python_setup_py']
[0.473s] Level 1:colcon.colcon_core.package_identification:_identify(src/logs/fslam/20250928_223900) by extension 'python_setup_py'
[0.473s] Level 1:colcon.colcon_core.package_identification:_identify(src/logs/fslam/20250928_225509) by extensions ['ignore', 'ignore_ament_install']
[0.473s] Level 1:colcon.colcon_core.package_identification:_identify(src/logs/fslam/20250928_225509) by extension 'ignore'
[0.473s] Level 1:colcon.colcon_core.package_identification:_identify(src/logs/fslam/20250928_225509) by extension 'ignore_ament_install'
[0.473s] Level 1:colcon.colcon_core.package_identification:_identify(src/logs/fslam/20250928_225509) by extensions ['colcon_pkg']
[0.473s] Level 1:colcon.colcon_core.package_identification:_identify(src/logs/fslam/20250928_225509) by extension 'colcon_pkg'
[0.473s] Level 1:colcon.colcon_core.package_identification:_identify(src/logs/fslam/20250928_225509) by extensions ['colcon_meta']
[0.473s] Level 1:colcon.colcon_core.package_identification:_identify(src/logs/fslam/20250928_225509) by extension 'colcon_meta'
[0.473s] Level 1:colcon.colcon_core.package_identification:_identify(src/logs/fslam/20250928_225509) by extensions ['ros']
[0.473s] Level 1:colcon.colcon_core.package_identification:_identify(src/logs/fslam/20250928_225509) by extension 'ros'
[0.473s] Level 1:colcon.colcon_core.package_identification:_identify(src/logs/fslam/20250928_225509) by extensions ['cmake', 'python']
[0.473s] Level 1:colcon.colcon_core.package_identification:_identify(src/logs/fslam/20250928_225509) by extension 'cmake'
[0.473s] Level 1:colcon.colcon_core.package_identification:_identify(src/logs/fslam/20250928_225509) by extension 'python'
[0.473s] Level 1:colcon.colcon_core.package_identification:_identify(src/logs/fslam/20250928_225509) by extensions ['python_setup_py']
[0.473s] Level 1:colcon.colcon_core.package_identification:_identify(src/logs/fslam/20250928_225509) by extension 'python_setup_py'
[0.473s] Level 1:colcon.colcon_core.package_identification:_identify(src/logs/fslam/20250928_230105) by extensions ['ignore', 'ignore_ament_install']
[0.473s] Level 1:colcon.colcon_core.package_identification:_identify(src/logs/fslam/20250928_230105) by extension 'ignore'
[0.473s] Level 1:colcon.colcon_core.package_identification:_identify(src/logs/fslam/20250928_230105) by extension 'ignore_ament_install'
[0.473s] Level 1:colcon.colcon_core.package_identification:_identify(src/logs/fslam/20250928_230105) by extensions ['colcon_pkg']
[0.473s] Level 1:colcon.colcon_core.package_identification:_identify(src/logs/fslam/20250928_230105) by extension 'colcon_pkg'
[0.473s] Level 1:colcon.colcon_core.package_identification:_identify(src/logs/fslam/20250928_230105) by extensions ['colcon_meta']
[0.473s] Level 1:colcon.colcon_core.package_identification:_identify(src/logs/fslam/20250928_230105) by extension 'colcon_meta'
[0.473s] Level 1:colcon.colcon_core.package_identification:_identify(src/logs/fslam/20250928_230105) by extensions ['ros']
[0.474s] Level 1:colcon.colcon_core.package_identification:_identify(src/logs/fslam/20250928_230105) by extension 'ros'
[0.474s] Level 1:colcon.colcon_core.package_identification:_identify(src/logs/fslam/20250928_230105) by extensions ['cmake', 'python']
[0.474s] Level 1:colcon.colcon_core.package_identification:_identify(src/logs/fslam/20250928_230105) by extension 'cmake'
[0.474s] Level 1:colcon.colcon_core.package_identification:_identify(src/logs/fslam/20250928_230105) by extension 'python'
[0.474s] Level 1:colcon.colcon_core.package_identification:_identify(src/logs/fslam/20250928_230105) by extensions ['python_setup_py']
[0.474s] Level 1:colcon.colcon_core.package_identification:_identify(src/logs/fslam/20250928_230105) by extension 'python_setup_py'
[0.474s] Level 1:colcon.colcon_core.package_identification:_identify(src/logs/fslam/20250928_231004) by extensions ['ignore', 'ignore_ament_install']
[0.474s] Level 1:colcon.colcon_core.package_identification:_identify(src/logs/fslam/20250928_231004) by extension 'ignore'
[0.474s] Level 1:colcon.colcon_core.package_identification:_identify(src/logs/fslam/20250928_231004) by extension 'ignore_ament_install'
[0.474s] Level 1:colcon.colcon_core.package_identification:_identify(src/logs/fslam/20250928_231004) by extensions ['colcon_pkg']
[0.474s] Level 1:colcon.colcon_core.package_identification:_identify(src/logs/fslam/20250928_231004) by extension 'colcon_pkg'
[0.474s] Level 1:colcon.colcon_core.package_identification:_identify(src/logs/fslam/20250928_231004) by extensions ['colcon_meta']
[0.474s] Level 1:colcon.colcon_core.package_identification:_identify(src/logs/fslam/20250928_231004) by extension 'colcon_meta'
[0.474s] Level 1:colcon.colcon_core.package_identification:_identify(src/logs/fslam/20250928_231004) by extensions ['ros']
[0.474s] Level 1:colcon.colcon_core.package_identification:_identify(src/logs/fslam/20250928_231004) by extension 'ros'
[0.474s] Level 1:colcon.colcon_core.package_identification:_identify(src/logs/fslam/20250928_231004) by extensions ['cmake', 'python']
[0.474s] Level 1:colcon.colcon_core.package_identification:_identify(src/logs/fslam/20250928_231004) by extension 'cmake'
[0.474s] Level 1:colcon.colcon_core.package_identification:_identify(src/logs/fslam/20250928_231004) by extension 'python'
[0.474s] Level 1:colcon.colcon_core.package_identification:_identify(src/logs/fslam/20250928_231004) by extensions ['python_setup_py']
[0.474s] Level 1:colcon.colcon_core.package_identification:_identify(src/logs/fslam/20250928_231004) by extension 'python_setup_py'
[0.474s] Level 1:colcon.colcon_core.package_identification:_identify(src/logs/fslam/20250928_232231) by extensions ['ignore', 'ignore_ament_install']
[0.474s] Level 1:colcon.colcon_core.package_identification:_identify(src/logs/fslam/20250928_232231) by extension 'ignore'
[0.474s] Level 1:colcon.colcon_core.package_identification:_identify(src/logs/fslam/20250928_232231) by extension 'ignore_ament_install'
[0.474s] Level 1:colcon.colcon_core.package_identification:_identify(src/logs/fslam/20250928_232231) by extensions ['colcon_pkg']
[0.474s] Level 1:colcon.colcon_core.package_identification:_identify(src/logs/fslam/20250928_232231) by extension 'colcon_pkg'
[0.474s] Level 1:colcon.colcon_core.package_identification:_identify(src/logs/fslam/20250928_232231) by extensions ['colcon_meta']
[0.474s] Level 1:colcon.colcon_core.package_identification:_identify(src/logs/fslam/20250928_232231) by extension 'colcon_meta'
[0.474s] Level 1:colcon.colcon_core.package_identification:_identify(src/logs/fslam/20250928_232231) by extensions ['ros']
[0.474s] Level 1:colcon.colcon_core.package_identification:_identify(src/logs/fslam/20250928_232231) by extension 'ros'
[0.474s] Level 1:colcon.colcon_core.package_identification:_identify(src/logs/fslam/20250928_232231) by extensions ['cmake', 'python']
[0.474s] Level 1:colcon.colcon_core.package_identification:_identify(src/logs/fslam/20250928_232231) by extension 'cmake'
[0.474s] Level 1:colcon.colcon_core.package_identification:_identify(src/logs/fslam/20250928_232231) by extension 'python'
[0.474s] Level 1:colcon.colcon_core.package_identification:_identify(src/logs/fslam/20250928_232231) by extensions ['python_setup_py']
[0.474s] Level 1:colcon.colcon_core.package_identification:_identify(src/logs/fslam/20250928_232231) by extension 'python_setup_py'
[0.474s] Level 1:colcon.colcon_core.package_identification:_identify(src/logs/fslam/20250928_232436) by extensions ['ignore', 'ignore_ament_install']
[0.474s] Level 1:colcon.colcon_core.package_identification:_identify(src/logs/fslam/20250928_232436) by extension 'ignore'
[0.474s] Level 1:colcon.colcon_core.package_identification:_identify(src/logs/fslam/20250928_232436) by extension 'ignore_ament_install'
[0.474s] Level 1:colcon.colcon_core.package_identification:_identify(src/logs/fslam/20250928_232436) by extensions ['colcon_pkg']
[0.474s] Level 1:colcon.colcon_core.package_identification:_identify(src/logs/fslam/20250928_232436) by extension 'colcon_pkg'
[0.474s] Level 1:colcon.colcon_core.package_identification:_identify(src/logs/fslam/20250928_232436) by extensions ['colcon_meta']
[0.474s] Level 1:colcon.colcon_core.package_identification:_identify(src/logs/fslam/20250928_232436) by extension 'colcon_meta'
[0.474s] Level 1:colcon.colcon_core.package_identification:_identify(src/logs/fslam/20250928_232436) by extensions ['ros']
[0.474s] Level 1:colcon.colcon_core.package_identification:_identify(src/logs/fslam/20250928_232436) by extension 'ros'
[0.474s] Level 1:colcon.colcon_core.package_identification:_identify(src/logs/fslam/20250928_232436) by extensions ['cmake', 'python']
[0.474s] Level 1:colcon.colcon_core.package_identification:_identify(src/logs/fslam/20250928_232436) by extension 'cmake'
[0.474s] Level 1:colcon.colcon_core.package_identification:_identify(src/logs/fslam/20250928_232436) by extension 'python'
[0.475s] Level 1:colcon.colcon_core.package_identification:_identify(src/logs/fslam/20250928_232436) by extensions ['python_setup_py']
[0.475s] Level 1:colcon.colcon_core.package_identification:_identify(src/logs/fslam/20250928_232436) by extension 'python_setup_py'
[0.475s] Level 1:colcon.colcon_core.package_identification:_identify(src/logs/fslam/20250928_232718) by extensions ['ignore', 'ignore_ament_install']
[0.475s] Level 1:colcon.colcon_core.package_identification:_identify(src/logs/fslam/20250928_232718) by extension 'ignore'
[0.475s] Level 1:colcon.colcon_core.package_identification:_identify(src/logs/fslam/20250928_232718) by extension 'ignore_ament_install'
[0.475s] Level 1:colcon.colcon_core.package_identification:_identify(src/logs/fslam/20250928_232718) by extensions ['colcon_pkg']
[0.475s] Level 1:colcon.colcon_core.package_identification:_identify(src/logs/fslam/20250928_232718) by extension 'colcon_pkg'
[0.475s] Level 1:colcon.colcon_core.package_identification:_identify(src/logs/fslam/20250928_232718) by extensions ['colcon_meta']
[0.475s] Level 1:colcon.colcon_core.package_identification:_identify(src/logs/fslam/20250928_232718) by extension 'colcon_meta'
[0.475s] Level 1:colcon.colcon_core.package_identification:_identify(src/logs/fslam/20250928_232718) by extensions ['ros']
[0.475s] Level 1:colcon.colcon_core.package_identification:_identify(src/logs/fslam/20250928_232718) by extension 'ros'
[0.475s] Level 1:colcon.colcon_core.package_identification:_identify(src/logs/fslam/20250928_232718) by extensions ['cmake', 'python']
[0.475s] Level 1:colcon.colcon_core.package_identification:_identify(src/logs/fslam/20250928_232718) by extension 'cmake'
[0.475s] Level 1:colcon.colcon_core.package_identification:_identify(src/logs/fslam/20250928_232718) by extension 'python'
[0.475s] Level 1:colcon.colcon_core.package_identification:_identify(src/logs/fslam/20250928_232718) by extensions ['python_setup_py']
[0.475s] Level 1:colcon.colcon_core.package_identification:_identify(src/logs/fslam/20250928_232718) by extension 'python_setup_py'
[0.475s] Level 1:colcon.colcon_core.package_identification:_identify(src/logs/fslam/20250928_232755) by extensions ['ignore', 'ignore_ament_install']
[0.475s] Level 1:colcon.colcon_core.package_identification:_identify(src/logs/fslam/20250928_232755) by extension 'ignore'
[0.475s] Level 1:colcon.colcon_core.package_identification:_identify(src/logs/fslam/20250928_232755) by extension 'ignore_ament_install'
[0.475s] Level 1:colcon.colcon_core.package_identification:_identify(src/logs/fslam/20250928_232755) by extensions ['colcon_pkg']
[0.475s] Level 1:colcon.colcon_core.package_identification:_identify(src/logs/fslam/20250928_232755) by extension 'colcon_pkg'
[0.475s] Level 1:colcon.colcon_core.package_identification:_identify(src/logs/fslam/20250928_232755) by extensions ['colcon_meta']
[0.475s] Level 1:colcon.colcon_core.package_identification:_identify(src/logs/fslam/20250928_232755) by extension 'colcon_meta'
[0.475s] Level 1:colcon.colcon_core.package_identification:_identify(src/logs/fslam/20250928_232755) by extensions ['ros']
[0.475s] Level 1:colcon.colcon_core.package_identification:_identify(src/logs/fslam/20250928_232755) by extension 'ros'
[0.475s] Level 1:colcon.colcon_core.package_identification:_identify(src/logs/fslam/20250928_232755) by extensions ['cmake', 'python']
[0.475s] Level 1:colcon.colcon_core.package_identification:_identify(src/logs/fslam/20250928_232755) by extension 'cmake'
[0.475s] Level 1:colcon.colcon_core.package_identification:_identify(src/logs/fslam/20250928_232755) by extension 'python'
[0.475s] Level 1:colcon.colcon_core.package_identification:_identify(src/logs/fslam/20250928_232755) by extensions ['python_setup_py']
[0.475s] Level 1:colcon.colcon_core.package_identification:_identify(src/logs/fslam/20250928_232755) by extension 'python_setup_py'
[0.475s] Level 1:colcon.colcon_core.package_identification:_identify(src/logs/fslam/20250928_232911) by extensions ['ignore', 'ignore_ament_install']
[0.475s] Level 1:colcon.colcon_core.package_identification:_identify(src/logs/fslam/20250928_232911) by extension 'ignore'
[0.475s] Level 1:colcon.colcon_core.package_identification:_identify(src/logs/fslam/20250928_232911) by extension 'ignore_ament_install'
[0.475s] Level 1:colcon.colcon_core.package_identification:_identify(src/logs/fslam/20250928_232911) by extensions ['colcon_pkg']
[0.475s] Level 1:colcon.colcon_core.package_identification:_identify(src/logs/fslam/20250928_232911) by extension 'colcon_pkg'
[0.475s] Level 1:colcon.colcon_core.package_identification:_identify(src/logs/fslam/20250928_232911) by extensions ['colcon_meta']
[0.475s] Level 1:colcon.colcon_core.package_identification:_identify(src/logs/fslam/20250928_232911) by extension 'colcon_meta'
[0.475s] Level 1:colcon.colcon_core.package_identification:_identify(src/logs/fslam/20250928_232911) by extensions ['ros']
[0.475s] Level 1:colcon.colcon_core.package_identification:_identify(src/logs/fslam/20250928_232911) by extension 'ros'
[0.475s] Level 1:colcon.colcon_core.package_identification:_identify(src/logs/fslam/20250928_232911) by extensions ['cmake', 'python']
[0.475s] Level 1:colcon.colcon_core.package_identification:_identify(src/logs/fslam/20250928_232911) by extension 'cmake'
[0.475s] Level 1:colcon.colcon_core.package_identification:_identify(src/logs/fslam/20250928_232911) by extension 'python'
[0.475s] Level 1:colcon.colcon_core.package_identification:_identify(src/logs/fslam/20250928_232911) by extensions ['python_setup_py']
[0.475s] Level 1:colcon.colcon_core.package_identification:_identify(src/logs/fslam/20250928_232911) by extension 'python_setup_py'
[0.475s] Level 1:colcon.colcon_core.package_identification:_identify(src/logs/fslam/20250928_232946) by extensions ['ignore', 'ignore_ament_install']
[0.476s] Level 1:colcon.colcon_core.package_identification:_identify(src/logs/fslam/20250928_232946) by extension 'ignore'
[0.476s] Level 1:colcon.colcon_core.package_identification:_identify(src/logs/fslam/20250928_232946) by extension 'ignore_ament_install'
[0.476s] Level 1:colcon.colcon_core.package_identification:_identify(src/logs/fslam/20250928_232946) by extensions ['colcon_pkg']
[0.476s] Level 1:colcon.colcon_core.package_identification:_identify(src/logs/fslam/20250928_232946) by extension 'colcon_pkg'
[0.476s] Level 1:colcon.colcon_core.package_identification:_identify(src/logs/fslam/20250928_232946) by extensions ['colcon_meta']
[0.476s] Level 1:colcon.colcon_core.package_identification:_identify(src/logs/fslam/20250928_232946) by extension 'colcon_meta'
[0.476s] Level 1:colcon.colcon_core.package_identification:_identify(src/logs/fslam/20250928_232946) by extensions ['ros']
[0.476s] Level 1:colcon.colcon_core.package_identification:_identify(src/logs/fslam/20250928_232946) by extension 'ros'
[0.476s] Level 1:colcon.colcon_core.package_identification:_identify(src/logs/fslam/20250928_232946) by extensions ['cmake', 'python']
[0.476s] Level 1:colcon.colcon_core.package_identification:_identify(src/logs/fslam/20250928_232946) by extension 'cmake'
[0.476s] Level 1:colcon.colcon_core.package_identification:_identify(src/logs/fslam/20250928_232946) by extension 'python'
[0.476s] Level 1:colcon.colcon_core.package_identification:_identify(src/logs/fslam/20250928_232946) by extensions ['python_setup_py']
[0.476s] Level 1:colcon.colcon_core.package_identification:_identify(src/logs/fslam/20250928_232946) by extension 'python_setup_py'
[0.476s] Level 1:colcon.colcon_core.package_identification:_identify(src/logs/fslam/20250928_233125) by extensions ['ignore', 'ignore_ament_install']
[0.476s] Level 1:colcon.colcon_core.package_identification:_identify(src/logs/fslam/20250928_233125) by extension 'ignore'
[0.476s] Level 1:colcon.colcon_core.package_identification:_identify(src/logs/fslam/20250928_233125) by extension 'ignore_ament_install'
[0.476s] Level 1:colcon.colcon_core.package_identification:_identify(src/logs/fslam/20250928_233125) by extensions ['colcon_pkg']
[0.476s] Level 1:colcon.colcon_core.package_identification:_identify(src/logs/fslam/20250928_233125) by extension 'colcon_pkg'
[0.476s] Level 1:colcon.colcon_core.package_identification:_identify(src/logs/fslam/20250928_233125) by extensions ['colcon_meta']
[0.476s] Level 1:colcon.colcon_core.package_identification:_identify(src/logs/fslam/20250928_233125) by extension 'colcon_meta'
[0.476s] Level 1:colcon.colcon_core.package_identification:_identify(src/logs/fslam/20250928_233125) by extensions ['ros']
[0.476s] Level 1:colcon.colcon_core.package_identification:_identify(src/logs/fslam/20250928_233125) by extension 'ros'
[0.476s] Level 1:colcon.colcon_core.package_identification:_identify(src/logs/fslam/20250928_233125) by extensions ['cmake', 'python']
[0.476s] Level 1:colcon.colcon_core.package_identification:_identify(src/logs/fslam/20250928_233125) by extension 'cmake'
[0.476s] Level 1:colcon.colcon_core.package_identification:_identify(src/logs/fslam/20250928_233125) by extension 'python'
[0.476s] Level 1:colcon.colcon_core.package_identification:_identify(src/logs/fslam/20250928_233125) by extensions ['python_setup_py']
[0.476s] Level 1:colcon.colcon_core.package_identification:_identify(src/logs/fslam/20250928_233125) by extension 'python_setup_py'
[0.476s] Level 1:colcon.colcon_core.package_identification:_identify(src/logs/fslam/20250928_233249) by extensions ['ignore', 'ignore_ament_install']
[0.476s] Level 1:colcon.colcon_core.package_identification:_identify(src/logs/fslam/20250928_233249) by extension 'ignore'
[0.476s] Level 1:colcon.colcon_core.package_identification:_identify(src/logs/fslam/20250928_233249) by extension 'ignore_ament_install'
[0.476s] Level 1:colcon.colcon_core.package_identification:_identify(src/logs/fslam/20250928_233249) by extensions ['colcon_pkg']
[0.476s] Level 1:colcon.colcon_core.package_identification:_identify(src/logs/fslam/20250928_233249) by extension 'colcon_pkg'
[0.476s] Level 1:colcon.colcon_core.package_identification:_identify(src/logs/fslam/20250928_233249) by extensions ['colcon_meta']
[0.476s] Level 1:colcon.colcon_core.package_identification:_identify(src/logs/fslam/20250928_233249) by extension 'colcon_meta'
[0.476s] Level 1:colcon.colcon_core.package_identification:_identify(src/logs/fslam/20250928_233249) by extensions ['ros']
[0.476s] Level 1:colcon.colcon_core.package_identification:_identify(src/logs/fslam/20250928_233249) by extension 'ros'
[0.476s] Level 1:colcon.colcon_core.package_identification:_identify(src/logs/fslam/20250928_233249) by extensions ['cmake', 'python']
[0.476s] Level 1:colcon.colcon_core.package_identification:_identify(src/logs/fslam/20250928_233249) by extension 'cmake'
[0.476s] Level 1:colcon.colcon_core.package_identification:_identify(src/logs/fslam/20250928_233249) by extension 'python'
[0.476s] Level 1:colcon.colcon_core.package_identification:_identify(src/logs/fslam/20250928_233249) by extensions ['python_setup_py']
[0.476s] Level 1:colcon.colcon_core.package_identification:_identify(src/logs/fslam/20250928_233249) by extension 'python_setup_py'
[0.476s] Level 1:colcon.colcon_core.package_identification:_identify(src/logs/fslam/20251001_003457) by extensions ['ignore', 'ignore_ament_install']
[0.477s] Level 1:colcon.colcon_core.package_identification:_identify(src/logs/fslam/20251001_003457) by extension 'ignore'
[0.477s] Level 1:colcon.colcon_core.package_identification:_identify(src/logs/fslam/20251001_003457) by extension 'ignore_ament_install'
[0.477s] Level 1:colcon.colcon_core.package_identification:_identify(src/logs/fslam/20251001_003457) by extensions ['colcon_pkg']
[0.477s] Level 1:colcon.colcon_core.package_identification:_identify(src/logs/fslam/20251001_003457) by extension 'colcon_pkg'
[0.477s] Level 1:colcon.colcon_core.package_identification:_identify(src/logs/fslam/20251001_003457) by extensions ['colcon_meta']
[0.477s] Level 1:colcon.colcon_core.package_identification:_identify(src/logs/fslam/20251001_003457) by extension 'colcon_meta'
[0.477s] Level 1:colcon.colcon_core.package_identification:_identify(src/logs/fslam/20251001_003457) by extensions ['ros']
[0.477s] Level 1:colcon.colcon_core.package_identification:_identify(src/logs/fslam/20251001_003457) by extension 'ros'
[0.477s] Level 1:colcon.colcon_core.package_identification:_identify(src/logs/fslam/20251001_003457) by extensions ['cmake', 'python']
[0.477s] Level 1:colcon.colcon_core.package_identification:_identify(src/logs/fslam/20251001_003457) by extension 'cmake'
[0.477s] Level 1:colcon.colcon_core.package_identification:_identify(src/logs/fslam/20251001_003457) by extension 'python'
[0.477s] Level 1:colcon.colcon_core.package_identification:_identify(src/logs/fslam/20251001_003457) by extensions ['python_setup_py']
[0.477s] Level 1:colcon.colcon_core.package_identification:_identify(src/logs/fslam/20251001_003457) by extension 'python_setup_py'
[0.477s] Level 1:colcon.colcon_core.package_identification:_identify(src/logs/fslam/20251001_212113) by extensions ['ignore', 'ignore_ament_install']
[0.477s] Level 1:colcon.colcon_core.package_identification:_identify(src/logs/fslam/20251001_212113) by extension 'ignore'
[0.477s] Level 1:colcon.colcon_core.package_identification:_identify(src/logs/fslam/20251001_212113) by extension 'ignore_ament_install'
[0.477s] Level 1:colcon.colcon_core.package_identification:_identify(src/logs/fslam/20251001_212113) by extensions ['colcon_pkg']
[0.477s] Level 1:colcon.colcon_core.package_identification:_identify(src/logs/fslam/20251001_212113) by extension 'colcon_pkg'
[0.477s] Level 1:colcon.colcon_core.package_identification:_identify(src/logs/fslam/20251001_212113) by extensions ['colcon_meta']
[0.477s] Level 1:colcon.colcon_core.package_identification:_identify(src/logs/fslam/20251001_212113) by extension 'colcon_meta'
[0.477s] Level 1:colcon.colcon_core.package_identification:_identify(src/logs/fslam/20251001_212113) by extensions ['ros']
[0.477s] Level 1:colcon.colcon_core.package_identification:_identify(src/logs/fslam/20251001_212113) by extension 'ros'
[0.477s] Level 1:colcon.colcon_core.package_identification:_identify(src/logs/fslam/20251001_212113) by extensions ['cmake', 'python']
[0.477s] Level 1:colcon.colcon_core.package_identification:_identify(src/logs/fslam/20251001_212113) by extension 'cmake'
[0.477s] Level 1:colcon.colcon_core.package_identification:_identify(src/logs/fslam/20251001_212113) by extension 'python'
[0.477s] Level 1:colcon.colcon_core.package_identification:_identify(src/logs/fslam/20251001_212113) by extensions ['python_setup_py']
[0.477s] Level 1:colcon.colcon_core.package_identification:_identify(src/logs/fslam/20251001_212113) by extension 'python_setup_py'
[0.477s] Level 1:colcon.colcon_core.package_identification:_identify(src/logs/fslam/20251002_104846) by extensions ['ignore', 'ignore_ament_install']
[0.477s] Level 1:colcon.colcon_core.package_identification:_identify(src/logs/fslam/20251002_104846) by extension 'ignore'
[0.477s] Level 1:colcon.colcon_core.package_identification:_identify(src/logs/fslam/20251002_104846) by extension 'ignore_ament_install'
[0.477s] Level 1:colcon.colcon_core.package_identification:_identify(src/logs/fslam/20251002_104846) by extensions ['colcon_pkg']
[0.477s] Level 1:colcon.colcon_core.package_identification:_identify(src/logs/fslam/20251002_104846) by extension 'colcon_pkg'
[0.477s] Level 1:colcon.colcon_core.package_identification:_identify(src/logs/fslam/20251002_104846) by extensions ['colcon_meta']
[0.477s] Level 1:colcon.colcon_core.package_identification:_identify(src/logs/fslam/20251002_104846) by extension 'colcon_meta'
[0.477s] Level 1:colcon.colcon_core.package_identification:_identify(src/logs/fslam/20251002_104846) by extensions ['ros']
[0.477s] Level 1:colcon.colcon_core.package_identification:_identify(src/logs/fslam/20251002_104846) by extension 'ros'
[0.477s] Level 1:colcon.colcon_core.package_identification:_identify(src/logs/fslam/20251002_104846) by extensions ['cmake', 'python']
[0.477s] Level 1:colcon.colcon_core.package_identification:_identify(src/logs/fslam/20251002_104846) by extension 'cmake'
[0.477s] Level 1:colcon.colcon_core.package_identification:_identify(src/logs/fslam/20251002_104846) by extension 'python'
[0.477s] Level 1:colcon.colcon_core.package_identification:_identify(src/logs/fslam/20251002_104846) by extensions ['python_setup_py']
[0.477s] Level 1:colcon.colcon_core.package_identification:_identify(src/logs/fslam/20251002_104846) by extension 'python_setup_py'
[0.477s] Level 1:colcon.colcon_core.package_identification:_identify(src/logs/fslam/20251002_110542) by extensions ['ignore', 'ignore_ament_install']
[0.477s] Level 1:colcon.colcon_core.package_identification:_identify(src/logs/fslam/20251002_110542) by extension 'ignore'
[0.477s] Level 1:colcon.colcon_core.package_identification:_identify(src/logs/fslam/20251002_110542) by extension 'ignore_ament_install'
[0.477s] Level 1:colcon.colcon_core.package_identification:_identify(src/logs/fslam/20251002_110542) by extensions ['colcon_pkg']
[0.477s] Level 1:colcon.colcon_core.package_identification:_identify(src/logs/fslam/20251002_110542) by extension 'colcon_pkg'
[0.477s] Level 1:colcon.colcon_core.package_identification:_identify(src/logs/fslam/20251002_110542) by extensions ['colcon_meta']
[0.478s] Level 1:colcon.colcon_core.package_identification:_identify(src/logs/fslam/20251002_110542) by extension 'colcon_meta'
[0.478s] Level 1:colcon.colcon_core.package_identification:_identify(src/logs/fslam/20251002_110542) by extensions ['ros']
[0.478s] Level 1:colcon.colcon_core.package_identification:_identify(src/logs/fslam/20251002_110542) by extension 'ros'
[0.478s] Level 1:colcon.colcon_core.package_identification:_identify(src/logs/fslam/20251002_110542) by extensions ['cmake', 'python']
[0.478s] Level 1:colcon.colcon_core.package_identification:_identify(src/logs/fslam/20251002_110542) by extension 'cmake'
[0.478s] Level 1:colcon.colcon_core.package_identification:_identify(src/logs/fslam/20251002_110542) by extension 'python'
[0.478s] Level 1:colcon.colcon_core.package_identification:_identify(src/logs/fslam/20251002_110542) by extensions ['python_setup_py']
[0.478s] Level 1:colcon.colcon_core.package_identification:_identify(src/logs/fslam/20251002_110542) by extension 'python_setup_py'
[0.478s] Level 1:colcon.colcon_core.package_identification:_identify(src/logs/fslam/20251002_110643) by extensions ['ignore', 'ignore_ament_install']
[0.478s] Level 1:colcon.colcon_core.package_identification:_identify(src/logs/fslam/20251002_110643) by extension 'ignore'
[0.478s] Level 1:colcon.colcon_core.package_identification:_identify(src/logs/fslam/20251002_110643) by extension 'ignore_ament_install'
[0.478s] Level 1:colcon.colcon_core.package_identification:_identify(src/logs/fslam/20251002_110643) by extensions ['colcon_pkg']
[0.478s] Level 1:colcon.colcon_core.package_identification:_identify(src/logs/fslam/20251002_110643) by extension 'colcon_pkg'
[0.478s] Level 1:colcon.colcon_core.package_identification:_identify(src/logs/fslam/20251002_110643) by extensions ['colcon_meta']
[0.478s] Level 1:colcon.colcon_core.package_identification:_identify(src/logs/fslam/20251002_110643) by extension 'colcon_meta'
[0.478s] Level 1:colcon.colcon_core.package_identification:_identify(src/logs/fslam/20251002_110643) by extensions ['ros']
[0.478s] Level 1:colcon.colcon_core.package_identification:_identify(src/logs/fslam/20251002_110643) by extension 'ros'
[0.478s] Level 1:colcon.colcon_core.package_identification:_identify(src/logs/fslam/20251002_110643) by extensions ['cmake', 'python']
[0.478s] Level 1:colcon.colcon_core.package_identification:_identify(src/logs/fslam/20251002_110643) by extension 'cmake'
[0.478s] Level 1:colcon.colcon_core.package_identification:_identify(src/logs/fslam/20251002_110643) by extension 'python'
[0.478s] Level 1:colcon.colcon_core.package_identification:_identify(src/logs/fslam/20251002_110643) by extensions ['python_setup_py']
[0.478s] Level 1:colcon.colcon_core.package_identification:_identify(src/logs/fslam/20251002_110643) by extension 'python_setup_py'
[0.478s] Level 1:colcon.colcon_core.package_identification:_identify(src/logs/fslam/20251002_110745) by extensions ['ignore', 'ignore_ament_install']
[0.478s] Level 1:colcon.colcon_core.package_identification:_identify(src/logs/fslam/20251002_110745) by extension 'ignore'
[0.478s] Level 1:colcon.colcon_core.package_identification:_identify(src/logs/fslam/20251002_110745) by extension 'ignore_ament_install'
[0.478s] Level 1:colcon.colcon_core.package_identification:_identify(src/logs/fslam/20251002_110745) by extensions ['colcon_pkg']
[0.478s] Level 1:colcon.colcon_core.package_identification:_identify(src/logs/fslam/20251002_110745) by extension 'colcon_pkg'
[0.478s] Level 1:colcon.colcon_core.package_identification:_identify(src/logs/fslam/20251002_110745) by extensions ['colcon_meta']
[0.478s] Level 1:colcon.colcon_core.package_identification:_identify(src/logs/fslam/20251002_110745) by extension 'colcon_meta'
[0.478s] Level 1:colcon.colcon_core.package_identification:_identify(src/logs/fslam/20251002_110745) by extensions ['ros']
[0.478s] Level 1:colcon.colcon_core.package_identification:_identify(src/logs/fslam/20251002_110745) by extension 'ros'
[0.478s] Level 1:colcon.colcon_core.package_identification:_identify(src/logs/fslam/20251002_110745) by extensions ['cmake', 'python']
[0.478s] Level 1:colcon.colcon_core.package_identification:_identify(src/logs/fslam/20251002_110745) by extension 'cmake'
[0.478s] Level 1:colcon.colcon_core.package_identification:_identify(src/logs/fslam/20251002_110745) by extension 'python'
[0.478s] Level 1:colcon.colcon_core.package_identification:_identify(src/logs/fslam/20251002_110745) by extensions ['python_setup_py']
[0.478s] Level 1:colcon.colcon_core.package_identification:_identify(src/logs/fslam/20251002_110745) by extension 'python_setup_py'
[0.478s] Level 1:colcon.colcon_core.package_identification:_identify(src/logs/fslam/20251002_110806) by extensions ['ignore', 'ignore_ament_install']
[0.478s] Level 1:colcon.colcon_core.package_identification:_identify(src/logs/fslam/20251002_110806) by extension 'ignore'
[0.478s] Level 1:colcon.colcon_core.package_identification:_identify(src/logs/fslam/20251002_110806) by extension 'ignore_ament_install'
[0.478s] Level 1:colcon.colcon_core.package_identification:_identify(src/logs/fslam/20251002_110806) by extensions ['colcon_pkg']
[0.478s] Level 1:colcon.colcon_core.package_identification:_identify(src/logs/fslam/20251002_110806) by extension 'colcon_pkg'
[0.478s] Level 1:colcon.colcon_core.package_identification:_identify(src/logs/fslam/20251002_110806) by extensions ['colcon_meta']
[0.478s] Level 1:colcon.colcon_core.package_identification:_identify(src/logs/fslam/20251002_110806) by extension 'colcon_meta'
[0.478s] Level 1:colcon.colcon_core.package_identification:_identify(src/logs/fslam/20251002_110806) by extensions ['ros']
[0.479s] Level 1:colcon.colcon_core.package_identification:_identify(src/logs/fslam/20251002_110806) by extension 'ros'
[0.479s] Level 1:colcon.colcon_core.package_identification:_identify(src/logs/fslam/20251002_110806) by extensions ['cmake', 'python']
[0.479s] Level 1:colcon.colcon_core.package_identification:_identify(src/logs/fslam/20251002_110806) by extension 'cmake'
[0.479s] Level 1:colcon.colcon_core.package_identification:_identify(src/logs/fslam/20251002_110806) by extension 'python'
[0.479s] Level 1:colcon.colcon_core.package_identification:_identify(src/logs/fslam/20251002_110806) by extensions ['python_setup_py']
[0.479s] Level 1:colcon.colcon_core.package_identification:_identify(src/logs/fslam/20251002_110806) by extension 'python_setup_py'
[0.479s] Level 1:colcon.colcon_core.package_identification:_identify(src/logs/fslam/20251002_110832) by extensions ['ignore', 'ignore_ament_install']
[0.479s] Level 1:colcon.colcon_core.package_identification:_identify(src/logs/fslam/20251002_110832) by extension 'ignore'
[0.479s] Level 1:colcon.colcon_core.package_identification:_identify(src/logs/fslam/20251002_110832) by extension 'ignore_ament_install'
[0.479s] Level 1:colcon.colcon_core.package_identification:_identify(src/logs/fslam/20251002_110832) by extensions ['colcon_pkg']
[0.479s] Level 1:colcon.colcon_core.package_identification:_identify(src/logs/fslam/20251002_110832) by extension 'colcon_pkg'
[0.479s] Level 1:colcon.colcon_core.package_identification:_identify(src/logs/fslam/20251002_110832) by extensions ['colcon_meta']
[0.479s] Level 1:colcon.colcon_core.package_identification:_identify(src/logs/fslam/20251002_110832) by extension 'colcon_meta'
[0.479s] Level 1:colcon.colcon_core.package_identification:_identify(src/logs/fslam/20251002_110832) by extensions ['ros']
[0.479s] Level 1:colcon.colcon_core.package_identification:_identify(src/logs/fslam/20251002_110832) by extension 'ros'
[0.479s] Level 1:colcon.colcon_core.package_identification:_identify(src/logs/fslam/20251002_110832) by extensions ['cmake', 'python']
[0.479s] Level 1:colcon.colcon_core.package_identification:_identify(src/logs/fslam/20251002_110832) by extension 'cmake'
[0.479s] Level 1:colcon.colcon_core.package_identification:_identify(src/logs/fslam/20251002_110832) by extension 'python'
[0.479s] Level 1:colcon.colcon_core.package_identification:_identify(src/logs/fslam/20251002_110832) by extensions ['python_setup_py']
[0.479s] Level 1:colcon.colcon_core.package_identification:_identify(src/logs/fslam/20251002_110832) by extension 'python_setup_py'
[0.479s] Level 1:colcon.colcon_core.package_discovery:discover_packages(recursive) using defaults
[0.479s] Level 1:colcon.colcon_core.package_discovery:discover_packages(ignore) discover
[0.479s] Level 1:colcon.colcon_core.package_discovery:discover_packages(ignore) using defaults
[0.479s] Level 1:colcon.colcon_core.package_discovery:discover_packages(path) discover
[0.479s] Level 1:colcon.colcon_core.package_discovery:discover_packages(path) using defaults
[0.497s] Level 1:colcon.colcon_core.package_discovery:discover_packages(prefix_path) check parameters
[0.497s] Level 1:colcon.colcon_core.package_discovery:discover_packages(prefix_path) discover
[0.499s] DEBUG:colcon.colcon_installed_package_information.package_discovery:Found 3 installed packages in /home/armaanm/eufs_dev/FastSLAM/install
[0.500s] DEBUG:colcon.colcon_installed_package_information.package_discovery:Found 10 installed packages in /home/armaanm/eufs/install
[0.500s] DEBUG:colcon.colcon_installed_package_information.package_discovery:Found 4 installed packages in /home/armaanm/eufs_dev/eufs_data/install
[0.500s] DEBUG:colcon.colcon_installed_package_information.package_discovery:Found 280 installed packages in /opt/ros/galactic
[0.505s] Level 1:colcon.colcon_core.package_discovery:discover_packages(prefix_path) using defaults
[0.556s] Level 5:colcon.colcon_core.verb:set package 'fslam_base' build argument 'cmake_args' from command line to 'None'
[0.556s] Level 5:colcon.colcon_core.verb:set package 'fslam_base' build argument 'cmake_target' from command line to 'None'
[0.556s] Level 5:colcon.colcon_core.verb:set package 'fslam_base' build argument 'cmake_target_skip_unavailable' from command line to 'False'
[0.556s] Level 5:colcon.colcon_core.verb:set package 'fslam_base' build argument 'cmake_clean_cache' from command line to 'False'
[0.556s] Level 5:colcon.colcon_core.verb:set package 'fslam_base' build argument 'cmake_clean_first' from command line to 'False'
[0.556s] Level 5:colcon.colcon_core.verb:set package 'fslam_base' build argument 'cmake_force_configure' from command line to 'False'
[0.556s] Level 5:colcon.colcon_core.verb:set package 'fslam_base' build argument 'ament_cmake_args' from command line to 'None'
[0.556s] Level 5:colcon.colcon_core.verb:set package 'fslam_base' build argument 'catkin_cmake_args' from command line to 'None'
[0.556s] Level 5:colcon.colcon_core.verb:set package 'fslam_base' build argument 'catkin_skip_building_tests' from command line to 'False'
[0.556s] DEBUG:colcon.colcon_core.verb:Building package 'fslam_base' with the following arguments: {'ament_cmake_args': None, 'build_base': '/home/armaanm/eufs_dev/FastSLAM/build/fslam_base', 'catkin_cmake_args': None, 'catkin_skip_building_tests': False, 'cmake_args': None, 'cmake_clean_cache': False, 'cmake_clean_first': False, 'cmake_force_configure': False, 'cmake_target': None, 'cmake_target_skip_unavailable': False, 'install_base': '/home/armaanm/eufs_dev/FastSLAM/install/fslam_base', 'merge_install': False, 'path': '/home/armaanm/eufs_dev/FastSLAM/src/fslam_base', 'symlink_install': True, 'test_result_base': None}
[0.556s] Level 5:colcon.colcon_core.verb:set package 'fslam_da' build argument 'cmake_args' from command line to 'None'
[0.556s] Level 5:colcon.colcon_core.verb:set package 'fslam_da' build argument 'cmake_target' from command line to 'None'
[0.556s] Level 5:colcon.colcon_core.verb:set package 'fslam_da' build argument 'cmake_target_skip_unavailable' from command line to 'False'
[0.556s] Level 5:colcon.colcon_core.verb:set package 'fslam_da' build argument 'cmake_clean_cache' from command line to 'False'
[0.556s] Level 5:colcon.colcon_core.verb:set package 'fslam_da' build argument 'cmake_clean_first' from command line to 'False'
[0.556s] Level 5:colcon.colcon_core.verb:set package 'fslam_da' build argument 'cmake_force_configure' from command line to 'False'
[0.556s] Level 5:colcon.colcon_core.verb:set package 'fslam_da' build argument 'ament_cmake_args' from command line to 'None'
[0.556s] Level 5:colcon.colcon_core.verb:set package 'fslam_da' build argument 'catkin_cmake_args' from command line to 'None'
[0.556s] Level 5:colcon.colcon_core.verb:set package 'fslam_da' build argument 'catkin_skip_building_tests' from command line to 'False'
[0.556s] DEBUG:colcon.colcon_core.verb:Building package 'fslam_da' with the following arguments: {'ament_cmake_args': None, 'build_base': '/home/armaanm/eufs_dev/FastSLAM/build/fslam_da', 'catkin_cmake_args': None, 'catkin_skip_building_tests': False, 'cmake_args': None, 'cmake_clean_cache': False, 'cmake_clean_first': False, 'cmake_force_configure': False, 'cmake_target': None, 'cmake_target_skip_unavailable': False, 'install_base': '/home/armaanm/eufs_dev/FastSLAM/install/fslam_da', 'merge_install': False, 'path': '/home/armaanm/eufs_dev/FastSLAM/src/fslam_da', 'symlink_install': True, 'test_result_base': None}
[0.556s] Level 5:colcon.colcon_core.verb:set package 'fslam_hook' build argument 'cmake_args' from command line to 'None'
[0.556s] Level 5:colcon.colcon_core.verb:set package 'fslam_hook' build argument 'cmake_target' from command line to 'None'
[0.556s] Level 5:colcon.colcon_core.verb:set package 'fslam_hook' build argument 'cmake_target_skip_unavailable' from command line to 'False'
[0.556s] Level 5:colcon.colcon_core.verb:set package 'fslam_hook' build argument 'cmake_clean_cache' from command line to 'False'
[0.556s] Level 5:colcon.colcon_core.verb:set package 'fslam_hook' build argument 'cmake_clean_first' from command line to 'False'
[0.556s] Level 5:colcon.colcon_core.verb:set package 'fslam_hook' build argument 'cmake_force_configure' from command line to 'False'
[0.556s] Level 5:colcon.colcon_core.verb:set package 'fslam_hook' build argument 'ament_cmake_args' from command line to 'None'
[0.556s] Level 5:colcon.colcon_core.verb:set package 'fslam_hook' build argument 'catkin_cmake_args' from command line to 'None'
[0.556s] Level 5:colcon.colcon_core.verb:set package 'fslam_hook' build argument 'catkin_skip_building_tests' from command line to 'False'
[0.556s] DEBUG:colcon.colcon_core.verb:Building package 'fslam_hook' with the following arguments: {'ament_cmake_args': None, 'build_base': '/home/armaanm/eufs_dev/FastSLAM/build/fslam_hook', 'catkin_cmake_args': None, 'catkin_skip_building_tests': False, 'cmake_args': None, 'cmake_clean_cache': False, 'cmake_clean_first': False, 'cmake_force_configure': False, 'cmake_target': None, 'cmake_target_skip_unavailable': False, 'install_base': '/home/armaanm/eufs_dev/FastSLAM/install/fslam_hook', 'merge_install': False, 'path': '/home/armaanm/eufs_dev/FastSLAM/src/fslam_hook', 'symlink_install': True, 'test_result_base': None}
[0.556s] INFO:colcon.colcon_core.executor:Executing jobs using 'parallel' executor
[0.557s] DEBUG:colcon.colcon_parallel_executor.executor.parallel:run_until_complete
[0.557s] INFO:colcon.colcon_ros.task.ament_python.build:Building ROS package in '/home/armaanm/eufs_dev/FastSLAM/src/fslam_base' with build type 'ament_python'
[0.557s] Level 1:colcon.colcon_core.shell:create_environment_hook('fslam_base', 'ament_prefix_path')
[0.561s] INFO:colcon.colcon_core.plugin_system:Skipping extension 'colcon_core.shell.bat': Not used on non-Windows systems
[0.561s] INFO:colcon.colcon_core.shell:Creating environment hook '/home/armaanm/eufs_dev/FastSLAM/install/fslam_base/share/fslam_base/hook/ament_prefix_path.ps1'
[0.561s] INFO:colcon.colcon_core.shell:Creating environment descriptor '/home/armaanm/eufs_dev/FastSLAM/install/fslam_base/share/fslam_base/hook/ament_prefix_path.dsv'
[0.562s] INFO:colcon.colcon_core.shell:Creating environment hook '/home/armaanm/eufs_dev/FastSLAM/install/fslam_base/share/fslam_base/hook/ament_prefix_path.sh'
[0.562s] INFO:colcon.colcon_core.shell:Skip shell extension 'powershell' for command environment: Not usable outside of PowerShell
[0.562s] DEBUG:colcon.colcon_core.shell:Skip shell extension 'dsv' for command environment
[0.566s] INFO:colcon.colcon_ros.task.ament_python.build:Building ROS package in '/home/armaanm/eufs_dev/FastSLAM/src/fslam_da' with build type 'ament_python'
[0.566s] Level 1:colcon.colcon_core.shell:create_environment_hook('fslam_da', 'ament_prefix_path')
[0.566s] INFO:colcon.colcon_core.shell:Creating environment hook '/home/armaanm/eufs_dev/FastSLAM/install/fslam_da/share/fslam_da/hook/ament_prefix_path.ps1'
[0.567s] INFO:colcon.colcon_core.shell:Creating environment descriptor '/home/armaanm/eufs_dev/FastSLAM/install/fslam_da/share/fslam_da/hook/ament_prefix_path.dsv'
[0.567s] INFO:colcon.colcon_core.shell:Creating environment hook '/home/armaanm/eufs_dev/FastSLAM/install/fslam_da/share/fslam_da/hook/ament_prefix_path.sh'
[0.567s] INFO:colcon.colcon_core.shell:Skip shell extension 'powershell' for command environment: Not usable outside of PowerShell
[0.567s] DEBUG:colcon.colcon_core.shell:Skip shell extension 'dsv' for command environment
[0.570s] INFO:colcon.colcon_ros.task.ament_python.build:Building ROS package in '/home/armaanm/eufs_dev/FastSLAM/src/fslam_hook' with build type 'ament_python'
[0.570s] Level 1:colcon.colcon_core.shell:create_environment_hook('fslam_hook', 'ament_prefix_path')
[0.571s] INFO:colcon.colcon_core.shell:Creating environment hook '/home/armaanm/eufs_dev/FastSLAM/install/fslam_hook/share/fslam_hook/hook/ament_prefix_path.ps1'
[0.571s] INFO:colcon.colcon_core.shell:Creating environment descriptor '/home/armaanm/eufs_dev/FastSLAM/install/fslam_hook/share/fslam_hook/hook/ament_prefix_path.dsv'
[0.571s] INFO:colcon.colcon_core.shell:Creating environment hook '/home/armaanm/eufs_dev/FastSLAM/install/fslam_hook/share/fslam_hook/hook/ament_prefix_path.sh'
[0.572s] INFO:colcon.colcon_core.shell:Skip shell extension 'powershell' for command environment: Not usable outside of PowerShell
[0.572s] DEBUG:colcon.colcon_core.shell:Skip shell extension 'dsv' for command environment
[0.708s] INFO:colcon.colcon_core.task.python.build:Building Python package in '/home/armaanm/eufs_dev/FastSLAM/src/fslam_base'
[0.708s] INFO:colcon.colcon_core.shell:Skip shell extension 'powershell' for command environment: Not usable outside of PowerShell
[0.709s] DEBUG:colcon.colcon_core.shell:Skip shell extension 'dsv' for command environment
[0.837s] INFO:colcon.colcon_core.task.python.build:Building Python package in '/home/armaanm/eufs_dev/FastSLAM/src/fslam_da'
[0.837s] INFO:colcon.colcon_core.shell:Skip shell extension 'powershell' for command environment: Not usable outside of PowerShell
[0.837s] DEBUG:colcon.colcon_core.shell:Skip shell extension 'dsv' for command environment
[0.965s] INFO:colcon.colcon_core.task.python.build:Building Python package in '/home/armaanm/eufs_dev/FastSLAM/src/fslam_hook'
[0.965s] INFO:colcon.colcon_core.shell:Skip shell extension 'powershell' for command environment: Not usable outside of PowerShell
[0.965s] DEBUG:colcon.colcon_core.shell:Skip shell extension 'dsv' for command environment
[1.281s] DEBUG:colcon.colcon_core.event_handler.log_command:Invoking command in '/home/armaanm/eufs_dev/FastSLAM/build/fslam_da': PYTHONPATH=/home/armaanm/eufs_dev/FastSLAM/build/fslam_da/prefix_override:/usr/lib/python3/dist-packages/colcon_core/task/python/colcon_distutils_commands:/home/armaanm/eufs_dev/FastSLAM/install/fslam_da/lib/python3.8/site-packages:${PYTHONPATH} /usr/bin/python3 -W ignore:setup.py install is deprecated -W ignore:easy_install command is deprecated setup.py develop --editable --build-directory /home/armaanm/eufs_dev/FastSLAM/build/fslam_da/build --no-deps symlink_data
[1.284s] DEBUG:colcon.colcon_core.event_handler.log_command:Invoking command in '/home/armaanm/eufs_dev/FastSLAM/build/fslam_base': PYTHONPATH=/home/armaanm/eufs_dev/FastSLAM/build/fslam_base/prefix_override:/usr/lib/python3/dist-packages/colcon_core/task/python/colcon_distutils_commands:/home/armaanm/eufs_dev/FastSLAM/install/fslam_base/lib/python3.8/site-packages:${PYTHONPATH} /usr/bin/python3 -W ignore:setup.py install is deprecated -W ignore:easy_install command is deprecated setup.py develop --editable --build-directory /home/armaanm/eufs_dev/FastSLAM/build/fslam_base/build --no-deps symlink_data
[1.290s] DEBUG:colcon.colcon_core.event_handler.log_command:Invoking command in '/home/armaanm/eufs_dev/FastSLAM/build/fslam_hook': PYTHONPATH=/home/armaanm/eufs_dev/FastSLAM/build/fslam_hook/prefix_override:/usr/lib/python3/dist-packages/colcon_core/task/python/colcon_distutils_commands:/home/armaanm/eufs_dev/FastSLAM/install/fslam_hook/lib/python3.8/site-packages:${PYTHONPATH} /usr/bin/python3 -W ignore:setup.py install is deprecated -W ignore:easy_install command is deprecated setup.py develop --editable --build-directory /home/armaanm/eufs_dev/FastSLAM/build/fslam_hook/build --no-deps symlink_data
[1.547s] Level 1:colcon.colcon_core.shell:create_environment_hook('fslam_base', 'pythonpath_develop')
[1.548s] DEBUG:colcon.colcon_core.event_handler.log_command:Invoked command in '/home/armaanm/eufs_dev/FastSLAM/build/fslam_base' returned '0': PYTHONPATH=/home/armaanm/eufs_dev/FastSLAM/build/fslam_base/prefix_override:/usr/lib/python3/dist-packages/colcon_core/task/python/colcon_distutils_commands:/home/armaanm/eufs_dev/FastSLAM/install/fslam_base/lib/python3.8/site-packages:${PYTHONPATH} /usr/bin/python3 -W ignore:setup.py install is deprecated -W ignore:easy_install command is deprecated setup.py develop --editable --build-directory /home/armaanm/eufs_dev/FastSLAM/build/fslam_base/build --no-deps symlink_data
[1.548s] INFO:colcon.colcon_core.shell:Creating environment hook '/home/armaanm/eufs_dev/FastSLAM/build/fslam_base/share/fslam_base/hook/pythonpath_develop.ps1'
[1.549s] INFO:colcon.colcon_core.shell:Creating environment descriptor '/home/armaanm/eufs_dev/FastSLAM/build/fslam_base/share/fslam_base/hook/pythonpath_develop.dsv'
[1.549s] INFO:colcon.colcon_core.shell:Creating environment hook '/home/armaanm/eufs_dev/FastSLAM/build/fslam_base/share/fslam_base/hook/pythonpath_develop.sh'
[1.554s] Level 1:colcon.colcon_core.environment:checking '/home/armaanm/eufs_dev/FastSLAM/install/fslam_base' for CMake module files
[1.555s] Level 1:colcon.colcon_core.environment:checking '/home/armaanm/eufs_dev/FastSLAM/install/fslam_base' for CMake config files
[1.555s] Level 1:colcon.colcon_core.environment:checking '/home/armaanm/eufs_dev/FastSLAM/install/fslam_base/lib'
[1.555s] Level 1:colcon.colcon_core.environment:checking '/home/armaanm/eufs_dev/FastSLAM/install/fslam_base/bin'
[1.555s] Level 1:colcon.colcon_core.environment:checking '/home/armaanm/eufs_dev/FastSLAM/install/fslam_base/lib/pkgconfig/fslam_base.pc'
[1.555s] Level 1:colcon.colcon_core.environment:checking '/home/armaanm/eufs_dev/FastSLAM/install/fslam_base/lib/python3.8/site-packages'
[1.555s] Level 1:colcon.colcon_core.shell:create_environment_hook('fslam_base', 'pythonpath')
[1.556s] INFO:colcon.colcon_core.shell:Creating environment hook '/home/armaanm/eufs_dev/FastSLAM/install/fslam_base/share/fslam_base/hook/pythonpath.ps1'
[1.556s] INFO:colcon.colcon_core.shell:Creating environment descriptor '/home/armaanm/eufs_dev/FastSLAM/install/fslam_base/share/fslam_base/hook/pythonpath.dsv'
[1.556s] INFO:colcon.colcon_core.shell:Creating environment hook '/home/armaanm/eufs_dev/FastSLAM/install/fslam_base/share/fslam_base/hook/pythonpath.sh'
[1.556s] Level 1:colcon.colcon_core.environment:checking '/home/armaanm/eufs_dev/FastSLAM/install/fslam_base/bin'
[1.556s] Level 1:colcon.colcon_core.environment:create_environment_scripts_only(fslam_base)
[1.556s] INFO:colcon.colcon_core.shell:Creating package script '/home/armaanm/eufs_dev/FastSLAM/install/fslam_base/share/fslam_base/package.ps1'
[1.557s] INFO:colcon.colcon_core.shell:Creating package descriptor '/home/armaanm/eufs_dev/FastSLAM/install/fslam_base/share/fslam_base/package.dsv'
[1.558s] INFO:colcon.colcon_core.shell:Creating package script '/home/armaanm/eufs_dev/FastSLAM/install/fslam_base/share/fslam_base/package.sh'
[1.559s] INFO:colcon.colcon_core.shell:Creating package script '/home/armaanm/eufs_dev/FastSLAM/install/fslam_base/share/fslam_base/package.bash'
[1.560s] INFO:colcon.colcon_core.shell:Creating package script '/home/armaanm/eufs_dev/FastSLAM/install/fslam_base/share/fslam_base/package.zsh'
[1.561s] Level 1:colcon.colcon_core.environment:create_file_with_runtime_dependencies(/home/armaanm/eufs_dev/FastSLAM/install/fslam_base/share/colcon-core/packages/fslam_base)
[1.561s] Level 1:colcon.colcon_core.shell:create_environment_hook('fslam_da', 'pythonpath_develop')
[1.561s] INFO:colcon.colcon_core.shell:Creating environment hook '/home/armaanm/eufs_dev/FastSLAM/build/fslam_da/share/fslam_da/hook/pythonpath_develop.ps1'
[1.562s] DEBUG:colcon.colcon_core.event_handler.log_command:Invoked command in '/home/armaanm/eufs_dev/FastSLAM/build/fslam_da' returned '0': PYTHONPATH=/home/armaanm/eufs_dev/FastSLAM/build/fslam_da/prefix_override:/usr/lib/python3/dist-packages/colcon_core/task/python/colcon_distutils_commands:/home/armaanm/eufs_dev/FastSLAM/install/fslam_da/lib/python3.8/site-packages:${PYTHONPATH} /usr/bin/python3 -W ignore:setup.py install is deprecated -W ignore:easy_install command is deprecated setup.py develop --editable --build-directory /home/armaanm/eufs_dev/FastSLAM/build/fslam_da/build --no-deps symlink_data
[1.562s] INFO:colcon.colcon_core.shell:Creating environment descriptor '/home/armaanm/eufs_dev/FastSLAM/build/fslam_da/share/fslam_da/hook/pythonpath_develop.dsv'
[1.562s] INFO:colcon.colcon_core.shell:Creating environment hook '/home/armaanm/eufs_dev/FastSLAM/build/fslam_da/share/fslam_da/hook/pythonpath_develop.sh'
[1.563s] Level 1:colcon.colcon_core.environment:checking '/home/armaanm/eufs_dev/FastSLAM/install/fslam_da' for CMake module files
[1.563s] Level 1:colcon.colcon_core.environment:checking '/home/armaanm/eufs_dev/FastSLAM/install/fslam_da' for CMake config files
[1.563s] Level 1:colcon.colcon_core.environment:checking '/home/armaanm/eufs_dev/FastSLAM/install/fslam_da/lib'
[1.563s] Level 1:colcon.colcon_core.environment:checking '/home/armaanm/eufs_dev/FastSLAM/install/fslam_da/bin'
[1.563s] Level 1:colcon.colcon_core.environment:checking '/home/armaanm/eufs_dev/FastSLAM/install/fslam_da/lib/pkgconfig/fslam_da.pc'
[1.563s] Level 1:colcon.colcon_core.environment:checking '/home/armaanm/eufs_dev/FastSLAM/install/fslam_da/lib/python3.8/site-packages'
[1.563s] Level 1:colcon.colcon_core.shell:create_environment_hook('fslam_da', 'pythonpath')
[1.563s] INFO:colcon.colcon_core.shell:Creating environment hook '/home/armaanm/eufs_dev/FastSLAM/install/fslam_da/share/fslam_da/hook/pythonpath.ps1'
[1.564s] INFO:colcon.colcon_core.shell:Creating environment descriptor '/home/armaanm/eufs_dev/FastSLAM/install/fslam_da/share/fslam_da/hook/pythonpath.dsv'
[1.564s] INFO:colcon.colcon_core.shell:Creating environment hook '/home/armaanm/eufs_dev/FastSLAM/install/fslam_da/share/fslam_da/hook/pythonpath.sh'
[1.564s] Level 1:colcon.colcon_core.environment:checking '/home/armaanm/eufs_dev/FastSLAM/install/fslam_da/bin'
[1.564s] Level 1:colcon.colcon_core.environment:create_environment_scripts_only(fslam_da)
[1.564s] INFO:colcon.colcon_core.shell:Creating package script '/home/armaanm/eufs_dev/FastSLAM/install/fslam_da/share/fslam_da/package.ps1'
[1.565s] INFO:colcon.colcon_core.shell:Creating package descriptor '/home/armaanm/eufs_dev/FastSLAM/install/fslam_da/share/fslam_da/package.dsv'
[1.565s] INFO:colcon.colcon_core.shell:Creating package script '/home/armaanm/eufs_dev/FastSLAM/install/fslam_da/share/fslam_da/package.sh'
[1.565s] INFO:colcon.colcon_core.shell:Creating package script '/home/armaanm/eufs_dev/FastSLAM/install/fslam_da/share/fslam_da/package.bash'
[1.565s] INFO:colcon.colcon_core.shell:Creating package script '/home/armaanm/eufs_dev/FastSLAM/install/fslam_da/share/fslam_da/package.zsh'
[1.565s] Level 1:colcon.colcon_core.environment:create_file_with_runtime_dependencies(/home/armaanm/eufs_dev/FastSLAM/install/fslam_da/share/colcon-core/packages/fslam_da)
[1.566s] Level 1:colcon.colcon_core.shell:create_environment_hook('fslam_hook', 'pythonpath_develop')
[1.566s] INFO:colcon.colcon_core.shell:Creating environment hook '/home/armaanm/eufs_dev/FastSLAM/build/fslam_hook/share/fslam_hook/hook/pythonpath_develop.ps1'
[1.566s] INFO:colcon.colcon_core.shell:Creating environment descriptor '/home/armaanm/eufs_dev/FastSLAM/build/fslam_hook/share/fslam_hook/hook/pythonpath_develop.dsv'
[1.566s] INFO:colcon.colcon_core.shell:Creating environment hook '/home/armaanm/eufs_dev/FastSLAM/build/fslam_hook/share/fslam_hook/hook/pythonpath_develop.sh'
[1.567s] Level 1:colcon.colcon_core.environment:checking '/home/armaanm/eufs_dev/FastSLAM/install/fslam_hook' for CMake module files
[1.567s] DEBUG:colcon.colcon_core.event_handler.log_command:Invoked command in '/home/armaanm/eufs_dev/FastSLAM/build/fslam_hook' returned '0': PYTHONPATH=/home/armaanm/eufs_dev/FastSLAM/build/fslam_hook/prefix_override:/usr/lib/python3/dist-packages/colcon_core/task/python/colcon_distutils_commands:/home/armaanm/eufs_dev/FastSLAM/install/fslam_hook/lib/python3.8/site-packages:${PYTHONPATH} /usr/bin/python3 -W ignore:setup.py install is deprecated -W ignore:easy_install command is deprecated setup.py develop --editable --build-directory /home/armaanm/eufs_dev/FastSLAM/build/fslam_hook/build --no-deps symlink_data
[1.567s] Level 1:colcon.colcon_core.environment:checking '/home/armaanm/eufs_dev/FastSLAM/install/fslam_hook' for CMake config files
[1.568s] Level 1:colcon.colcon_core.environment:checking '/home/armaanm/eufs_dev/FastSLAM/install/fslam_hook/lib'
[1.568s] Level 1:colcon.colcon_core.environment:checking '/home/armaanm/eufs_dev/FastSLAM/install/fslam_hook/bin'
[1.568s] Level 1:colcon.colcon_core.environment:checking '/home/armaanm/eufs_dev/FastSLAM/install/fslam_hook/lib/pkgconfig/fslam_hook.pc'
[1.568s] Level 1:colcon.colcon_core.environment:checking '/home/armaanm/eufs_dev/FastSLAM/install/fslam_hook/lib/python3.8/site-packages'
[1.568s] Level 1:colcon.colcon_core.shell:create_environment_hook('fslam_hook', 'pythonpath')
[1.568s] INFO:colcon.colcon_core.shell:Creating environment hook '/home/armaanm/eufs_dev/FastSLAM/install/fslam_hook/share/fslam_hook/hook/pythonpath.ps1'
[1.568s] INFO:colcon.colcon_core.shell:Creating environment descriptor '/home/armaanm/eufs_dev/FastSLAM/install/fslam_hook/share/fslam_hook/hook/pythonpath.dsv'
[1.568s] INFO:colcon.colcon_core.shell:Creating environment hook '/home/armaanm/eufs_dev/FastSLAM/install/fslam_hook/share/fslam_hook/hook/pythonpath.sh'
[1.568s] Level 1:colcon.colcon_core.environment:checking '/home/armaanm/eufs_dev/FastSLAM/install/fslam_hook/bin'
[1.569s] Level 1:colcon.colcon_core.environment:create_environment_scripts_only(fslam_hook)
[1.569s] INFO:colcon.colcon_core.shell:Creating package script '/home/armaanm/eufs_dev/FastSLAM/install/fslam_hook/share/fslam_hook/package.ps1'
[1.569s] INFO:colcon.colcon_core.shell:Creating package descriptor '/home/armaanm/eufs_dev/FastSLAM/install/fslam_hook/share/fslam_hook/package.dsv'
[1.569s] INFO:colcon.colcon_core.shell:Creating package script '/home/armaanm/eufs_dev/FastSLAM/install/fslam_hook/share/fslam_hook/package.sh'
[1.569s] INFO:colcon.colcon_core.shell:Creating package script '/home/armaanm/eufs_dev/FastSLAM/install/fslam_hook/share/fslam_hook/package.bash'
[1.570s] INFO:colcon.colcon_core.shell:Creating package script '/home/armaanm/eufs_dev/FastSLAM/install/fslam_hook/share/fslam_hook/package.zsh'
[1.570s] Level 1:colcon.colcon_core.environment:create_file_with_runtime_dependencies(/home/armaanm/eufs_dev/FastSLAM/install/fslam_hook/share/colcon-core/packages/fslam_hook)
[1.570s] DEBUG:colcon.colcon_parallel_executor.executor.parallel:closing loop
[1.570s] DEBUG:colcon.colcon_parallel_executor.executor.parallel:loop closed
[1.570s] DEBUG:colcon.colcon_parallel_executor.executor.parallel:run_until_complete finished with '0'
[1.571s] DEBUG:colcon.colcon_core.event_reactor:joining thread
[1.601s] INFO:colcon.colcon_core.plugin_system:Skipping extension 'colcon_notification.desktop_notification.notify_send': Could not find 'notify-send'
[1.602s] INFO:colcon.colcon_core.plugin_system:Skipping extension 'colcon_notification.desktop_notification.terminal_notifier': Not used on non-Darwin systems
[1.602s] INFO:colcon.colcon_core.plugin_system:Skipping extension 'colcon_notification.desktop_notification.win32': Not used on non-Windows systems
[1.602s] INFO:colcon.colcon_notification.desktop_notification:Sending desktop notification using 'notify2'
[1.624s] DEBUG:colcon.colcon_notification.desktop_notification.notify2:Failed to initialize notify2: org.freedesktop.DBus.Error.ServiceUnknown: The name org.freedesktop.Notifications was not provided by any .service files
[1.624s] DEBUG:colcon.colcon_core.event_reactor:joined thread
[1.624s] INFO:colcon.colcon_core.shell:Creating prefix script '/home/armaanm/eufs_dev/FastSLAM/install/local_setup.ps1'
[1.625s] INFO:colcon.colcon_core.shell:Creating prefix util module '/home/armaanm/eufs_dev/FastSLAM/install/_local_setup_util_ps1.py'
[1.626s] INFO:colcon.colcon_core.shell:Creating prefix chain script '/home/armaanm/eufs_dev/FastSLAM/install/setup.ps1'
[1.627s] INFO:colcon.colcon_core.shell:Creating prefix script '/home/armaanm/eufs_dev/FastSLAM/install/local_setup.sh'
[1.627s] INFO:colcon.colcon_core.shell:Creating prefix util module '/home/armaanm/eufs_dev/FastSLAM/install/_local_setup_util_sh.py'
[1.628s] INFO:colcon.colcon_core.shell:Creating prefix chain script '/home/armaanm/eufs_dev/FastSLAM/install/setup.sh'
[1.629s] INFO:colcon.colcon_core.shell:Creating prefix script '/home/armaanm/eufs_dev/FastSLAM/install/local_setup.bash'
[1.629s] INFO:colcon.colcon_core.shell:Creating prefix chain script '/home/armaanm/eufs_dev/FastSLAM/install/setup.bash'
[1.630s] INFO:colcon.colcon_core.shell:Creating prefix script '/home/armaanm/eufs_dev/FastSLAM/install/local_setup.zsh'
[1.631s] INFO:colcon.colcon_core.shell:Creating prefix chain script '/home/armaanm/eufs_dev/FastSLAM/install/setup.zsh'
