[0.321s] DEBUG:colcon:Command line arguments: ['/usr/bin/colcon', 'build']
[0.321s] DEBUG:colcon:Parsed command line arguments: Namespace(allow_overriding=[], ament_cmake_args=None, base_paths=['.'], build_base='build', catkin_cmake_args=None, catkin_skip_building_tests=False, cmake_args=None, cmake_clean_cache=False, cmake_clean_first=False, cmake_force_configure=False, cmake_target=None, cmake_target_skip_unavailable=False, continue_on_error=False, event_handlers=None, executor='parallel', ignore_user_meta=False, install_base='install', log_base=None, log_level=None, main=<bound method BuildVerb.main of <colcon_core.verb.build.BuildVerb object at 0x7b2a85d4aac0>>, merge_install=False, metas=['./colcon.meta'], packages_above=None, packages_above_and_dependencies=None, packages_above_depth=None, packages_end=None, packages_ignore=None, packages_ignore_regex=None, packages_select=None, packages_select_build_failed=False, packages_select_by_dep=None, packages_select_regex=None, packages_select_test_failures=False, packages_skip=None, packages_skip_build_finished=False, packages_skip_by_dep=None, packages_skip_regex=None, packages_skip_test_passed=False, packages_skip_up_to=None, packages_start=None, packages_up_to=None, packages_up_to_regex=None, parallel_workers=32, paths=None, symlink_install=False, test_result_base=None, verb_extension=<colcon_core.verb.build.BuildVerb object at 0x7b2a85d4aac0>, verb_name='build', verb_parser=<colcon_defaults.argument_parser.defaults.DefaultArgumentsDecorator object at 0x7b2a85d5a2e0>)
[0.465s] Level 1:colcon.colcon_core.package_discovery:discover_packages(colcon_meta) check parameters
[0.465s] Level 1:colcon.colcon_core.package_discovery:discover_packages(recursive) check parameters
[0.465s] Level 1:colcon.colcon_core.package_discovery:discover_packages(ignore) check parameters
[0.465s] Level 1:colcon.colcon_core.package_discovery:discover_packages(path) check parameters
[0.465s] Level 1:colcon.colcon_core.package_discovery:discover_packages(colcon_meta) discover
[0.465s] Level 1:colcon.colcon_core.package_discovery:discover_packages(recursive) discover
[0.465s] INFO:colcon.colcon_core.package_discovery:Crawling recursively for packages in '/home/armaanm/eufs_dev/FastSLAM'
[0.466s] Level 1:colcon.colcon_core.package_identification:_identify(.) by extensions ['ignore', 'ignore_ament_install']
[0.466s] Level 1:colcon.colcon_core.package_identification:_identify(.) by extension 'ignore'
[0.466s] Level 1:colcon.colcon_core.package_identification:_identify(.) by extension 'ignore_ament_install'
[0.466s] Level 1:colcon.colcon_core.package_identification:_identify(.) by extensions ['colcon_pkg']
[0.466s] Level 1:colcon.colcon_core.package_identification:_identify(.) by extension 'colcon_pkg'
[0.466s] Level 1:colcon.colcon_core.package_identification:_identify(.) by extensions ['colcon_meta']
[0.466s] Level 1:colcon.colcon_core.package_identification:_identify(.) by extension 'colcon_meta'
[0.466s] Level 1:colcon.colcon_core.package_identification:_identify(.) by extensions ['ros']
[0.466s] Level 1:colcon.colcon_core.package_identification:_identify(.) by extension 'ros'
[0.475s] Level 1:colcon.colcon_core.package_identification:_identify(.) by extensions ['cmake', 'python']
[0.475s] Level 1:colcon.colcon_core.package_identification:_identify(.) by extension 'cmake'
[0.475s] Level 1:colcon.colcon_core.package_identification:_identify(.) by extension 'python'
[0.475s] Level 1:colcon.colcon_core.package_identification:_identify(.) by extensions ['python_setup_py']
[0.475s] Level 1:colcon.colcon_core.package_identification:_identify(.) by extension 'python_setup_py'
[0.475s] Level 1:colcon.colcon_core.package_identification:_identify(EUFSIM Setup) by extensions ['ignore', 'ignore_ament_install']
[0.476s] Level 1:colcon.colcon_core.package_identification:_identify(EUFSIM Setup) by extension 'ignore'
[0.476s] Level 1:colcon.colcon_core.package_identification:_identify(EUFSIM Setup) by extension 'ignore_ament_install'
[0.476s] Level 1:colcon.colcon_core.package_identification:_identify(EUFSIM Setup) by extensions ['colcon_pkg']
[0.476s] Level 1:colcon.colcon_core.package_identification:_identify(EUFSIM Setup) by extension 'colcon_pkg'
[0.476s] Level 1:colcon.colcon_core.package_identification:_identify(EUFSIM Setup) by extensions ['colcon_meta']
[0.476s] Level 1:colcon.colcon_core.package_identification:_identify(EUFSIM Setup) by extension 'colcon_meta'
[0.476s] Level 1:colcon.colcon_core.package_identification:_identify(EUFSIM Setup) by extensions ['ros']
[0.476s] Level 1:colcon.colcon_core.package_identification:_identify(EUFSIM Setup) by extension 'ros'
[0.476s] Level 1:colcon.colcon_core.package_identification:_identify(EUFSIM Setup) by extensions ['cmake', 'python']
[0.476s] Level 1:colcon.colcon_core.package_identification:_identify(EUFSIM Setup) by extension 'cmake'
[0.476s] Level 1:colcon.colcon_core.package_identification:_identify(EUFSIM Setup) by extension 'python'
[0.476s] Level 1:colcon.colcon_core.package_identification:_identify(EUFSIM Setup) by extensions ['python_setup_py']
[0.476s] Level 1:colcon.colcon_core.package_identification:_identify(EUFSIM Setup) by extension 'python_setup_py'
[0.476s] Level 1:colcon.colcon_core.package_identification:_identify(build) by extensions ['ignore', 'ignore_ament_install']
[0.476s] Level 1:colcon.colcon_core.package_identification:_identify(build) by extension 'ignore'
[0.476s] Level 1:colcon.colcon_core.package_identification:_identify(build) ignored
[0.476s] Level 1:colcon.colcon_core.package_identification:_identify(data) by extensions ['ignore', 'ignore_ament_install']
[0.476s] Level 1:colcon.colcon_core.package_identification:_identify(data) by extension 'ignore'
[0.476s] Level 1:colcon.colcon_core.package_identification:_identify(data) by extension 'ignore_ament_install'
[0.476s] Level 1:colcon.colcon_core.package_identification:_identify(data) by extensions ['colcon_pkg']
[0.476s] Level 1:colcon.colcon_core.package_identification:_identify(data) by extension 'colcon_pkg'
[0.476s] Level 1:colcon.colcon_core.package_identification:_identify(data) by extensions ['colcon_meta']
[0.476s] Level 1:colcon.colcon_core.package_identification:_identify(data) by extension 'colcon_meta'
[0.476s] Level 1:colcon.colcon_core.package_identification:_identify(data) by extensions ['ros']
[0.476s] Level 1:colcon.colcon_core.package_identification:_identify(data) by extension 'ros'
[0.477s] Level 1:colcon.colcon_core.package_identification:_identify(data) by extensions ['cmake', 'python']
[0.477s] Level 1:colcon.colcon_core.package_identification:_identify(data) by extension 'cmake'
[0.477s] Level 1:colcon.colcon_core.package_identification:_identify(data) by extension 'python'
[0.477s] Level 1:colcon.colcon_core.package_identification:_identify(data) by extensions ['python_setup_py']
[0.477s] Level 1:colcon.colcon_core.package_identification:_identify(data) by extension 'python_setup_py'
[0.477s] Level 1:colcon.colcon_core.package_identification:_identify(install) by extensions ['ignore', 'ignore_ament_install']
[0.477s] Level 1:colcon.colcon_core.package_identification:_identify(install) by extension 'ignore'
[0.477s] Level 1:colcon.colcon_core.package_identification:_identify(install) ignored
[0.477s] Level 1:colcon.colcon_core.package_identification:_identify(log) by extensions ['ignore', 'ignore_ament_install']
[0.477s] Level 1:colcon.colcon_core.package_identification:_identify(log) by extension 'ignore'
[0.477s] Level 1:colcon.colcon_core.package_identification:_identify(log) ignored
[0.477s] Level 1:colcon.colcon_core.package_identification:_identify(src) by extensions ['ignore', 'ignore_ament_install']
[0.477s] Level 1:colcon.colcon_core.package_identification:_identify(src) by extension 'ignore'
[0.477s] Level 1:colcon.colcon_core.package_identification:_identify(src) by extension 'ignore_ament_install'
[0.477s] Level 1:colcon.colcon_core.package_identification:_identify(src) by extensions ['colcon_pkg']
[0.477s] Level 1:colcon.colcon_core.package_identification:_identify(src) by extension 'colcon_pkg'
[0.477s] Level 1:colcon.colcon_core.package_identification:_identify(src) by extensions ['colcon_meta']
[0.477s] Level 1:colcon.colcon_core.package_identification:_identify(src) by extension 'colcon_meta'
[0.477s] Level 1:colcon.colcon_core.package_identification:_identify(src) by extensions ['ros']
[0.477s] Level 1:colcon.colcon_core.package_identification:_identify(src) by extension 'ros'
[0.477s] Level 1:colcon.colcon_core.package_identification:_identify(src) by extensions ['cmake', 'python']
[0.477s] Level 1:colcon.colcon_core.package_identification:_identify(src) by extension 'cmake'
[0.477s] Level 1:colcon.colcon_core.package_identification:_identify(src) by extension 'python'
[0.477s] Level 1:colcon.colcon_core.package_identification:_identify(src) by extensions ['python_setup_py']
[0.477s] Level 1:colcon.colcon_core.package_identification:_identify(src) by extension 'python_setup_py'
[0.477s] Level 1:colcon.colcon_core.package_identification:_identify(src/fslam_base) by extensions ['ignore', 'ignore_ament_install']
[0.477s] Level 1:colcon.colcon_core.package_identification:_identify(src/fslam_base) by extension 'ignore'
[0.478s] Level 1:colcon.colcon_core.package_identification:_identify(src/fslam_base) by extension 'ignore_ament_install'
[0.478s] Level 1:colcon.colcon_core.package_identification:_identify(src/fslam_base) by extensions ['colcon_pkg']
[0.478s] Level 1:colcon.colcon_core.package_identification:_identify(src/fslam_base) by extension 'colcon_pkg'
[0.478s] Level 1:colcon.colcon_core.package_identification:_identify(src/fslam_base) by extensions ['colcon_meta']
[0.478s] Level 1:colcon.colcon_core.package_identification:_identify(src/fslam_base) by extension 'colcon_meta'
[0.478s] Level 1:colcon.colcon_core.package_identification:_identify(src/fslam_base) by extensions ['ros']
[0.478s] Level 1:colcon.colcon_core.package_identification:_identify(src/fslam_base) by extension 'ros'
[0.480s] DEBUG:colcon.colcon_core.package_identification:Package 'src/fslam_base' with type 'ros.ament_python' and name 'fslam_base'
[0.480s] Level 1:colcon.colcon_core.package_discovery:discover_packages(recursive) using defaults
[0.480s] Level 1:colcon.colcon_core.package_discovery:discover_packages(ignore) discover
[0.480s] Level 1:colcon.colcon_core.package_discovery:discover_packages(ignore) using defaults
[0.480s] Level 1:colcon.colcon_core.package_discovery:discover_packages(path) discover
[0.480s] Level 1:colcon.colcon_core.package_discovery:discover_packages(path) using defaults
[0.499s] Level 1:colcon.colcon_core.package_discovery:discover_packages(prefix_path) check parameters
[0.500s] Level 1:colcon.colcon_core.package_discovery:discover_packages(prefix_path) discover
[0.508s] DEBUG:colcon.colcon_installed_package_information.package_discovery:Found 10 installed packages in /home/armaanm/eufs/install
[0.508s] DEBUG:colcon.colcon_installed_package_information.package_discovery:Found 4 installed packages in /home/armaanm/eufs_dev/eufs_data/install
[0.508s] DEBUG:colcon.colcon_installed_package_information.package_discovery:Found 1 installed packages in /home/armaanm/eufs_dev/FastSLAM/install
[0.509s] DEBUG:colcon.colcon_installed_package_information.package_discovery:Found 280 installed packages in /opt/ros/galactic
[0.518s] Level 1:colcon.colcon_core.package_discovery:discover_packages(prefix_path) using defaults
[0.593s] Level 5:colcon.colcon_core.verb:set package 'fslam_base' build argument 'cmake_args' from command line to 'None'
[0.593s] Level 5:colcon.colcon_core.verb:set package 'fslam_base' build argument 'cmake_target' from command line to 'None'
[0.593s] Level 5:colcon.colcon_core.verb:set package 'fslam_base' build argument 'cmake_target_skip_unavailable' from command line to 'False'
[0.593s] Level 5:colcon.colcon_core.verb:set package 'fslam_base' build argument 'cmake_clean_cache' from command line to 'False'
[0.593s] Level 5:colcon.colcon_core.verb:set package 'fslam_base' build argument 'cmake_clean_first' from command line to 'False'
[0.593s] Level 5:colcon.colcon_core.verb:set package 'fslam_base' build argument 'cmake_force_configure' from command line to 'False'
[0.593s] Level 5:colcon.colcon_core.verb:set package 'fslam_base' build argument 'ament_cmake_args' from command line to 'None'
[0.593s] Level 5:colcon.colcon_core.verb:set package 'fslam_base' build argument 'catkin_cmake_args' from command line to 'None'
[0.593s] Level 5:colcon.colcon_core.verb:set package 'fslam_base' build argument 'catkin_skip_building_tests' from command line to 'False'
[0.593s] DEBUG:colcon.colcon_core.verb:Building package 'fslam_base' with the following arguments: {'ament_cmake_args': None, 'build_base': '/home/armaanm/eufs_dev/FastSLAM/build/fslam_base', 'catkin_cmake_args': None, 'catkin_skip_building_tests': False, 'cmake_args': None, 'cmake_clean_cache': False, 'cmake_clean_first': False, 'cmake_force_configure': False, 'cmake_target': None, 'cmake_target_skip_unavailable': False, 'install_base': '/home/armaanm/eufs_dev/FastSLAM/install/fslam_base', 'merge_install': False, 'path': '/home/armaanm/eufs_dev/FastSLAM/src/fslam_base', 'symlink_install': False, 'test_result_base': None}
[0.593s] INFO:colcon.colcon_core.executor:Executing jobs using 'parallel' executor
[0.594s] DEBUG:colcon.colcon_parallel_executor.executor.parallel:run_until_complete
[0.595s] INFO:colcon.colcon_ros.task.ament_python.build:Building ROS package in '/home/armaanm/eufs_dev/FastSLAM/src/fslam_base' with build type 'ament_python'
[0.595s] Level 1:colcon.colcon_core.shell:create_environment_hook('fslam_base', 'ament_prefix_path')
[0.601s] INFO:colcon.colcon_core.plugin_system:Skipping extension 'colcon_core.shell.bat': Not used on non-Windows systems
[0.601s] INFO:colcon.colcon_core.shell:Creating environment hook '/home/armaanm/eufs_dev/FastSLAM/install/fslam_base/share/fslam_base/hook/ament_prefix_path.ps1'
[0.602s] INFO:colcon.colcon_core.shell:Creating environment descriptor '/home/armaanm/eufs_dev/FastSLAM/install/fslam_base/share/fslam_base/hook/ament_prefix_path.dsv'
[0.603s] INFO:colcon.colcon_core.shell:Creating environment hook '/home/armaanm/eufs_dev/FastSLAM/install/fslam_base/share/fslam_base/hook/ament_prefix_path.sh'
[0.604s] INFO:colcon.colcon_core.shell:Skip shell extension 'powershell' for command environment: Not usable outside of PowerShell
[0.604s] DEBUG:colcon.colcon_core.shell:Skip shell extension 'dsv' for command environment
[0.794s] INFO:colcon.colcon_core.task.python.build:Building Python package in '/home/armaanm/eufs_dev/FastSLAM/src/fslam_base'
[0.795s] INFO:colcon.colcon_core.shell:Skip shell extension 'powershell' for command environment: Not usable outside of PowerShell
[0.795s] DEBUG:colcon.colcon_core.shell:Skip shell extension 'dsv' for command environment
[1.209s] DEBUG:colcon.colcon_core.event_handler.log_command:Invoking command in '/home/armaanm/eufs_dev/FastSLAM/build/fslam_base': PYTHONPATH=/home/armaanm/eufs_dev/FastSLAM/build/fslam_base/prefix_override:/usr/lib/python3/dist-packages/colcon_core/task/python/colcon_distutils_commands:/home/armaanm/eufs_dev/FastSLAM/install/fslam_base/lib/python3.8/site-packages:${PYTHONPATH} /usr/bin/python3 -W ignore:setup.py install is deprecated -W ignore:easy_install command is deprecated setup.py develop --uninstall --editable --build-directory /home/armaanm/eufs_dev/FastSLAM/build/fslam_base/build
[1.518s] DEBUG:colcon.colcon_core.event_handler.log_command:Invoked command in '/home/armaanm/eufs_dev/FastSLAM/build/fslam_base' returned '0': PYTHONPATH=/home/armaanm/eufs_dev/FastSLAM/build/fslam_base/prefix_override:/usr/lib/python3/dist-packages/colcon_core/task/python/colcon_distutils_commands:/home/armaanm/eufs_dev/FastSLAM/install/fslam_base/lib/python3.8/site-packages:${PYTHONPATH} /usr/bin/python3 -W ignore:setup.py install is deprecated -W ignore:easy_install command is deprecated setup.py develop --uninstall --editable --build-directory /home/armaanm/eufs_dev/FastSLAM/build/fslam_base/build
[1.522s] DEBUG:colcon.colcon_core.event_handler.log_command:Invoking command in '/home/armaanm/eufs_dev/FastSLAM/src/fslam_base': PYTHONPATH=/home/armaanm/eufs_dev/FastSLAM/build/fslam_base/prefix_override:/usr/lib/python3/dist-packages/colcon_core/task/python/colcon_distutils_commands:/home/armaanm/eufs_dev/FastSLAM/install/fslam_base/lib/python3.8/site-packages:${PYTHONPATH} /usr/bin/python3 -W ignore:setup.py install is deprecated -W ignore:easy_install command is deprecated setup.py egg_info --egg-base ../../build/fslam_base build --build-base /home/armaanm/eufs_dev/FastSLAM/build/fslam_base/build install --record /home/armaanm/eufs_dev/FastSLAM/build/fslam_base/install.log --single-version-externally-managed install_data --force
[1.776s] DEBUG:colcon.colcon_core.event_handler.log_command:Invoked command in '/home/armaanm/eufs_dev/FastSLAM/src/fslam_base' returned '0': PYTHONPATH=/home/armaanm/eufs_dev/FastSLAM/build/fslam_base/prefix_override:/usr/lib/python3/dist-packages/colcon_core/task/python/colcon_distutils_commands:/home/armaanm/eufs_dev/FastSLAM/install/fslam_base/lib/python3.8/site-packages:${PYTHONPATH} /usr/bin/python3 -W ignore:setup.py install is deprecated -W ignore:easy_install command is deprecated setup.py egg_info --egg-base ../../build/fslam_base build --build-base /home/armaanm/eufs_dev/FastSLAM/build/fslam_base/build install --record /home/armaanm/eufs_dev/FastSLAM/build/fslam_base/install.log --single-version-externally-managed install_data --force
[1.784s] Level 1:colcon.colcon_core.environment:checking '/home/armaanm/eufs_dev/FastSLAM/install/fslam_base' for CMake module files
[1.785s] Level 1:colcon.colcon_core.environment:checking '/home/armaanm/eufs_dev/FastSLAM/install/fslam_base' for CMake config files
[1.785s] Level 1:colcon.colcon_core.environment:checking '/home/armaanm/eufs_dev/FastSLAM/install/fslam_base/lib'
[1.785s] Level 1:colcon.colcon_core.environment:checking '/home/armaanm/eufs_dev/FastSLAM/install/fslam_base/bin'
[1.785s] Level 1:colcon.colcon_core.environment:checking '/home/armaanm/eufs_dev/FastSLAM/install/fslam_base/lib/pkgconfig/fslam_base.pc'
[1.786s] Level 1:colcon.colcon_core.environment:checking '/home/armaanm/eufs_dev/FastSLAM/install/fslam_base/lib/python3.8/site-packages'
[1.786s] Level 1:colcon.colcon_core.shell:create_environment_hook('fslam_base', 'pythonpath')
[1.786s] INFO:colcon.colcon_core.shell:Creating environment hook '/home/armaanm/eufs_dev/FastSLAM/install/fslam_base/share/fslam_base/hook/pythonpath.ps1'
[1.786s] INFO:colcon.colcon_core.shell:Creating environment descriptor '/home/armaanm/eufs_dev/FastSLAM/install/fslam_base/share/fslam_base/hook/pythonpath.dsv'
[1.787s] INFO:colcon.colcon_core.shell:Creating environment hook '/home/armaanm/eufs_dev/FastSLAM/install/fslam_base/share/fslam_base/hook/pythonpath.sh'
[1.787s] Level 1:colcon.colcon_core.environment:checking '/home/armaanm/eufs_dev/FastSLAM/install/fslam_base/bin'
[1.787s] Level 1:colcon.colcon_core.environment:create_environment_scripts_only(fslam_base)
[1.787s] INFO:colcon.colcon_core.shell:Creating package script '/home/armaanm/eufs_dev/FastSLAM/install/fslam_base/share/fslam_base/package.ps1'
[1.788s] INFO:colcon.colcon_core.shell:Creating package descriptor '/home/armaanm/eufs_dev/FastSLAM/install/fslam_base/share/fslam_base/package.dsv'
[1.789s] INFO:colcon.colcon_core.shell:Creating package script '/home/armaanm/eufs_dev/FastSLAM/install/fslam_base/share/fslam_base/package.sh'
[1.789s] INFO:colcon.colcon_core.shell:Creating package script '/home/armaanm/eufs_dev/FastSLAM/install/fslam_base/share/fslam_base/package.bash'
[1.790s] INFO:colcon.colcon_core.shell:Creating package script '/home/armaanm/eufs_dev/FastSLAM/install/fslam_base/share/fslam_base/package.zsh'
[1.791s] Level 1:colcon.colcon_core.environment:create_file_with_runtime_dependencies(/home/armaanm/eufs_dev/FastSLAM/install/fslam_base/share/colcon-core/packages/fslam_base)
[1.791s] DEBUG:colcon.colcon_parallel_executor.executor.parallel:closing loop
[1.792s] DEBUG:colcon.colcon_parallel_executor.executor.parallel:loop closed
[1.792s] DEBUG:colcon.colcon_parallel_executor.executor.parallel:run_until_complete finished with '0'
[1.792s] DEBUG:colcon.colcon_core.event_reactor:joining thread
[1.849s] INFO:colcon.colcon_core.plugin_system:Skipping extension 'colcon_notification.desktop_notification.notify_send': Could not find 'notify-send'
[1.849s] INFO:colcon.colcon_core.plugin_system:Skipping extension 'colcon_notification.desktop_notification.terminal_notifier': Not used on non-Darwin systems
[1.849s] INFO:colcon.colcon_core.plugin_system:Skipping extension 'colcon_notification.desktop_notification.win32': Not used on non-Windows systems
[1.849s] INFO:colcon.colcon_notification.desktop_notification:Sending desktop notification using 'notify2'
[1.851s] DEBUG:colcon.colcon_notification.desktop_notification.notify2:Failed to initialize notify2: org.freedesktop.DBus.Error.ServiceUnknown: The name org.freedesktop.Notifications was not provided by any .service files
[1.851s] DEBUG:colcon.colcon_core.event_reactor:joined thread
[1.852s] INFO:colcon.colcon_core.shell:Creating prefix script '/home/armaanm/eufs_dev/FastSLAM/install/local_setup.ps1'
[1.853s] INFO:colcon.colcon_core.shell:Creating prefix util module '/home/armaanm/eufs_dev/FastSLAM/install/_local_setup_util_ps1.py'
[1.855s] INFO:colcon.colcon_core.shell:Creating prefix chain script '/home/armaanm/eufs_dev/FastSLAM/install/setup.ps1'
[1.857s] INFO:colcon.colcon_core.shell:Creating prefix script '/home/armaanm/eufs_dev/FastSLAM/install/local_setup.sh'
[1.857s] INFO:colcon.colcon_core.shell:Creating prefix util module '/home/armaanm/eufs_dev/FastSLAM/install/_local_setup_util_sh.py'
[1.858s] INFO:colcon.colcon_core.shell:Creating prefix chain script '/home/armaanm/eufs_dev/FastSLAM/install/setup.sh'
[1.859s] INFO:colcon.colcon_core.shell:Creating prefix script '/home/armaanm/eufs_dev/FastSLAM/install/local_setup.bash'
[1.860s] INFO:colcon.colcon_core.shell:Creating prefix chain script '/home/armaanm/eufs_dev/FastSLAM/install/setup.bash'
[1.861s] INFO:colcon.colcon_core.shell:Creating prefix script '/home/armaanm/eufs_dev/FastSLAM/install/local_setup.zsh'
[1.862s] INFO:colcon.colcon_core.shell:Creating prefix chain script '/home/armaanm/eufs_dev/FastSLAM/install/setup.zsh'
