[0.715s] Invoking command in '/home/armaanm/eufs_dev/FastSLAM/build/fslam_da': PYTHONPATH=/home/armaanm/eufs_dev/FastSLAM/build/fslam_da/prefix_override:/usr/lib/python3/dist-packages/colcon_core/task/python/colcon_distutils_commands:/home/armaanm/eufs_dev/FastSLAM/install/fslam_da/lib/python3.8/site-packages:${PYTHONPATH} /usr/bin/python3 -W ignore:setup.py install is deprecated -W ignore:easy_install command is deprecated setup.py develop --editable --build-directory /home/armaanm/eufs_dev/FastSLAM/build/fslam_da/build --no-deps symlink_data
[0.849s] running develop
[0.925s] running egg_info
[0.925s] writing fslam_da.egg-info/PKG-INFO
[0.926s] writing dependency_links to fslam_da.egg-info/dependency_links.txt
[0.926s] writing entry points to fslam_da.egg-info/entry_points.txt
[0.926s] writing requirements to fslam_da.egg-info/requires.txt
[0.926s] writing top-level names to fslam_da.egg-info/top_level.txt
[0.944s] reading manifest file 'fslam_da.egg-info/SOURCES.txt'
[0.946s] writing manifest file 'fslam_da.egg-info/SOURCES.txt'
[0.961s] running build_ext
[0.964s] Creating /home/armaanm/eufs_dev/FastSLAM/install/fslam_da/lib/python3.8/site-packages/fslam-da.egg-link (link to .)
[0.965s] Installing filter script to /home/armaanm/eufs_dev/FastSLAM/install/fslam_da/lib/fslam_da
[0.965s] Installing hungarian script to /home/armaanm/eufs_dev/FastSLAM/install/fslam_da/lib/fslam_da
[0.965s] Installing icp script to /home/armaanm/eufs_dev/FastSLAM/install/fslam_da/lib/fslam_da
[0.965s] Installing ijcbb script to /home/armaanm/eufs_dev/FastSLAM/install/fslam_da/lib/fslam_da
[0.965s] Installing jcbb script to /home/armaanm/eufs_dev/FastSLAM/install/fslam_da/lib/fslam_da
[0.965s] 
[0.965s] Installed /home/armaanm/eufs_dev/FastSLAM/build/fslam_da
[0.965s] running symlink_data
[0.995s] Invoked command in '/home/armaanm/eufs_dev/FastSLAM/build/fslam_da' returned '0': PYTHONPATH=/home/armaanm/eufs_dev/FastSLAM/build/fslam_da/prefix_override:/usr/lib/python3/dist-packages/colcon_core/task/python/colcon_distutils_commands:/home/armaanm/eufs_dev/FastSLAM/install/fslam_da/lib/python3.8/site-packages:${PYTHONPATH} /usr/bin/python3 -W ignore:setup.py install is deprecated -W ignore:easy_install command is deprecated setup.py develop --editable --build-directory /home/armaanm/eufs_dev/FastSLAM/build/fslam_da/build --no-deps symlink_data
