[0.216s] DEBUG:colcon:Command line arguments: ['/usr/bin/colcon', 'build', '--symlink-install']
[0.216s] DEBUG:colcon:Parsed command line arguments: Namespace(allow_overriding=[], ament_cmake_args=None, base_paths=['.'], build_base='build', catkin_cmake_args=None, catkin_skip_building_tests=False, cmake_args=None, cmake_clean_cache=False, cmake_clean_first=False, cmake_force_configure=False, cmake_target=None, cmake_target_skip_unavailable=False, continue_on_error=False, event_handlers=None, executor='parallel', ignore_user_meta=False, install_base='install', log_base=None, log_level=None, main=<bound method BuildVerb.main of <colcon_core.verb.build.BuildVerb object at 0x72485d9c8850>>, merge_install=False, metas=['./colcon.meta'], packages_above=None, packages_above_and_dependencies=None, packages_above_depth=None, packages_end=None, packages_ignore=None, packages_ignore_regex=None, packages_select=None, packages_select_build_failed=False, packages_select_by_dep=None, packages_select_regex=None, packages_select_test_failures=False, packages_skip=None, packages_skip_build_finished=False, packages_skip_by_dep=None, packages_skip_regex=None, packages_skip_test_passed=False, packages_skip_up_to=None, packages_start=None, packages_up_to=None, packages_up_to_regex=None, parallel_workers=32, paths=None, symlink_install=True, test_result_base=None, verb_extension=<colcon_core.verb.build.BuildVerb object at 0x72485d9c8850>, verb_name='build', verb_parser=<colcon_defaults.argument_parser.defaults.DefaultArgumentsDecorator object at 0x72485d9da0a0>)
[0.320s] Level 1:colcon.colcon_core.package_discovery:discover_packages(colcon_meta) check parameters
[0.320s] Level 1:colcon.colcon_core.package_discovery:discover_packages(recursive) check parameters
[0.320s] Level 1:colcon.colcon_core.package_discovery:discover_packages(ignore) check parameters
[0.320s] Level 1:colcon.colcon_core.package_discovery:discover_packages(path) check parameters
[0.320s] Level 1:colcon.colcon_core.package_discovery:discover_packages(colcon_meta) discover
[0.320s] Level 1:colcon.colcon_core.package_discovery:discover_packages(recursive) discover
[0.320s] INFO:colcon.colcon_core.package_discovery:Crawling recursively for packages in '/home/armaanm/eufs_dev/FastSLAM'
[0.320s] Level 1:colcon.colcon_core.package_identification:_identify(.) by extensions ['ignore', 'ignore_ament_install']
[0.321s] Level 1:colcon.colcon_core.package_identification:_identify(.) by extension 'ignore'
[0.321s] Level 1:colcon.colcon_core.package_identification:_identify(.) by extension 'ignore_ament_install'
[0.321s] Level 1:colcon.colcon_core.package_identification:_identify(.) by extensions ['colcon_pkg']
[0.321s] Level 1:colcon.colcon_core.package_identification:_identify(.) by extension 'colcon_pkg'
[0.321s] Level 1:colcon.colcon_core.package_identification:_identify(.) by extensions ['colcon_meta']
[0.321s] Level 1:colcon.colcon_core.package_identification:_identify(.) by extension 'colcon_meta'
[0.321s] Level 1:colcon.colcon_core.package_identification:_identify(.) by extensions ['ros']
[0.321s] Level 1:colcon.colcon_core.package_identification:_identify(.) by extension 'ros'
[0.330s] Level 1:colcon.colcon_core.package_identification:_identify(.) by extensions ['cmake', 'python']
[0.330s] Level 1:colcon.colcon_core.package_identification:_identify(.) by extension 'cmake'
[0.330s] Level 1:colcon.colcon_core.package_identification:_identify(.) by extension 'python'
[0.330s] Level 1:colcon.colcon_core.package_identification:_identify(.) by extensions ['python_setup_py']
[0.330s] Level 1:colcon.colcon_core.package_identification:_identify(.) by extension 'python_setup_py'
[0.330s] Level 1:colcon.colcon_core.package_identification:_identify(EUFSIM Setup) by extensions ['ignore', 'ignore_ament_install']
[0.330s] Level 1:colcon.colcon_core.package_identification:_identify(EUFSIM Setup) by extension 'ignore'
[0.330s] Level 1:colcon.colcon_core.package_identification:_identify(EUFSIM Setup) by extension 'ignore_ament_install'
[0.330s] Level 1:colcon.colcon_core.package_identification:_identify(EUFSIM Setup) by extensions ['colcon_pkg']
[0.330s] Level 1:colcon.colcon_core.package_identification:_identify(EUFSIM Setup) by extension 'colcon_pkg'
[0.330s] Level 1:colcon.colcon_core.package_identification:_identify(EUFSIM Setup) by extensions ['colcon_meta']
[0.330s] Level 1:colcon.colcon_core.package_identification:_identify(EUFSIM Setup) by extension 'colcon_meta'
[0.330s] Level 1:colcon.colcon_core.package_identification:_identify(EUFSIM Setup) by extensions ['ros']
[0.330s] Level 1:colcon.colcon_core.package_identification:_identify(EUFSIM Setup) by extension 'ros'
[0.330s] Level 1:colcon.colcon_core.package_identification:_identify(EUFSIM Setup) by extensions ['cmake', 'python']
[0.330s] Level 1:colcon.colcon_core.package_identification:_identify(EUFSIM Setup) by extension 'cmake'
[0.330s] Level 1:colcon.colcon_core.package_identification:_identify(EUFSIM Setup) by extension 'python'
[0.330s] Level 1:colcon.colcon_core.package_identification:_identify(EUFSIM Setup) by extensions ['python_setup_py']
[0.330s] Level 1:colcon.colcon_core.package_identification:_identify(EUFSIM Setup) by extension 'python_setup_py'
[0.330s] Level 1:colcon.colcon_core.package_identification:_identify(build) by extensions ['ignore', 'ignore_ament_install']
[0.330s] Level 1:colcon.colcon_core.package_identification:_identify(build) by extension 'ignore'
[0.330s] Level 1:colcon.colcon_core.package_identification:_identify(build) ignored
[0.331s] Level 1:colcon.colcon_core.package_identification:_identify(data) by extensions ['ignore', 'ignore_ament_install']
[0.331s] Level 1:colcon.colcon_core.package_identification:_identify(data) by extension 'ignore'
[0.331s] Level 1:colcon.colcon_core.package_identification:_identify(data) by extension 'ignore_ament_install'
[0.331s] Level 1:colcon.colcon_core.package_identification:_identify(data) by extensions ['colcon_pkg']
[0.331s] Level 1:colcon.colcon_core.package_identification:_identify(data) by extension 'colcon_pkg'
[0.331s] Level 1:colcon.colcon_core.package_identification:_identify(data) by extensions ['colcon_meta']
[0.331s] Level 1:colcon.colcon_core.package_identification:_identify(data) by extension 'colcon_meta'
[0.331s] Level 1:colcon.colcon_core.package_identification:_identify(data) by extensions ['ros']
[0.331s] Level 1:colcon.colcon_core.package_identification:_identify(data) by extension 'ros'
[0.331s] Level 1:colcon.colcon_core.package_identification:_identify(data) by extensions ['cmake', 'python']
[0.331s] Level 1:colcon.colcon_core.package_identification:_identify(data) by extension 'cmake'
[0.331s] Level 1:colcon.colcon_core.package_identification:_identify(data) by extension 'python'
[0.331s] Level 1:colcon.colcon_core.package_identification:_identify(data) by extensions ['python_setup_py']
[0.331s] Level 1:colcon.colcon_core.package_identification:_identify(data) by extension 'python_setup_py'
[0.331s] Level 1:colcon.colcon_core.package_identification:_identify(install) by extensions ['ignore', 'ignore_ament_install']
[0.331s] Level 1:colcon.colcon_core.package_identification:_identify(install) by extension 'ignore'
[0.331s] Level 1:colcon.colcon_core.package_identification:_identify(install) ignored
[0.331s] Level 1:colcon.colcon_core.package_identification:_identify(log) by extensions ['ignore', 'ignore_ament_install']
[0.331s] Level 1:colcon.colcon_core.package_identification:_identify(log) by extension 'ignore'
[0.331s] Level 1:colcon.colcon_core.package_identification:_identify(log) ignored
[0.331s] Level 1:colcon.colcon_core.package_identification:_identify(src) by extensions ['ignore', 'ignore_ament_install']
[0.331s] Level 1:colcon.colcon_core.package_identification:_identify(src) by extension 'ignore'
[0.332s] Level 1:colcon.colcon_core.package_identification:_identify(src) by extension 'ignore_ament_install'
[0.332s] Level 1:colcon.colcon_core.package_identification:_identify(src) by extensions ['colcon_pkg']
[0.332s] Level 1:colcon.colcon_core.package_identification:_identify(src) by extension 'colcon_pkg'
[0.332s] Level 1:colcon.colcon_core.package_identification:_identify(src) by extensions ['colcon_meta']
[0.332s] Level 1:colcon.colcon_core.package_identification:_identify(src) by extension 'colcon_meta'
[0.332s] Level 1:colcon.colcon_core.package_identification:_identify(src) by extensions ['ros']
[0.332s] Level 1:colcon.colcon_core.package_identification:_identify(src) by extension 'ros'
[0.332s] Level 1:colcon.colcon_core.package_identification:_identify(src) by extensions ['cmake', 'python']
[0.332s] Level 1:colcon.colcon_core.package_identification:_identify(src) by extension 'cmake'
[0.332s] Level 1:colcon.colcon_core.package_identification:_identify(src) by extension 'python'
[0.332s] Level 1:colcon.colcon_core.package_identification:_identify(src) by extensions ['python_setup_py']
[0.332s] Level 1:colcon.colcon_core.package_identification:_identify(src) by extension 'python_setup_py'
[0.332s] Level 1:colcon.colcon_core.package_identification:_identify(src/fslam_base) by extensions ['ignore', 'ignore_ament_install']
[0.332s] Level 1:colcon.colcon_core.package_identification:_identify(src/fslam_base) by extension 'ignore'
[0.332s] Level 1:colcon.colcon_core.package_identification:_identify(src/fslam_base) by extension 'ignore_ament_install'
[0.332s] Level 1:colcon.colcon_core.package_identification:_identify(src/fslam_base) by extensions ['colcon_pkg']
[0.332s] Level 1:colcon.colcon_core.package_identification:_identify(src/fslam_base) by extension 'colcon_pkg'
[0.332s] Level 1:colcon.colcon_core.package_identification:_identify(src/fslam_base) by extensions ['colcon_meta']
[0.332s] Level 1:colcon.colcon_core.package_identification:_identify(src/fslam_base) by extension 'colcon_meta'
[0.332s] Level 1:colcon.colcon_core.package_identification:_identify(src/fslam_base) by extensions ['ros']
[0.332s] Level 1:colcon.colcon_core.package_identification:_identify(src/fslam_base) by extension 'ros'
[0.334s] DEBUG:colcon.colcon_core.package_identification:Package 'src/fslam_base' with type 'ros.ament_python' and name 'fslam_base'
[0.335s] Level 1:colcon.colcon_core.package_identification:_identify(src/fslam_da) by extensions ['ignore', 'ignore_ament_install']
[0.335s] Level 1:colcon.colcon_core.package_identification:_identify(src/fslam_da) by extension 'ignore'
[0.335s] Level 1:colcon.colcon_core.package_identification:_identify(src/fslam_da) by extension 'ignore_ament_install'
[0.335s] Level 1:colcon.colcon_core.package_identification:_identify(src/fslam_da) by extensions ['colcon_pkg']
[0.335s] Level 1:colcon.colcon_core.package_identification:_identify(src/fslam_da) by extension 'colcon_pkg'
[0.335s] Level 1:colcon.colcon_core.package_identification:_identify(src/fslam_da) by extensions ['colcon_meta']
[0.335s] Level 1:colcon.colcon_core.package_identification:_identify(src/fslam_da) by extension 'colcon_meta'
[0.335s] Level 1:colcon.colcon_core.package_identification:_identify(src/fslam_da) by extensions ['ros']
[0.335s] Level 1:colcon.colcon_core.package_identification:_identify(src/fslam_da) by extension 'ros'
[0.335s] DEBUG:colcon.colcon_core.package_identification:Package 'src/fslam_da' with type 'ros.ament_python' and name 'fslam_da'
[0.335s] Level 1:colcon.colcon_core.package_identification:_identify(src/logs) by extensions ['ignore', 'ignore_ament_install']
[0.336s] Level 1:colcon.colcon_core.package_identification:_identify(src/logs) by extension 'ignore'
[0.336s] Level 1:colcon.colcon_core.package_identification:_identify(src/logs) by extension 'ignore_ament_install'
[0.336s] Level 1:colcon.colcon_core.package_identification:_identify(src/logs) by extensions ['colcon_pkg']
[0.336s] Level 1:colcon.colcon_core.package_identification:_identify(src/logs) by extension 'colcon_pkg'
[0.336s] Level 1:colcon.colcon_core.package_identification:_identify(src/logs) by extensions ['colcon_meta']
[0.336s] Level 1:colcon.colcon_core.package_identification:_identify(src/logs) by extension 'colcon_meta'
[0.336s] Level 1:colcon.colcon_core.package_identification:_identify(src/logs) by extensions ['ros']
[0.336s] Level 1:colcon.colcon_core.package_identification:_identify(src/logs) by extension 'ros'
[0.336s] Level 1:colcon.colcon_core.package_identification:_identify(src/logs) by extensions ['cmake', 'python']
[0.336s] Level 1:colcon.colcon_core.package_identification:_identify(src/logs) by extension 'cmake'
[0.336s] Level 1:colcon.colcon_core.package_identification:_identify(src/logs) by extension 'python'
[0.336s] Level 1:colcon.colcon_core.package_identification:_identify(src/logs) by extensions ['python_setup_py']
[0.336s] Level 1:colcon.colcon_core.package_identification:_identify(src/logs) by extension 'python_setup_py'
[0.336s] Level 1:colcon.colcon_core.package_identification:_identify(src/logs/fslam) by extensions ['ignore', 'ignore_ament_install']
[0.336s] Level 1:colcon.colcon_core.package_identification:_identify(src/logs/fslam) by extension 'ignore'
[0.336s] Level 1:colcon.colcon_core.package_identification:_identify(src/logs/fslam) by extension 'ignore_ament_install'
[0.336s] Level 1:colcon.colcon_core.package_identification:_identify(src/logs/fslam) by extensions ['colcon_pkg']
[0.336s] Level 1:colcon.colcon_core.package_identification:_identify(src/logs/fslam) by extension 'colcon_pkg'
[0.336s] Level 1:colcon.colcon_core.package_identification:_identify(src/logs/fslam) by extensions ['colcon_meta']
[0.336s] Level 1:colcon.colcon_core.package_identification:_identify(src/logs/fslam) by extension 'colcon_meta'
[0.336s] Level 1:colcon.colcon_core.package_identification:_identify(src/logs/fslam) by extensions ['ros']
[0.336s] Level 1:colcon.colcon_core.package_identification:_identify(src/logs/fslam) by extension 'ros'
[0.336s] Level 1:colcon.colcon_core.package_identification:_identify(src/logs/fslam) by extensions ['cmake', 'python']
[0.336s] Level 1:colcon.colcon_core.package_identification:_identify(src/logs/fslam) by extension 'cmake'
[0.336s] Level 1:colcon.colcon_core.package_identification:_identify(src/logs/fslam) by extension 'python'
[0.336s] Level 1:colcon.colcon_core.package_identification:_identify(src/logs/fslam) by extensions ['python_setup_py']
[0.336s] Level 1:colcon.colcon_core.package_identification:_identify(src/logs/fslam) by extension 'python_setup_py'
[0.336s] Level 1:colcon.colcon_core.package_identification:_identify(src/logs/fslam/20250928_185633) by extensions ['ignore', 'ignore_ament_install']
[0.336s] Level 1:colcon.colcon_core.package_identification:_identify(src/logs/fslam/20250928_185633) by extension 'ignore'
[0.337s] Level 1:colcon.colcon_core.package_identification:_identify(src/logs/fslam/20250928_185633) by extension 'ignore_ament_install'
[0.337s] Level 1:colcon.colcon_core.package_identification:_identify(src/logs/fslam/20250928_185633) by extensions ['colcon_pkg']
[0.337s] Level 1:colcon.colcon_core.package_identification:_identify(src/logs/fslam/20250928_185633) by extension 'colcon_pkg'
[0.337s] Level 1:colcon.colcon_core.package_identification:_identify(src/logs/fslam/20250928_185633) by extensions ['colcon_meta']
[0.337s] Level 1:colcon.colcon_core.package_identification:_identify(src/logs/fslam/20250928_185633) by extension 'colcon_meta'
[0.337s] Level 1:colcon.colcon_core.package_identification:_identify(src/logs/fslam/20250928_185633) by extensions ['ros']
[0.337s] Level 1:colcon.colcon_core.package_identification:_identify(src/logs/fslam/20250928_185633) by extension 'ros'
[0.337s] Level 1:colcon.colcon_core.package_identification:_identify(src/logs/fslam/20250928_185633) by extensions ['cmake', 'python']
[0.337s] Level 1:colcon.colcon_core.package_identification:_identify(src/logs/fslam/20250928_185633) by extension 'cmake'
[0.337s] Level 1:colcon.colcon_core.package_identification:_identify(src/logs/fslam/20250928_185633) by extension 'python'
[0.337s] Level 1:colcon.colcon_core.package_identification:_identify(src/logs/fslam/20250928_185633) by extensions ['python_setup_py']
[0.337s] Level 1:colcon.colcon_core.package_identification:_identify(src/logs/fslam/20250928_185633) by extension 'python_setup_py'
[0.337s] Level 1:colcon.colcon_core.package_identification:_identify(src/logs/fslam/20250928_190431) by extensions ['ignore', 'ignore_ament_install']
[0.337s] Level 1:colcon.colcon_core.package_identification:_identify(src/logs/fslam/20250928_190431) by extension 'ignore'
[0.337s] Level 1:colcon.colcon_core.package_identification:_identify(src/logs/fslam/20250928_190431) by extension 'ignore_ament_install'
[0.337s] Level 1:colcon.colcon_core.package_identification:_identify(src/logs/fslam/20250928_190431) by extensions ['colcon_pkg']
[0.337s] Level 1:colcon.colcon_core.package_identification:_identify(src/logs/fslam/20250928_190431) by extension 'colcon_pkg'
[0.337s] Level 1:colcon.colcon_core.package_identification:_identify(src/logs/fslam/20250928_190431) by extensions ['colcon_meta']
[0.337s] Level 1:colcon.colcon_core.package_identification:_identify(src/logs/fslam/20250928_190431) by extension 'colcon_meta'
[0.337s] Level 1:colcon.colcon_core.package_identification:_identify(src/logs/fslam/20250928_190431) by extensions ['ros']
[0.337s] Level 1:colcon.colcon_core.package_identification:_identify(src/logs/fslam/20250928_190431) by extension 'ros'
[0.337s] Level 1:colcon.colcon_core.package_identification:_identify(src/logs/fslam/20250928_190431) by extensions ['cmake', 'python']
[0.337s] Level 1:colcon.colcon_core.package_identification:_identify(src/logs/fslam/20250928_190431) by extension 'cmake'
[0.337s] Level 1:colcon.colcon_core.package_identification:_identify(src/logs/fslam/20250928_190431) by extension 'python'
[0.337s] Level 1:colcon.colcon_core.package_identification:_identify(src/logs/fslam/20250928_190431) by extensions ['python_setup_py']
[0.337s] Level 1:colcon.colcon_core.package_identification:_identify(src/logs/fslam/20250928_190431) by extension 'python_setup_py'
[0.337s] Level 1:colcon.colcon_core.package_identification:_identify(src/logs/fslam/20250928_204207) by extensions ['ignore', 'ignore_ament_install']
[0.337s] Level 1:colcon.colcon_core.package_identification:_identify(src/logs/fslam/20250928_204207) by extension 'ignore'
[0.337s] Level 1:colcon.colcon_core.package_identification:_identify(src/logs/fslam/20250928_204207) by extension 'ignore_ament_install'
[0.337s] Level 1:colcon.colcon_core.package_identification:_identify(src/logs/fslam/20250928_204207) by extensions ['colcon_pkg']
[0.338s] Level 1:colcon.colcon_core.package_identification:_identify(src/logs/fslam/20250928_204207) by extension 'colcon_pkg'
[0.338s] Level 1:colcon.colcon_core.package_identification:_identify(src/logs/fslam/20250928_204207) by extensions ['colcon_meta']
[0.338s] Level 1:colcon.colcon_core.package_identification:_identify(src/logs/fslam/20250928_204207) by extension 'colcon_meta'
[0.338s] Level 1:colcon.colcon_core.package_identification:_identify(src/logs/fslam/20250928_204207) by extensions ['ros']
[0.338s] Level 1:colcon.colcon_core.package_identification:_identify(src/logs/fslam/20250928_204207) by extension 'ros'
[0.338s] Level 1:colcon.colcon_core.package_identification:_identify(src/logs/fslam/20250928_204207) by extensions ['cmake', 'python']
[0.338s] Level 1:colcon.colcon_core.package_identification:_identify(src/logs/fslam/20250928_204207) by extension 'cmake'
[0.338s] Level 1:colcon.colcon_core.package_identification:_identify(src/logs/fslam/20250928_204207) by extension 'python'
[0.338s] Level 1:colcon.colcon_core.package_identification:_identify(src/logs/fslam/20250928_204207) by extensions ['python_setup_py']
[0.338s] Level 1:colcon.colcon_core.package_identification:_identify(src/logs/fslam/20250928_204207) by extension 'python_setup_py'
[0.338s] Level 1:colcon.colcon_core.package_identification:_identify(src/logs/fslam/20250928_223447) by extensions ['ignore', 'ignore_ament_install']
[0.338s] Level 1:colcon.colcon_core.package_identification:_identify(src/logs/fslam/20250928_223447) by extension 'ignore'
[0.338s] Level 1:colcon.colcon_core.package_identification:_identify(src/logs/fslam/20250928_223447) by extension 'ignore_ament_install'
[0.338s] Level 1:colcon.colcon_core.package_identification:_identify(src/logs/fslam/20250928_223447) by extensions ['colcon_pkg']
[0.338s] Level 1:colcon.colcon_core.package_identification:_identify(src/logs/fslam/20250928_223447) by extension 'colcon_pkg'
[0.338s] Level 1:colcon.colcon_core.package_identification:_identify(src/logs/fslam/20250928_223447) by extensions ['colcon_meta']
[0.338s] Level 1:colcon.colcon_core.package_identification:_identify(src/logs/fslam/20250928_223447) by extension 'colcon_meta'
[0.338s] Level 1:colcon.colcon_core.package_identification:_identify(src/logs/fslam/20250928_223447) by extensions ['ros']
[0.338s] Level 1:colcon.colcon_core.package_identification:_identify(src/logs/fslam/20250928_223447) by extension 'ros'
[0.338s] Level 1:colcon.colcon_core.package_identification:_identify(src/logs/fslam/20250928_223447) by extensions ['cmake', 'python']
[0.338s] Level 1:colcon.colcon_core.package_identification:_identify(src/logs/fslam/20250928_223447) by extension 'cmake'
[0.338s] Level 1:colcon.colcon_core.package_identification:_identify(src/logs/fslam/20250928_223447) by extension 'python'
[0.338s] Level 1:colcon.colcon_core.package_identification:_identify(src/logs/fslam/20250928_223447) by extensions ['python_setup_py']
[0.338s] Level 1:colcon.colcon_core.package_identification:_identify(src/logs/fslam/20250928_223447) by extension 'python_setup_py'
[0.338s] Level 1:colcon.colcon_core.package_identification:_identify(src/logs/fslam/20250928_223900) by extensions ['ignore', 'ignore_ament_install']
[0.338s] Level 1:colcon.colcon_core.package_identification:_identify(src/logs/fslam/20250928_223900) by extension 'ignore'
[0.338s] Level 1:colcon.colcon_core.package_identification:_identify(src/logs/fslam/20250928_223900) by extension 'ignore_ament_install'
[0.338s] Level 1:colcon.colcon_core.package_identification:_identify(src/logs/fslam/20250928_223900) by extensions ['colcon_pkg']
[0.338s] Level 1:colcon.colcon_core.package_identification:_identify(src/logs/fslam/20250928_223900) by extension 'colcon_pkg'
[0.338s] Level 1:colcon.colcon_core.package_identification:_identify(src/logs/fslam/20250928_223900) by extensions ['colcon_meta']
[0.339s] Level 1:colcon.colcon_core.package_identification:_identify(src/logs/fslam/20250928_223900) by extension 'colcon_meta'
[0.339s] Level 1:colcon.colcon_core.package_identification:_identify(src/logs/fslam/20250928_223900) by extensions ['ros']
[0.339s] Level 1:colcon.colcon_core.package_identification:_identify(src/logs/fslam/20250928_223900) by extension 'ros'
[0.339s] Level 1:colcon.colcon_core.package_identification:_identify(src/logs/fslam/20250928_223900) by extensions ['cmake', 'python']
[0.339s] Level 1:colcon.colcon_core.package_identification:_identify(src/logs/fslam/20250928_223900) by extension 'cmake'
[0.339s] Level 1:colcon.colcon_core.package_identification:_identify(src/logs/fslam/20250928_223900) by extension 'python'
[0.339s] Level 1:colcon.colcon_core.package_identification:_identify(src/logs/fslam/20250928_223900) by extensions ['python_setup_py']
[0.339s] Level 1:colcon.colcon_core.package_identification:_identify(src/logs/fslam/20250928_223900) by extension 'python_setup_py'
[0.339s] Level 1:colcon.colcon_core.package_identification:_identify(src/logs/fslam/20250928_225509) by extensions ['ignore', 'ignore_ament_install']
[0.339s] Level 1:colcon.colcon_core.package_identification:_identify(src/logs/fslam/20250928_225509) by extension 'ignore'
[0.339s] Level 1:colcon.colcon_core.package_identification:_identify(src/logs/fslam/20250928_225509) by extension 'ignore_ament_install'
[0.339s] Level 1:colcon.colcon_core.package_identification:_identify(src/logs/fslam/20250928_225509) by extensions ['colcon_pkg']
[0.339s] Level 1:colcon.colcon_core.package_identification:_identify(src/logs/fslam/20250928_225509) by extension 'colcon_pkg'
[0.339s] Level 1:colcon.colcon_core.package_identification:_identify(src/logs/fslam/20250928_225509) by extensions ['colcon_meta']
[0.339s] Level 1:colcon.colcon_core.package_identification:_identify(src/logs/fslam/20250928_225509) by extension 'colcon_meta'
[0.339s] Level 1:colcon.colcon_core.package_identification:_identify(src/logs/fslam/20250928_225509) by extensions ['ros']
[0.339s] Level 1:colcon.colcon_core.package_identification:_identify(src/logs/fslam/20250928_225509) by extension 'ros'
[0.339s] Level 1:colcon.colcon_core.package_identification:_identify(src/logs/fslam/20250928_225509) by extensions ['cmake', 'python']
[0.339s] Level 1:colcon.colcon_core.package_identification:_identify(src/logs/fslam/20250928_225509) by extension 'cmake'
[0.339s] Level 1:colcon.colcon_core.package_identification:_identify(src/logs/fslam/20250928_225509) by extension 'python'
[0.339s] Level 1:colcon.colcon_core.package_identification:_identify(src/logs/fslam/20250928_225509) by extensions ['python_setup_py']
[0.339s] Level 1:colcon.colcon_core.package_identification:_identify(src/logs/fslam/20250928_225509) by extension 'python_setup_py'
[0.339s] Level 1:colcon.colcon_core.package_identification:_identify(src/logs/fslam/20250928_230105) by extensions ['ignore', 'ignore_ament_install']
[0.339s] Level 1:colcon.colcon_core.package_identification:_identify(src/logs/fslam/20250928_230105) by extension 'ignore'
[0.339s] Level 1:colcon.colcon_core.package_identification:_identify(src/logs/fslam/20250928_230105) by extension 'ignore_ament_install'
[0.339s] Level 1:colcon.colcon_core.package_identification:_identify(src/logs/fslam/20250928_230105) by extensions ['colcon_pkg']
[0.339s] Level 1:colcon.colcon_core.package_identification:_identify(src/logs/fslam/20250928_230105) by extension 'colcon_pkg'
[0.339s] Level 1:colcon.colcon_core.package_identification:_identify(src/logs/fslam/20250928_230105) by extensions ['colcon_meta']
[0.339s] Level 1:colcon.colcon_core.package_identification:_identify(src/logs/fslam/20250928_230105) by extension 'colcon_meta'
[0.339s] Level 1:colcon.colcon_core.package_identification:_identify(src/logs/fslam/20250928_230105) by extensions ['ros']
[0.340s] Level 1:colcon.colcon_core.package_identification:_identify(src/logs/fslam/20250928_230105) by extension 'ros'
[0.340s] Level 1:colcon.colcon_core.package_identification:_identify(src/logs/fslam/20250928_230105) by extensions ['cmake', 'python']
[0.340s] Level 1:colcon.colcon_core.package_identification:_identify(src/logs/fslam/20250928_230105) by extension 'cmake'
[0.340s] Level 1:colcon.colcon_core.package_identification:_identify(src/logs/fslam/20250928_230105) by extension 'python'
[0.340s] Level 1:colcon.colcon_core.package_identification:_identify(src/logs/fslam/20250928_230105) by extensions ['python_setup_py']
[0.340s] Level 1:colcon.colcon_core.package_identification:_identify(src/logs/fslam/20250928_230105) by extension 'python_setup_py'
[0.340s] Level 1:colcon.colcon_core.package_identification:_identify(src/logs/fslam/20250928_231004) by extensions ['ignore', 'ignore_ament_install']
[0.340s] Level 1:colcon.colcon_core.package_identification:_identify(src/logs/fslam/20250928_231004) by extension 'ignore'
[0.340s] Level 1:colcon.colcon_core.package_identification:_identify(src/logs/fslam/20250928_231004) by extension 'ignore_ament_install'
[0.340s] Level 1:colcon.colcon_core.package_identification:_identify(src/logs/fslam/20250928_231004) by extensions ['colcon_pkg']
[0.340s] Level 1:colcon.colcon_core.package_identification:_identify(src/logs/fslam/20250928_231004) by extension 'colcon_pkg'
[0.340s] Level 1:colcon.colcon_core.package_identification:_identify(src/logs/fslam/20250928_231004) by extensions ['colcon_meta']
[0.340s] Level 1:colcon.colcon_core.package_identification:_identify(src/logs/fslam/20250928_231004) by extension 'colcon_meta'
[0.340s] Level 1:colcon.colcon_core.package_identification:_identify(src/logs/fslam/20250928_231004) by extensions ['ros']
[0.340s] Level 1:colcon.colcon_core.package_identification:_identify(src/logs/fslam/20250928_231004) by extension 'ros'
[0.340s] Level 1:colcon.colcon_core.package_identification:_identify(src/logs/fslam/20250928_231004) by extensions ['cmake', 'python']
[0.340s] Level 1:colcon.colcon_core.package_identification:_identify(src/logs/fslam/20250928_231004) by extension 'cmake'
[0.340s] Level 1:colcon.colcon_core.package_identification:_identify(src/logs/fslam/20250928_231004) by extension 'python'
[0.340s] Level 1:colcon.colcon_core.package_identification:_identify(src/logs/fslam/20250928_231004) by extensions ['python_setup_py']
[0.340s] Level 1:colcon.colcon_core.package_identification:_identify(src/logs/fslam/20250928_231004) by extension 'python_setup_py'
[0.340s] Level 1:colcon.colcon_core.package_identification:_identify(src/logs/fslam/20250928_232231) by extensions ['ignore', 'ignore_ament_install']
[0.340s] Level 1:colcon.colcon_core.package_identification:_identify(src/logs/fslam/20250928_232231) by extension 'ignore'
[0.340s] Level 1:colcon.colcon_core.package_identification:_identify(src/logs/fslam/20250928_232231) by extension 'ignore_ament_install'
[0.340s] Level 1:colcon.colcon_core.package_identification:_identify(src/logs/fslam/20250928_232231) by extensions ['colcon_pkg']
[0.340s] Level 1:colcon.colcon_core.package_identification:_identify(src/logs/fslam/20250928_232231) by extension 'colcon_pkg'
[0.340s] Level 1:colcon.colcon_core.package_identification:_identify(src/logs/fslam/20250928_232231) by extensions ['colcon_meta']
[0.340s] Level 1:colcon.colcon_core.package_identification:_identify(src/logs/fslam/20250928_232231) by extension 'colcon_meta'
[0.340s] Level 1:colcon.colcon_core.package_identification:_identify(src/logs/fslam/20250928_232231) by extensions ['ros']
[0.340s] Level 1:colcon.colcon_core.package_identification:_identify(src/logs/fslam/20250928_232231) by extension 'ros'
[0.340s] Level 1:colcon.colcon_core.package_identification:_identify(src/logs/fslam/20250928_232231) by extensions ['cmake', 'python']
[0.340s] Level 1:colcon.colcon_core.package_identification:_identify(src/logs/fslam/20250928_232231) by extension 'cmake'
[0.340s] Level 1:colcon.colcon_core.package_identification:_identify(src/logs/fslam/20250928_232231) by extension 'python'
[0.340s] Level 1:colcon.colcon_core.package_identification:_identify(src/logs/fslam/20250928_232231) by extensions ['python_setup_py']
[0.341s] Level 1:colcon.colcon_core.package_identification:_identify(src/logs/fslam/20250928_232231) by extension 'python_setup_py'
[0.341s] Level 1:colcon.colcon_core.package_identification:_identify(src/logs/fslam/20250928_232436) by extensions ['ignore', 'ignore_ament_install']
[0.341s] Level 1:colcon.colcon_core.package_identification:_identify(src/logs/fslam/20250928_232436) by extension 'ignore'
[0.341s] Level 1:colcon.colcon_core.package_identification:_identify(src/logs/fslam/20250928_232436) by extension 'ignore_ament_install'
[0.341s] Level 1:colcon.colcon_core.package_identification:_identify(src/logs/fslam/20250928_232436) by extensions ['colcon_pkg']
[0.341s] Level 1:colcon.colcon_core.package_identification:_identify(src/logs/fslam/20250928_232436) by extension 'colcon_pkg'
[0.341s] Level 1:colcon.colcon_core.package_identification:_identify(src/logs/fslam/20250928_232436) by extensions ['colcon_meta']
[0.341s] Level 1:colcon.colcon_core.package_identification:_identify(src/logs/fslam/20250928_232436) by extension 'colcon_meta'
[0.341s] Level 1:colcon.colcon_core.package_identification:_identify(src/logs/fslam/20250928_232436) by extensions ['ros']
[0.341s] Level 1:colcon.colcon_core.package_identification:_identify(src/logs/fslam/20250928_232436) by extension 'ros'
[0.341s] Level 1:colcon.colcon_core.package_identification:_identify(src/logs/fslam/20250928_232436) by extensions ['cmake', 'python']
[0.341s] Level 1:colcon.colcon_core.package_identification:_identify(src/logs/fslam/20250928_232436) by extension 'cmake'
[0.341s] Level 1:colcon.colcon_core.package_identification:_identify(src/logs/fslam/20250928_232436) by extension 'python'
[0.341s] Level 1:colcon.colcon_core.package_identification:_identify(src/logs/fslam/20250928_232436) by extensions ['python_setup_py']
[0.341s] Level 1:colcon.colcon_core.package_identification:_identify(src/logs/fslam/20250928_232436) by extension 'python_setup_py'
[0.341s] Level 1:colcon.colcon_core.package_identification:_identify(src/logs/fslam/20250928_232718) by extensions ['ignore', 'ignore_ament_install']
[0.341s] Level 1:colcon.colcon_core.package_identification:_identify(src/logs/fslam/20250928_232718) by extension 'ignore'
[0.341s] Level 1:colcon.colcon_core.package_identification:_identify(src/logs/fslam/20250928_232718) by extension 'ignore_ament_install'
[0.341s] Level 1:colcon.colcon_core.package_identification:_identify(src/logs/fslam/20250928_232718) by extensions ['colcon_pkg']
[0.341s] Level 1:colcon.colcon_core.package_identification:_identify(src/logs/fslam/20250928_232718) by extension 'colcon_pkg'
[0.341s] Level 1:colcon.colcon_core.package_identification:_identify(src/logs/fslam/20250928_232718) by extensions ['colcon_meta']
[0.341s] Level 1:colcon.colcon_core.package_identification:_identify(src/logs/fslam/20250928_232718) by extension 'colcon_meta'
[0.341s] Level 1:colcon.colcon_core.package_identification:_identify(src/logs/fslam/20250928_232718) by extensions ['ros']
[0.341s] Level 1:colcon.colcon_core.package_identification:_identify(src/logs/fslam/20250928_232718) by extension 'ros'
[0.341s] Level 1:colcon.colcon_core.package_identification:_identify(src/logs/fslam/20250928_232718) by extensions ['cmake', 'python']
[0.341s] Level 1:colcon.colcon_core.package_identification:_identify(src/logs/fslam/20250928_232718) by extension 'cmake'
[0.341s] Level 1:colcon.colcon_core.package_identification:_identify(src/logs/fslam/20250928_232718) by extension 'python'
[0.341s] Level 1:colcon.colcon_core.package_identification:_identify(src/logs/fslam/20250928_232718) by extensions ['python_setup_py']
[0.341s] Level 1:colcon.colcon_core.package_identification:_identify(src/logs/fslam/20250928_232718) by extension 'python_setup_py'
[0.341s] Level 1:colcon.colcon_core.package_identification:_identify(src/logs/fslam/20250928_232755) by extensions ['ignore', 'ignore_ament_install']
[0.341s] Level 1:colcon.colcon_core.package_identification:_identify(src/logs/fslam/20250928_232755) by extension 'ignore'
[0.342s] Level 1:colcon.colcon_core.package_identification:_identify(src/logs/fslam/20250928_232755) by extension 'ignore_ament_install'
[0.342s] Level 1:colcon.colcon_core.package_identification:_identify(src/logs/fslam/20250928_232755) by extensions ['colcon_pkg']
[0.342s] Level 1:colcon.colcon_core.package_identification:_identify(src/logs/fslam/20250928_232755) by extension 'colcon_pkg'
[0.342s] Level 1:colcon.colcon_core.package_identification:_identify(src/logs/fslam/20250928_232755) by extensions ['colcon_meta']
[0.342s] Level 1:colcon.colcon_core.package_identification:_identify(src/logs/fslam/20250928_232755) by extension 'colcon_meta'
[0.342s] Level 1:colcon.colcon_core.package_identification:_identify(src/logs/fslam/20250928_232755) by extensions ['ros']
[0.342s] Level 1:colcon.colcon_core.package_identification:_identify(src/logs/fslam/20250928_232755) by extension 'ros'
[0.342s] Level 1:colcon.colcon_core.package_identification:_identify(src/logs/fslam/20250928_232755) by extensions ['cmake', 'python']
[0.342s] Level 1:colcon.colcon_core.package_identification:_identify(src/logs/fslam/20250928_232755) by extension 'cmake'
[0.342s] Level 1:colcon.colcon_core.package_identification:_identify(src/logs/fslam/20250928_232755) by extension 'python'
[0.342s] Level 1:colcon.colcon_core.package_identification:_identify(src/logs/fslam/20250928_232755) by extensions ['python_setup_py']
[0.342s] Level 1:colcon.colcon_core.package_identification:_identify(src/logs/fslam/20250928_232755) by extension 'python_setup_py'
[0.342s] Level 1:colcon.colcon_core.package_identification:_identify(src/logs/fslam/20250928_232911) by extensions ['ignore', 'ignore_ament_install']
[0.342s] Level 1:colcon.colcon_core.package_identification:_identify(src/logs/fslam/20250928_232911) by extension 'ignore'
[0.342s] Level 1:colcon.colcon_core.package_identification:_identify(src/logs/fslam/20250928_232911) by extension 'ignore_ament_install'
[0.342s] Level 1:colcon.colcon_core.package_identification:_identify(src/logs/fslam/20250928_232911) by extensions ['colcon_pkg']
[0.342s] Level 1:colcon.colcon_core.package_identification:_identify(src/logs/fslam/20250928_232911) by extension 'colcon_pkg'
[0.342s] Level 1:colcon.colcon_core.package_identification:_identify(src/logs/fslam/20250928_232911) by extensions ['colcon_meta']
[0.342s] Level 1:colcon.colcon_core.package_identification:_identify(src/logs/fslam/20250928_232911) by extension 'colcon_meta'
[0.342s] Level 1:colcon.colcon_core.package_identification:_identify(src/logs/fslam/20250928_232911) by extensions ['ros']
[0.342s] Level 1:colcon.colcon_core.package_identification:_identify(src/logs/fslam/20250928_232911) by extension 'ros'
[0.342s] Level 1:colcon.colcon_core.package_identification:_identify(src/logs/fslam/20250928_232911) by extensions ['cmake', 'python']
[0.342s] Level 1:colcon.colcon_core.package_identification:_identify(src/logs/fslam/20250928_232911) by extension 'cmake'
[0.342s] Level 1:colcon.colcon_core.package_identification:_identify(src/logs/fslam/20250928_232911) by extension 'python'
[0.342s] Level 1:colcon.colcon_core.package_identification:_identify(src/logs/fslam/20250928_232911) by extensions ['python_setup_py']
[0.342s] Level 1:colcon.colcon_core.package_identification:_identify(src/logs/fslam/20250928_232911) by extension 'python_setup_py'
[0.342s] Level 1:colcon.colcon_core.package_identification:_identify(src/logs/fslam/20250928_232946) by extensions ['ignore', 'ignore_ament_install']
[0.342s] Level 1:colcon.colcon_core.package_identification:_identify(src/logs/fslam/20250928_232946) by extension 'ignore'
[0.342s] Level 1:colcon.colcon_core.package_identification:_identify(src/logs/fslam/20250928_232946) by extension 'ignore_ament_install'
[0.342s] Level 1:colcon.colcon_core.package_identification:_identify(src/logs/fslam/20250928_232946) by extensions ['colcon_pkg']
[0.342s] Level 1:colcon.colcon_core.package_identification:_identify(src/logs/fslam/20250928_232946) by extension 'colcon_pkg'
[0.342s] Level 1:colcon.colcon_core.package_identification:_identify(src/logs/fslam/20250928_232946) by extensions ['colcon_meta']
[0.342s] Level 1:colcon.colcon_core.package_identification:_identify(src/logs/fslam/20250928_232946) by extension 'colcon_meta'
[0.342s] Level 1:colcon.colcon_core.package_identification:_identify(src/logs/fslam/20250928_232946) by extensions ['ros']
[0.342s] Level 1:colcon.colcon_core.package_identification:_identify(src/logs/fslam/20250928_232946) by extension 'ros'
[0.343s] Level 1:colcon.colcon_core.package_identification:_identify(src/logs/fslam/20250928_232946) by extensions ['cmake', 'python']
[0.343s] Level 1:colcon.colcon_core.package_identification:_identify(src/logs/fslam/20250928_232946) by extension 'cmake'
[0.343s] Level 1:colcon.colcon_core.package_identification:_identify(src/logs/fslam/20250928_232946) by extension 'python'
[0.343s] Level 1:colcon.colcon_core.package_identification:_identify(src/logs/fslam/20250928_232946) by extensions ['python_setup_py']
[0.343s] Level 1:colcon.colcon_core.package_identification:_identify(src/logs/fslam/20250928_232946) by extension 'python_setup_py'
[0.343s] Level 1:colcon.colcon_core.package_identification:_identify(src/logs/fslam/20250928_233125) by extensions ['ignore', 'ignore_ament_install']
[0.343s] Level 1:colcon.colcon_core.package_identification:_identify(src/logs/fslam/20250928_233125) by extension 'ignore'
[0.343s] Level 1:colcon.colcon_core.package_identification:_identify(src/logs/fslam/20250928_233125) by extension 'ignore_ament_install'
[0.343s] Level 1:colcon.colcon_core.package_identification:_identify(src/logs/fslam/20250928_233125) by extensions ['colcon_pkg']
[0.343s] Level 1:colcon.colcon_core.package_identification:_identify(src/logs/fslam/20250928_233125) by extension 'colcon_pkg'
[0.343s] Level 1:colcon.colcon_core.package_identification:_identify(src/logs/fslam/20250928_233125) by extensions ['colcon_meta']
[0.343s] Level 1:colcon.colcon_core.package_identification:_identify(src/logs/fslam/20250928_233125) by extension 'colcon_meta'
[0.343s] Level 1:colcon.colcon_core.package_identification:_identify(src/logs/fslam/20250928_233125) by extensions ['ros']
[0.343s] Level 1:colcon.colcon_core.package_identification:_identify(src/logs/fslam/20250928_233125) by extension 'ros'
[0.343s] Level 1:colcon.colcon_core.package_identification:_identify(src/logs/fslam/20250928_233125) by extensions ['cmake', 'python']
[0.343s] Level 1:colcon.colcon_core.package_identification:_identify(src/logs/fslam/20250928_233125) by extension 'cmake'
[0.343s] Level 1:colcon.colcon_core.package_identification:_identify(src/logs/fslam/20250928_233125) by extension 'python'
[0.343s] Level 1:colcon.colcon_core.package_identification:_identify(src/logs/fslam/20250928_233125) by extensions ['python_setup_py']
[0.343s] Level 1:colcon.colcon_core.package_identification:_identify(src/logs/fslam/20250928_233125) by extension 'python_setup_py'
[0.343s] Level 1:colcon.colcon_core.package_identification:_identify(src/logs/fslam/20250928_233249) by extensions ['ignore', 'ignore_ament_install']
[0.343s] Level 1:colcon.colcon_core.package_identification:_identify(src/logs/fslam/20250928_233249) by extension 'ignore'
[0.343s] Level 1:colcon.colcon_core.package_identification:_identify(src/logs/fslam/20250928_233249) by extension 'ignore_ament_install'
[0.343s] Level 1:colcon.colcon_core.package_identification:_identify(src/logs/fslam/20250928_233249) by extensions ['colcon_pkg']
[0.343s] Level 1:colcon.colcon_core.package_identification:_identify(src/logs/fslam/20250928_233249) by extension 'colcon_pkg'
[0.343s] Level 1:colcon.colcon_core.package_identification:_identify(src/logs/fslam/20250928_233249) by extensions ['colcon_meta']
[0.343s] Level 1:colcon.colcon_core.package_identification:_identify(src/logs/fslam/20250928_233249) by extension 'colcon_meta'
[0.343s] Level 1:colcon.colcon_core.package_identification:_identify(src/logs/fslam/20250928_233249) by extensions ['ros']
[0.343s] Level 1:colcon.colcon_core.package_identification:_identify(src/logs/fslam/20250928_233249) by extension 'ros'
[0.343s] Level 1:colcon.colcon_core.package_identification:_identify(src/logs/fslam/20250928_233249) by extensions ['cmake', 'python']
[0.343s] Level 1:colcon.colcon_core.package_identification:_identify(src/logs/fslam/20250928_233249) by extension 'cmake'
[0.343s] Level 1:colcon.colcon_core.package_identification:_identify(src/logs/fslam/20250928_233249) by extension 'python'
[0.343s] Level 1:colcon.colcon_core.package_identification:_identify(src/logs/fslam/20250928_233249) by extensions ['python_setup_py']
[0.343s] Level 1:colcon.colcon_core.package_identification:_identify(src/logs/fslam/20250928_233249) by extension 'python_setup_py'
[0.343s] Level 1:colcon.colcon_core.package_discovery:discover_packages(recursive) using defaults
[0.344s] Level 1:colcon.colcon_core.package_discovery:discover_packages(ignore) discover
[0.344s] Level 1:colcon.colcon_core.package_discovery:discover_packages(ignore) using defaults
[0.344s] Level 1:colcon.colcon_core.package_discovery:discover_packages(path) discover
[0.344s] Level 1:colcon.colcon_core.package_discovery:discover_packages(path) using defaults
[0.357s] Level 1:colcon.colcon_core.package_discovery:discover_packages(prefix_path) check parameters
[0.357s] Level 1:colcon.colcon_core.package_discovery:discover_packages(prefix_path) discover
[0.359s] DEBUG:colcon.colcon_installed_package_information.package_discovery:Found 10 installed packages in /home/armaanm/eufs/install
[0.359s] DEBUG:colcon.colcon_installed_package_information.package_discovery:Found 4 installed packages in /home/armaanm/eufs_dev/eufs_data/install
[0.360s] DEBUG:colcon.colcon_installed_package_information.package_discovery:Found 280 installed packages in /opt/ros/galactic
[0.368s] Level 1:colcon.colcon_core.package_discovery:discover_packages(prefix_path) using defaults
[0.411s] Level 5:colcon.colcon_core.verb:set package 'fslam_base' build argument 'cmake_args' from command line to 'None'
[0.412s] Level 5:colcon.colcon_core.verb:set package 'fslam_base' build argument 'cmake_target' from command line to 'None'
[0.412s] Level 5:colcon.colcon_core.verb:set package 'fslam_base' build argument 'cmake_target_skip_unavailable' from command line to 'False'
[0.412s] Level 5:colcon.colcon_core.verb:set package 'fslam_base' build argument 'cmake_clean_cache' from command line to 'False'
[0.412s] Level 5:colcon.colcon_core.verb:set package 'fslam_base' build argument 'cmake_clean_first' from command line to 'False'
[0.412s] Level 5:colcon.colcon_core.verb:set package 'fslam_base' build argument 'cmake_force_configure' from command line to 'False'
[0.412s] Level 5:colcon.colcon_core.verb:set package 'fslam_base' build argument 'ament_cmake_args' from command line to 'None'
[0.412s] Level 5:colcon.colcon_core.verb:set package 'fslam_base' build argument 'catkin_cmake_args' from command line to 'None'
[0.412s] Level 5:colcon.colcon_core.verb:set package 'fslam_base' build argument 'catkin_skip_building_tests' from command line to 'False'
[0.412s] DEBUG:colcon.colcon_core.verb:Building package 'fslam_base' with the following arguments: {'ament_cmake_args': None, 'build_base': '/home/armaanm/eufs_dev/FastSLAM/build/fslam_base', 'catkin_cmake_args': None, 'catkin_skip_building_tests': False, 'cmake_args': None, 'cmake_clean_cache': False, 'cmake_clean_first': False, 'cmake_force_configure': False, 'cmake_target': None, 'cmake_target_skip_unavailable': False, 'install_base': '/home/armaanm/eufs_dev/FastSLAM/install/fslam_base', 'merge_install': False, 'path': '/home/armaanm/eufs_dev/FastSLAM/src/fslam_base', 'symlink_install': True, 'test_result_base': None}
[0.412s] Level 5:colcon.colcon_core.verb:set package 'fslam_da' build argument 'cmake_args' from command line to 'None'
[0.412s] Level 5:colcon.colcon_core.verb:set package 'fslam_da' build argument 'cmake_target' from command line to 'None'
[0.412s] Level 5:colcon.colcon_core.verb:set package 'fslam_da' build argument 'cmake_target_skip_unavailable' from command line to 'False'
[0.412s] Level 5:colcon.colcon_core.verb:set package 'fslam_da' build argument 'cmake_clean_cache' from command line to 'False'
[0.412s] Level 5:colcon.colcon_core.verb:set package 'fslam_da' build argument 'cmake_clean_first' from command line to 'False'
[0.412s] Level 5:colcon.colcon_core.verb:set package 'fslam_da' build argument 'cmake_force_configure' from command line to 'False'
[0.412s] Level 5:colcon.colcon_core.verb:set package 'fslam_da' build argument 'ament_cmake_args' from command line to 'None'
[0.412s] Level 5:colcon.colcon_core.verb:set package 'fslam_da' build argument 'catkin_cmake_args' from command line to 'None'
[0.412s] Level 5:colcon.colcon_core.verb:set package 'fslam_da' build argument 'catkin_skip_building_tests' from command line to 'False'
[0.412s] DEBUG:colcon.colcon_core.verb:Building package 'fslam_da' with the following arguments: {'ament_cmake_args': None, 'build_base': '/home/armaanm/eufs_dev/FastSLAM/build/fslam_da', 'catkin_cmake_args': None, 'catkin_skip_building_tests': False, 'cmake_args': None, 'cmake_clean_cache': False, 'cmake_clean_first': False, 'cmake_force_configure': False, 'cmake_target': None, 'cmake_target_skip_unavailable': False, 'install_base': '/home/armaanm/eufs_dev/FastSLAM/install/fslam_da', 'merge_install': False, 'path': '/home/armaanm/eufs_dev/FastSLAM/src/fslam_da', 'symlink_install': True, 'test_result_base': None}
[0.412s] INFO:colcon.colcon_core.executor:Executing jobs using 'parallel' executor
[0.413s] DEBUG:colcon.colcon_parallel_executor.executor.parallel:run_until_complete
[0.414s] INFO:colcon.colcon_ros.task.ament_python.build:Building ROS package in '/home/armaanm/eufs_dev/FastSLAM/src/fslam_base' with build type 'ament_python'
[0.414s] Level 1:colcon.colcon_core.shell:create_environment_hook('fslam_base', 'ament_prefix_path')
[0.416s] INFO:colcon.colcon_core.plugin_system:Skipping extension 'colcon_core.shell.bat': Not used on non-Windows systems
[0.416s] INFO:colcon.colcon_core.shell:Creating environment hook '/home/armaanm/eufs_dev/FastSLAM/install/fslam_base/share/fslam_base/hook/ament_prefix_path.ps1'
[0.417s] INFO:colcon.colcon_core.shell:Creating environment descriptor '/home/armaanm/eufs_dev/FastSLAM/install/fslam_base/share/fslam_base/hook/ament_prefix_path.dsv'
[0.417s] INFO:colcon.colcon_core.shell:Creating environment hook '/home/armaanm/eufs_dev/FastSLAM/install/fslam_base/share/fslam_base/hook/ament_prefix_path.sh'
[0.418s] INFO:colcon.colcon_core.shell:Skip shell extension 'powershell' for command environment: Not usable outside of PowerShell
[0.418s] DEBUG:colcon.colcon_core.shell:Skip shell extension 'dsv' for command environment
[0.423s] INFO:colcon.colcon_ros.task.ament_python.build:Building ROS package in '/home/armaanm/eufs_dev/FastSLAM/src/fslam_da' with build type 'ament_python'
[0.423s] Level 1:colcon.colcon_core.shell:create_environment_hook('fslam_da', 'ament_prefix_path')
[0.424s] INFO:colcon.colcon_core.shell:Creating environment hook '/home/armaanm/eufs_dev/FastSLAM/install/fslam_da/share/fslam_da/hook/ament_prefix_path.ps1'
[0.425s] INFO:colcon.colcon_core.shell:Creating environment descriptor '/home/armaanm/eufs_dev/FastSLAM/install/fslam_da/share/fslam_da/hook/ament_prefix_path.dsv'
[0.425s] INFO:colcon.colcon_core.shell:Creating environment hook '/home/armaanm/eufs_dev/FastSLAM/install/fslam_da/share/fslam_da/hook/ament_prefix_path.sh'
[0.425s] INFO:colcon.colcon_core.shell:Skip shell extension 'powershell' for command environment: Not usable outside of PowerShell
[0.425s] DEBUG:colcon.colcon_core.shell:Skip shell extension 'dsv' for command environment
[0.596s] INFO:colcon.colcon_core.task.python.build:Building Python package in '/home/armaanm/eufs_dev/FastSLAM/src/fslam_base'
[0.596s] INFO:colcon.colcon_core.shell:Skip shell extension 'powershell' for command environment: Not usable outside of PowerShell
[0.597s] DEBUG:colcon.colcon_core.shell:Skip shell extension 'dsv' for command environment
[0.779s] INFO:colcon.colcon_core.task.python.build:Building Python package in '/home/armaanm/eufs_dev/FastSLAM/src/fslam_da'
[0.780s] INFO:colcon.colcon_core.shell:Skip shell extension 'powershell' for command environment: Not usable outside of PowerShell
[0.780s] DEBUG:colcon.colcon_core.shell:Skip shell extension 'dsv' for command environment
[1.090s] DEBUG:colcon.colcon_core.event_handler.log_command:Invoking command in '/home/armaanm/eufs_dev/FastSLAM/build/fslam_base': PYTHONPATH=/home/armaanm/eufs_dev/FastSLAM/build/fslam_base/prefix_override:/usr/lib/python3/dist-packages/colcon_core/task/python/colcon_distutils_commands:/home/armaanm/eufs_dev/FastSLAM/install/fslam_base/lib/python3.8/site-packages:${PYTHONPATH} /usr/bin/python3 -W ignore:setup.py install is deprecated -W ignore:easy_install command is deprecated setup.py develop --editable --build-directory /home/armaanm/eufs_dev/FastSLAM/build/fslam_base/build --no-deps symlink_data
[1.094s] DEBUG:colcon.colcon_core.event_handler.log_command:Invoking command in '/home/armaanm/eufs_dev/FastSLAM/build/fslam_da': PYTHONPATH=/home/armaanm/eufs_dev/FastSLAM/build/fslam_da/prefix_override:/usr/lib/python3/dist-packages/colcon_core/task/python/colcon_distutils_commands:/home/armaanm/eufs_dev/FastSLAM/install/fslam_da/lib/python3.8/site-packages:${PYTHONPATH} /usr/bin/python3 -W ignore:setup.py install is deprecated -W ignore:easy_install command is deprecated setup.py develop --editable --build-directory /home/armaanm/eufs_dev/FastSLAM/build/fslam_da/build --no-deps symlink_data
[1.447s] Level 1:colcon.colcon_core.shell:create_environment_hook('fslam_base', 'pythonpath_develop')
[1.447s] INFO:colcon.colcon_core.shell:Creating environment hook '/home/armaanm/eufs_dev/FastSLAM/build/fslam_base/share/fslam_base/hook/pythonpath_develop.ps1'
[1.448s] DEBUG:colcon.colcon_core.event_handler.log_command:Invoked command in '/home/armaanm/eufs_dev/FastSLAM/build/fslam_base' returned '0': PYTHONPATH=/home/armaanm/eufs_dev/FastSLAM/build/fslam_base/prefix_override:/usr/lib/python3/dist-packages/colcon_core/task/python/colcon_distutils_commands:/home/armaanm/eufs_dev/FastSLAM/install/fslam_base/lib/python3.8/site-packages:${PYTHONPATH} /usr/bin/python3 -W ignore:setup.py install is deprecated -W ignore:easy_install command is deprecated setup.py develop --editable --build-directory /home/armaanm/eufs_dev/FastSLAM/build/fslam_base/build --no-deps symlink_data
[1.448s] INFO:colcon.colcon_core.shell:Creating environment descriptor '/home/armaanm/eufs_dev/FastSLAM/build/fslam_base/share/fslam_base/hook/pythonpath_develop.dsv'
[1.448s] INFO:colcon.colcon_core.shell:Creating environment hook '/home/armaanm/eufs_dev/FastSLAM/build/fslam_base/share/fslam_base/hook/pythonpath_develop.sh'
[1.451s] Level 1:colcon.colcon_core.environment:checking '/home/armaanm/eufs_dev/FastSLAM/install/fslam_base' for CMake module files
[1.451s] Level 1:colcon.colcon_core.environment:checking '/home/armaanm/eufs_dev/FastSLAM/install/fslam_base' for CMake config files
[1.451s] Level 1:colcon.colcon_core.environment:checking '/home/armaanm/eufs_dev/FastSLAM/install/fslam_base/lib'
[1.452s] Level 1:colcon.colcon_core.environment:checking '/home/armaanm/eufs_dev/FastSLAM/install/fslam_base/bin'
[1.452s] Level 1:colcon.colcon_core.environment:checking '/home/armaanm/eufs_dev/FastSLAM/install/fslam_base/lib/pkgconfig/fslam_base.pc'
[1.452s] Level 1:colcon.colcon_core.environment:checking '/home/armaanm/eufs_dev/FastSLAM/install/fslam_base/lib/python3.8/site-packages'
[1.452s] Level 1:colcon.colcon_core.shell:create_environment_hook('fslam_base', 'pythonpath')
[1.452s] INFO:colcon.colcon_core.shell:Creating environment hook '/home/armaanm/eufs_dev/FastSLAM/install/fslam_base/share/fslam_base/hook/pythonpath.ps1'
[1.452s] INFO:colcon.colcon_core.shell:Creating environment descriptor '/home/armaanm/eufs_dev/FastSLAM/install/fslam_base/share/fslam_base/hook/pythonpath.dsv'
[1.453s] INFO:colcon.colcon_core.shell:Creating environment hook '/home/armaanm/eufs_dev/FastSLAM/install/fslam_base/share/fslam_base/hook/pythonpath.sh'
[1.453s] Level 1:colcon.colcon_core.environment:checking '/home/armaanm/eufs_dev/FastSLAM/install/fslam_base/bin'
[1.453s] Level 1:colcon.colcon_core.environment:create_environment_scripts_only(fslam_base)
[1.453s] INFO:colcon.colcon_core.shell:Creating package script '/home/armaanm/eufs_dev/FastSLAM/install/fslam_base/share/fslam_base/package.ps1'
[1.454s] INFO:colcon.colcon_core.shell:Creating package descriptor '/home/armaanm/eufs_dev/FastSLAM/install/fslam_base/share/fslam_base/package.dsv'
[1.454s] INFO:colcon.colcon_core.shell:Creating package script '/home/armaanm/eufs_dev/FastSLAM/install/fslam_base/share/fslam_base/package.sh'
[1.455s] INFO:colcon.colcon_core.shell:Creating package script '/home/armaanm/eufs_dev/FastSLAM/install/fslam_base/share/fslam_base/package.bash'
[1.455s] INFO:colcon.colcon_core.shell:Creating package script '/home/armaanm/eufs_dev/FastSLAM/install/fslam_base/share/fslam_base/package.zsh'
[1.456s] Level 1:colcon.colcon_core.environment:create_file_with_runtime_dependencies(/home/armaanm/eufs_dev/FastSLAM/install/fslam_base/share/colcon-core/packages/fslam_base)
[1.457s] Level 1:colcon.colcon_core.shell:create_environment_hook('fslam_da', 'pythonpath_develop')
[1.457s] INFO:colcon.colcon_core.shell:Creating environment hook '/home/armaanm/eufs_dev/FastSLAM/build/fslam_da/share/fslam_da/hook/pythonpath_develop.ps1'
[1.458s] DEBUG:colcon.colcon_core.event_handler.log_command:Invoked command in '/home/armaanm/eufs_dev/FastSLAM/build/fslam_da' returned '0': PYTHONPATH=/home/armaanm/eufs_dev/FastSLAM/build/fslam_da/prefix_override:/usr/lib/python3/dist-packages/colcon_core/task/python/colcon_distutils_commands:/home/armaanm/eufs_dev/FastSLAM/install/fslam_da/lib/python3.8/site-packages:${PYTHONPATH} /usr/bin/python3 -W ignore:setup.py install is deprecated -W ignore:easy_install command is deprecated setup.py develop --editable --build-directory /home/armaanm/eufs_dev/FastSLAM/build/fslam_da/build --no-deps symlink_data
[1.458s] INFO:colcon.colcon_core.shell:Creating environment descriptor '/home/armaanm/eufs_dev/FastSLAM/build/fslam_da/share/fslam_da/hook/pythonpath_develop.dsv'
[1.458s] INFO:colcon.colcon_core.shell:Creating environment hook '/home/armaanm/eufs_dev/FastSLAM/build/fslam_da/share/fslam_da/hook/pythonpath_develop.sh'
[1.459s] Level 1:colcon.colcon_core.environment:checking '/home/armaanm/eufs_dev/FastSLAM/install/fslam_da' for CMake module files
[1.459s] Level 1:colcon.colcon_core.environment:checking '/home/armaanm/eufs_dev/FastSLAM/install/fslam_da' for CMake config files
[1.459s] Level 1:colcon.colcon_core.environment:checking '/home/armaanm/eufs_dev/FastSLAM/install/fslam_da/lib'
[1.460s] Level 1:colcon.colcon_core.environment:checking '/home/armaanm/eufs_dev/FastSLAM/install/fslam_da/bin'
[1.460s] Level 1:colcon.colcon_core.environment:checking '/home/armaanm/eufs_dev/FastSLAM/install/fslam_da/lib/pkgconfig/fslam_da.pc'
[1.460s] Level 1:colcon.colcon_core.environment:checking '/home/armaanm/eufs_dev/FastSLAM/install/fslam_da/lib/python3.8/site-packages'
[1.460s] Level 1:colcon.colcon_core.shell:create_environment_hook('fslam_da', 'pythonpath')
[1.460s] INFO:colcon.colcon_core.shell:Creating environment hook '/home/armaanm/eufs_dev/FastSLAM/install/fslam_da/share/fslam_da/hook/pythonpath.ps1'
[1.460s] INFO:colcon.colcon_core.shell:Creating environment descriptor '/home/armaanm/eufs_dev/FastSLAM/install/fslam_da/share/fslam_da/hook/pythonpath.dsv'
[1.461s] INFO:colcon.colcon_core.shell:Creating environment hook '/home/armaanm/eufs_dev/FastSLAM/install/fslam_da/share/fslam_da/hook/pythonpath.sh'
[1.461s] Level 1:colcon.colcon_core.environment:checking '/home/armaanm/eufs_dev/FastSLAM/install/fslam_da/bin'
[1.461s] Level 1:colcon.colcon_core.environment:create_environment_scripts_only(fslam_da)
[1.461s] INFO:colcon.colcon_core.shell:Creating package script '/home/armaanm/eufs_dev/FastSLAM/install/fslam_da/share/fslam_da/package.ps1'
[1.462s] INFO:colcon.colcon_core.shell:Creating package descriptor '/home/armaanm/eufs_dev/FastSLAM/install/fslam_da/share/fslam_da/package.dsv'
[1.462s] INFO:colcon.colcon_core.shell:Creating package script '/home/armaanm/eufs_dev/FastSLAM/install/fslam_da/share/fslam_da/package.sh'
[1.463s] INFO:colcon.colcon_core.shell:Creating package script '/home/armaanm/eufs_dev/FastSLAM/install/fslam_da/share/fslam_da/package.bash'
[1.464s] INFO:colcon.colcon_core.shell:Creating package script '/home/armaanm/eufs_dev/FastSLAM/install/fslam_da/share/fslam_da/package.zsh'
[1.464s] Level 1:colcon.colcon_core.environment:create_file_with_runtime_dependencies(/home/armaanm/eufs_dev/FastSLAM/install/fslam_da/share/colcon-core/packages/fslam_da)
[1.465s] DEBUG:colcon.colcon_parallel_executor.executor.parallel:closing loop
[1.465s] DEBUG:colcon.colcon_parallel_executor.executor.parallel:loop closed
[1.465s] DEBUG:colcon.colcon_parallel_executor.executor.parallel:run_until_complete finished with '0'
[1.466s] DEBUG:colcon.colcon_core.event_reactor:joining thread
[1.503s] INFO:colcon.colcon_core.plugin_system:Skipping extension 'colcon_notification.desktop_notification.notify_send': Could not find 'notify-send'
[1.503s] INFO:colcon.colcon_core.plugin_system:Skipping extension 'colcon_notification.desktop_notification.terminal_notifier': Not used on non-Darwin systems
[1.503s] INFO:colcon.colcon_core.plugin_system:Skipping extension 'colcon_notification.desktop_notification.win32': Not used on non-Windows systems
[1.503s] INFO:colcon.colcon_notification.desktop_notification:Sending desktop notification using 'notify2'
[1.504s] DEBUG:colcon.colcon_notification.desktop_notification.notify2:Failed to initialize notify2: org.freedesktop.DBus.Error.ServiceUnknown: The name org.freedesktop.Notifications was not provided by any .service files
[1.504s] DEBUG:colcon.colcon_core.event_reactor:joined thread
[1.504s] INFO:colcon.colcon_core.shell:Creating prefix script '/home/armaanm/eufs_dev/FastSLAM/install/local_setup.ps1'
[1.505s] INFO:colcon.colcon_core.shell:Creating prefix util module '/home/armaanm/eufs_dev/FastSLAM/install/_local_setup_util_ps1.py'
[1.506s] INFO:colcon.colcon_core.shell:Creating prefix chain script '/home/armaanm/eufs_dev/FastSLAM/install/setup.ps1'
[1.507s] INFO:colcon.colcon_core.shell:Creating prefix script '/home/armaanm/eufs_dev/FastSLAM/install/local_setup.sh'
[1.508s] INFO:colcon.colcon_core.shell:Creating prefix util module '/home/armaanm/eufs_dev/FastSLAM/install/_local_setup_util_sh.py'
[1.508s] INFO:colcon.colcon_core.shell:Creating prefix chain script '/home/armaanm/eufs_dev/FastSLAM/install/setup.sh'
[1.509s] INFO:colcon.colcon_core.shell:Creating prefix script '/home/armaanm/eufs_dev/FastSLAM/install/local_setup.bash'
[1.510s] INFO:colcon.colcon_core.shell:Creating prefix chain script '/home/armaanm/eufs_dev/FastSLAM/install/setup.bash'
[1.511s] INFO:colcon.colcon_core.shell:Creating prefix script '/home/armaanm/eufs_dev/FastSLAM/install/local_setup.zsh'
[1.511s] INFO:colcon.colcon_core.shell:Creating prefix chain script '/home/armaanm/eufs_dev/FastSLAM/install/setup.zsh'
