[0.374s] DEBUG:colcon:Command line arguments: ['/usr/bin/colcon', 'build', '--symlink-install']
[0.375s] DEBUG:colcon:Parsed command line arguments: Namespace(allow_overriding=[], ament_cmake_args=None, base_paths=['.'], build_base='build', catkin_cmake_args=None, catkin_skip_building_tests=False, cmake_args=None, cmake_clean_cache=False, cmake_clean_first=False, cmake_force_configure=False, cmake_target=None, cmake_target_skip_unavailable=False, continue_on_error=False, event_handlers=None, executor='parallel', ignore_user_meta=False, install_base='install', log_base=None, log_level=None, main=<bound method BuildVerb.main of <colcon_core.verb.build.BuildVerb object at 0x7960417a67f0>>, merge_install=False, metas=['./colcon.meta'], packages_above=None, packages_above_and_dependencies=None, packages_above_depth=None, packages_end=None, packages_ignore=None, packages_ignore_regex=None, packages_select=None, packages_select_build_failed=False, packages_select_by_dep=None, packages_select_regex=None, packages_select_test_failures=False, packages_skip=None, packages_skip_build_finished=False, packages_skip_by_dep=None, packages_skip_regex=None, packages_skip_test_passed=False, packages_skip_up_to=None, packages_start=None, packages_up_to=None, packages_up_to_regex=None, parallel_workers=32, paths=None, symlink_install=True, test_result_base=None, verb_extension=<colcon_core.verb.build.BuildVerb object at 0x7960417a67f0>, verb_name='build', verb_parser=<colcon_defaults.argument_parser.defaults.DefaultArgumentsDecorator object at 0x7960417b8040>)
[0.477s] Level 1:colcon.colcon_core.package_discovery:discover_packages(colcon_meta) check parameters
[0.477s] Level 1:colcon.colcon_core.package_discovery:discover_packages(recursive) check parameters
[0.477s] Level 1:colcon.colcon_core.package_discovery:discover_packages(ignore) check parameters
[0.477s] Level 1:colcon.colcon_core.package_discovery:discover_packages(path) check parameters
[0.477s] Level 1:colcon.colcon_core.package_discovery:discover_packages(colcon_meta) discover
[0.477s] Level 1:colcon.colcon_core.package_discovery:discover_packages(recursive) discover
[0.477s] INFO:colcon.colcon_core.package_discovery:Crawling recursively for packages in '/home/armaanm/eufs_dev/FastSLAM'
[0.477s] Level 1:colcon.colcon_core.package_identification:_identify(.) by extensions ['ignore', 'ignore_ament_install']
[0.477s] Level 1:colcon.colcon_core.package_identification:_identify(.) by extension 'ignore'
[0.477s] Level 1:colcon.colcon_core.package_identification:_identify(.) by extension 'ignore_ament_install'
[0.477s] Level 1:colcon.colcon_core.package_identification:_identify(.) by extensions ['colcon_pkg']
[0.477s] Level 1:colcon.colcon_core.package_identification:_identify(.) by extension 'colcon_pkg'
[0.477s] Level 1:colcon.colcon_core.package_identification:_identify(.) by extensions ['colcon_meta']
[0.477s] Level 1:colcon.colcon_core.package_identification:_identify(.) by extension 'colcon_meta'
[0.478s] Level 1:colcon.colcon_core.package_identification:_identify(.) by extensions ['ros']
[0.478s] Level 1:colcon.colcon_core.package_identification:_identify(.) by extension 'ros'
[0.488s] Level 1:colcon.colcon_core.package_identification:_identify(.) by extensions ['cmake', 'python']
[0.488s] Level 1:colcon.colcon_core.package_identification:_identify(.) by extension 'cmake'
[0.488s] Level 1:colcon.colcon_core.package_identification:_identify(.) by extension 'python'
[0.488s] Level 1:colcon.colcon_core.package_identification:_identify(.) by extensions ['python_setup_py']
[0.488s] Level 1:colcon.colcon_core.package_identification:_identify(.) by extension 'python_setup_py'
[0.488s] Level 1:colcon.colcon_core.package_identification:_identify(EUFSIM Setup) by extensions ['ignore', 'ignore_ament_install']
[0.488s] Level 1:colcon.colcon_core.package_identification:_identify(EUFSIM Setup) by extension 'ignore'
[0.488s] Level 1:colcon.colcon_core.package_identification:_identify(EUFSIM Setup) by extension 'ignore_ament_install'
[0.488s] Level 1:colcon.colcon_core.package_identification:_identify(EUFSIM Setup) by extensions ['colcon_pkg']
[0.488s] Level 1:colcon.colcon_core.package_identification:_identify(EUFSIM Setup) by extension 'colcon_pkg'
[0.488s] Level 1:colcon.colcon_core.package_identification:_identify(EUFSIM Setup) by extensions ['colcon_meta']
[0.488s] Level 1:colcon.colcon_core.package_identification:_identify(EUFSIM Setup) by extension 'colcon_meta'
[0.488s] Level 1:colcon.colcon_core.package_identification:_identify(EUFSIM Setup) by extensions ['ros']
[0.488s] Level 1:colcon.colcon_core.package_identification:_identify(EUFSIM Setup) by extension 'ros'
[0.488s] Level 1:colcon.colcon_core.package_identification:_identify(EUFSIM Setup) by extensions ['cmake', 'python']
[0.488s] Level 1:colcon.colcon_core.package_identification:_identify(EUFSIM Setup) by extension 'cmake'
[0.488s] Level 1:colcon.colcon_core.package_identification:_identify(EUFSIM Setup) by extension 'python'
[0.488s] Level 1:colcon.colcon_core.package_identification:_identify(EUFSIM Setup) by extensions ['python_setup_py']
[0.488s] Level 1:colcon.colcon_core.package_identification:_identify(EUFSIM Setup) by extension 'python_setup_py'
[0.488s] Level 1:colcon.colcon_core.package_identification:_identify(build) by extensions ['ignore', 'ignore_ament_install']
[0.488s] Level 1:colcon.colcon_core.package_identification:_identify(build) by extension 'ignore'
[0.488s] Level 1:colcon.colcon_core.package_identification:_identify(build) ignored
[0.489s] Level 1:colcon.colcon_core.package_identification:_identify(data) by extensions ['ignore', 'ignore_ament_install']
[0.489s] Level 1:colcon.colcon_core.package_identification:_identify(data) by extension 'ignore'
[0.489s] Level 1:colcon.colcon_core.package_identification:_identify(data) by extension 'ignore_ament_install'
[0.489s] Level 1:colcon.colcon_core.package_identification:_identify(data) by extensions ['colcon_pkg']
[0.489s] Level 1:colcon.colcon_core.package_identification:_identify(data) by extension 'colcon_pkg'
[0.489s] Level 1:colcon.colcon_core.package_identification:_identify(data) by extensions ['colcon_meta']
[0.489s] Level 1:colcon.colcon_core.package_identification:_identify(data) by extension 'colcon_meta'
[0.489s] Level 1:colcon.colcon_core.package_identification:_identify(data) by extensions ['ros']
[0.489s] Level 1:colcon.colcon_core.package_identification:_identify(data) by extension 'ros'
[0.489s] Level 1:colcon.colcon_core.package_identification:_identify(data) by extensions ['cmake', 'python']
[0.489s] Level 1:colcon.colcon_core.package_identification:_identify(data) by extension 'cmake'
[0.489s] Level 1:colcon.colcon_core.package_identification:_identify(data) by extension 'python'
[0.489s] Level 1:colcon.colcon_core.package_identification:_identify(data) by extensions ['python_setup_py']
[0.489s] Level 1:colcon.colcon_core.package_identification:_identify(data) by extension 'python_setup_py'
[0.489s] Level 1:colcon.colcon_core.package_identification:_identify(install) by extensions ['ignore', 'ignore_ament_install']
[0.489s] Level 1:colcon.colcon_core.package_identification:_identify(install) by extension 'ignore'
[0.489s] Level 1:colcon.colcon_core.package_identification:_identify(install) ignored
[0.489s] Level 1:colcon.colcon_core.package_identification:_identify(log) by extensions ['ignore', 'ignore_ament_install']
[0.489s] Level 1:colcon.colcon_core.package_identification:_identify(log) by extension 'ignore'
[0.489s] Level 1:colcon.colcon_core.package_identification:_identify(log) ignored
[0.489s] Level 1:colcon.colcon_core.package_identification:_identify(src) by extensions ['ignore', 'ignore_ament_install']
[0.489s] Level 1:colcon.colcon_core.package_identification:_identify(src) by extension 'ignore'
[0.489s] Level 1:colcon.colcon_core.package_identification:_identify(src) by extension 'ignore_ament_install'
[0.489s] Level 1:colcon.colcon_core.package_identification:_identify(src) by extensions ['colcon_pkg']
[0.489s] Level 1:colcon.colcon_core.package_identification:_identify(src) by extension 'colcon_pkg'
[0.489s] Level 1:colcon.colcon_core.package_identification:_identify(src) by extensions ['colcon_meta']
[0.489s] Level 1:colcon.colcon_core.package_identification:_identify(src) by extension 'colcon_meta'
[0.489s] Level 1:colcon.colcon_core.package_identification:_identify(src) by extensions ['ros']
[0.489s] Level 1:colcon.colcon_core.package_identification:_identify(src) by extension 'ros'
[0.489s] Level 1:colcon.colcon_core.package_identification:_identify(src) by extensions ['cmake', 'python']
[0.489s] Level 1:colcon.colcon_core.package_identification:_identify(src) by extension 'cmake'
[0.490s] Level 1:colcon.colcon_core.package_identification:_identify(src) by extension 'python'
[0.490s] Level 1:colcon.colcon_core.package_identification:_identify(src) by extensions ['python_setup_py']
[0.490s] Level 1:colcon.colcon_core.package_identification:_identify(src) by extension 'python_setup_py'
[0.490s] Level 1:colcon.colcon_core.package_identification:_identify(src/fslam_base) by extensions ['ignore', 'ignore_ament_install']
[0.490s] Level 1:colcon.colcon_core.package_identification:_identify(src/fslam_base) by extension 'ignore'
[0.490s] Level 1:colcon.colcon_core.package_identification:_identify(src/fslam_base) by extension 'ignore_ament_install'
[0.490s] Level 1:colcon.colcon_core.package_identification:_identify(src/fslam_base) by extensions ['colcon_pkg']
[0.490s] Level 1:colcon.colcon_core.package_identification:_identify(src/fslam_base) by extension 'colcon_pkg'
[0.490s] Level 1:colcon.colcon_core.package_identification:_identify(src/fslam_base) by extensions ['colcon_meta']
[0.490s] Level 1:colcon.colcon_core.package_identification:_identify(src/fslam_base) by extension 'colcon_meta'
[0.490s] Level 1:colcon.colcon_core.package_identification:_identify(src/fslam_base) by extensions ['ros']
[0.490s] Level 1:colcon.colcon_core.package_identification:_identify(src/fslam_base) by extension 'ros'
[0.492s] DEBUG:colcon.colcon_core.package_identification:Package 'src/fslam_base' with type 'ros.ament_python' and name 'fslam_base'
[0.492s] Level 1:colcon.colcon_core.package_identification:_identify(src/fslam_da) by extensions ['ignore', 'ignore_ament_install']
[0.492s] Level 1:colcon.colcon_core.package_identification:_identify(src/fslam_da) by extension 'ignore'
[0.492s] Level 1:colcon.colcon_core.package_identification:_identify(src/fslam_da) by extension 'ignore_ament_install'
[0.492s] Level 1:colcon.colcon_core.package_identification:_identify(src/fslam_da) by extensions ['colcon_pkg']
[0.492s] Level 1:colcon.colcon_core.package_identification:_identify(src/fslam_da) by extension 'colcon_pkg'
[0.492s] Level 1:colcon.colcon_core.package_identification:_identify(src/fslam_da) by extensions ['colcon_meta']
[0.492s] Level 1:colcon.colcon_core.package_identification:_identify(src/fslam_da) by extension 'colcon_meta'
[0.492s] Level 1:colcon.colcon_core.package_identification:_identify(src/fslam_da) by extensions ['ros']
[0.492s] Level 1:colcon.colcon_core.package_identification:_identify(src/fslam_da) by extension 'ros'
[0.493s] DEBUG:colcon.colcon_core.package_identification:Package 'src/fslam_da' with type 'ros.ament_python' and name 'fslam_da'
[0.493s] Level 1:colcon.colcon_core.package_identification:_identify(src/logs) by extensions ['ignore', 'ignore_ament_install']
[0.493s] Level 1:colcon.colcon_core.package_identification:_identify(src/logs) by extension 'ignore'
[0.493s] Level 1:colcon.colcon_core.package_identification:_identify(src/logs) by extension 'ignore_ament_install'
[0.493s] Level 1:colcon.colcon_core.package_identification:_identify(src/logs) by extensions ['colcon_pkg']
[0.493s] Level 1:colcon.colcon_core.package_identification:_identify(src/logs) by extension 'colcon_pkg'
[0.493s] Level 1:colcon.colcon_core.package_identification:_identify(src/logs) by extensions ['colcon_meta']
[0.493s] Level 1:colcon.colcon_core.package_identification:_identify(src/logs) by extension 'colcon_meta'
[0.493s] Level 1:colcon.colcon_core.package_identification:_identify(src/logs) by extensions ['ros']
[0.493s] Level 1:colcon.colcon_core.package_identification:_identify(src/logs) by extension 'ros'
[0.494s] Level 1:colcon.colcon_core.package_identification:_identify(src/logs) by extensions ['cmake', 'python']
[0.494s] Level 1:colcon.colcon_core.package_identification:_identify(src/logs) by extension 'cmake'
[0.494s] Level 1:colcon.colcon_core.package_identification:_identify(src/logs) by extension 'python'
[0.494s] Level 1:colcon.colcon_core.package_identification:_identify(src/logs) by extensions ['python_setup_py']
[0.494s] Level 1:colcon.colcon_core.package_identification:_identify(src/logs) by extension 'python_setup_py'
[0.494s] Level 1:colcon.colcon_core.package_identification:_identify(src/logs/da_eval) by extensions ['ignore', 'ignore_ament_install']
[0.494s] Level 1:colcon.colcon_core.package_identification:_identify(src/logs/da_eval) by extension 'ignore'
[0.494s] Level 1:colcon.colcon_core.package_identification:_identify(src/logs/da_eval) by extension 'ignore_ament_install'
[0.494s] Level 1:colcon.colcon_core.package_identification:_identify(src/logs/da_eval) by extensions ['colcon_pkg']
[0.494s] Level 1:colcon.colcon_core.package_identification:_identify(src/logs/da_eval) by extension 'colcon_pkg'
[0.494s] Level 1:colcon.colcon_core.package_identification:_identify(src/logs/da_eval) by extensions ['colcon_meta']
[0.494s] Level 1:colcon.colcon_core.package_identification:_identify(src/logs/da_eval) by extension 'colcon_meta'
[0.494s] Level 1:colcon.colcon_core.package_identification:_identify(src/logs/da_eval) by extensions ['ros']
[0.494s] Level 1:colcon.colcon_core.package_identification:_identify(src/logs/da_eval) by extension 'ros'
[0.494s] Level 1:colcon.colcon_core.package_identification:_identify(src/logs/da_eval) by extensions ['cmake', 'python']
[0.494s] Level 1:colcon.colcon_core.package_identification:_identify(src/logs/da_eval) by extension 'cmake'
[0.494s] Level 1:colcon.colcon_core.package_identification:_identify(src/logs/da_eval) by extension 'python'
[0.494s] Level 1:colcon.colcon_core.package_identification:_identify(src/logs/da_eval) by extensions ['python_setup_py']
[0.494s] Level 1:colcon.colcon_core.package_identification:_identify(src/logs/da_eval) by extension 'python_setup_py'
[0.494s] Level 1:colcon.colcon_core.package_identification:_identify(src/logs/da_eval/20251002_133726) by extensions ['ignore', 'ignore_ament_install']
[0.494s] Level 1:colcon.colcon_core.package_identification:_identify(src/logs/da_eval/20251002_133726) by extension 'ignore'
[0.494s] Level 1:colcon.colcon_core.package_identification:_identify(src/logs/da_eval/20251002_133726) by extension 'ignore_ament_install'
[0.494s] Level 1:colcon.colcon_core.package_identification:_identify(src/logs/da_eval/20251002_133726) by extensions ['colcon_pkg']
[0.494s] Level 1:colcon.colcon_core.package_identification:_identify(src/logs/da_eval/20251002_133726) by extension 'colcon_pkg'
[0.494s] Level 1:colcon.colcon_core.package_identification:_identify(src/logs/da_eval/20251002_133726) by extensions ['colcon_meta']
[0.494s] Level 1:colcon.colcon_core.package_identification:_identify(src/logs/da_eval/20251002_133726) by extension 'colcon_meta'
[0.494s] Level 1:colcon.colcon_core.package_identification:_identify(src/logs/da_eval/20251002_133726) by extensions ['ros']
[0.494s] Level 1:colcon.colcon_core.package_identification:_identify(src/logs/da_eval/20251002_133726) by extension 'ros'
[0.494s] Level 1:colcon.colcon_core.package_identification:_identify(src/logs/da_eval/20251002_133726) by extensions ['cmake', 'python']
[0.494s] Level 1:colcon.colcon_core.package_identification:_identify(src/logs/da_eval/20251002_133726) by extension 'cmake'
[0.494s] Level 1:colcon.colcon_core.package_identification:_identify(src/logs/da_eval/20251002_133726) by extension 'python'
[0.494s] Level 1:colcon.colcon_core.package_identification:_identify(src/logs/da_eval/20251002_133726) by extensions ['python_setup_py']
[0.494s] Level 1:colcon.colcon_core.package_identification:_identify(src/logs/da_eval/20251002_133726) by extension 'python_setup_py'
[0.494s] Level 1:colcon.colcon_core.package_identification:_identify(src/logs/da_eval/20251002_133726/algo=ijcbb) by extensions ['ignore', 'ignore_ament_install']
[0.495s] Level 1:colcon.colcon_core.package_identification:_identify(src/logs/da_eval/20251002_133726/algo=ijcbb) by extension 'ignore'
[0.495s] Level 1:colcon.colcon_core.package_identification:_identify(src/logs/da_eval/20251002_133726/algo=ijcbb) by extension 'ignore_ament_install'
[0.495s] Level 1:colcon.colcon_core.package_identification:_identify(src/logs/da_eval/20251002_133726/algo=ijcbb) by extensions ['colcon_pkg']
[0.495s] Level 1:colcon.colcon_core.package_identification:_identify(src/logs/da_eval/20251002_133726/algo=ijcbb) by extension 'colcon_pkg'
[0.495s] Level 1:colcon.colcon_core.package_identification:_identify(src/logs/da_eval/20251002_133726/algo=ijcbb) by extensions ['colcon_meta']
[0.495s] Level 1:colcon.colcon_core.package_identification:_identify(src/logs/da_eval/20251002_133726/algo=ijcbb) by extension 'colcon_meta'
[0.495s] Level 1:colcon.colcon_core.package_identification:_identify(src/logs/da_eval/20251002_133726/algo=ijcbb) by extensions ['ros']
[0.495s] Level 1:colcon.colcon_core.package_identification:_identify(src/logs/da_eval/20251002_133726/algo=ijcbb) by extension 'ros'
[0.495s] Level 1:colcon.colcon_core.package_identification:_identify(src/logs/da_eval/20251002_133726/algo=ijcbb) by extensions ['cmake', 'python']
[0.495s] Level 1:colcon.colcon_core.package_identification:_identify(src/logs/da_eval/20251002_133726/algo=ijcbb) by extension 'cmake'
[0.495s] Level 1:colcon.colcon_core.package_identification:_identify(src/logs/da_eval/20251002_133726/algo=ijcbb) by extension 'python'
[0.495s] Level 1:colcon.colcon_core.package_identification:_identify(src/logs/da_eval/20251002_133726/algo=ijcbb) by extensions ['python_setup_py']
[0.495s] Level 1:colcon.colcon_core.package_identification:_identify(src/logs/da_eval/20251002_133726/algo=ijcbb) by extension 'python_setup_py'
[0.495s] Level 1:colcon.colcon_core.package_identification:_identify(src/logs/da_eval/20251002_135319) by extensions ['ignore', 'ignore_ament_install']
[0.495s] Level 1:colcon.colcon_core.package_identification:_identify(src/logs/da_eval/20251002_135319) by extension 'ignore'
[0.495s] Level 1:colcon.colcon_core.package_identification:_identify(src/logs/da_eval/20251002_135319) by extension 'ignore_ament_install'
[0.495s] Level 1:colcon.colcon_core.package_identification:_identify(src/logs/da_eval/20251002_135319) by extensions ['colcon_pkg']
[0.495s] Level 1:colcon.colcon_core.package_identification:_identify(src/logs/da_eval/20251002_135319) by extension 'colcon_pkg'
[0.495s] Level 1:colcon.colcon_core.package_identification:_identify(src/logs/da_eval/20251002_135319) by extensions ['colcon_meta']
[0.495s] Level 1:colcon.colcon_core.package_identification:_identify(src/logs/da_eval/20251002_135319) by extension 'colcon_meta'
[0.495s] Level 1:colcon.colcon_core.package_identification:_identify(src/logs/da_eval/20251002_135319) by extensions ['ros']
[0.495s] Level 1:colcon.colcon_core.package_identification:_identify(src/logs/da_eval/20251002_135319) by extension 'ros'
[0.495s] Level 1:colcon.colcon_core.package_identification:_identify(src/logs/da_eval/20251002_135319) by extensions ['cmake', 'python']
[0.495s] Level 1:colcon.colcon_core.package_identification:_identify(src/logs/da_eval/20251002_135319) by extension 'cmake'
[0.495s] Level 1:colcon.colcon_core.package_identification:_identify(src/logs/da_eval/20251002_135319) by extension 'python'
[0.495s] Level 1:colcon.colcon_core.package_identification:_identify(src/logs/da_eval/20251002_135319) by extensions ['python_setup_py']
[0.495s] Level 1:colcon.colcon_core.package_identification:_identify(src/logs/da_eval/20251002_135319) by extension 'python_setup_py'
[0.495s] Level 1:colcon.colcon_core.package_identification:_identify(src/logs/da_eval/20251002_135319/algo=ijcbb) by extensions ['ignore', 'ignore_ament_install']
[0.495s] Level 1:colcon.colcon_core.package_identification:_identify(src/logs/da_eval/20251002_135319/algo=ijcbb) by extension 'ignore'
[0.495s] Level 1:colcon.colcon_core.package_identification:_identify(src/logs/da_eval/20251002_135319/algo=ijcbb) by extension 'ignore_ament_install'
[0.495s] Level 1:colcon.colcon_core.package_identification:_identify(src/logs/da_eval/20251002_135319/algo=ijcbb) by extensions ['colcon_pkg']
[0.495s] Level 1:colcon.colcon_core.package_identification:_identify(src/logs/da_eval/20251002_135319/algo=ijcbb) by extension 'colcon_pkg'
[0.495s] Level 1:colcon.colcon_core.package_identification:_identify(src/logs/da_eval/20251002_135319/algo=ijcbb) by extensions ['colcon_meta']
[0.495s] Level 1:colcon.colcon_core.package_identification:_identify(src/logs/da_eval/20251002_135319/algo=ijcbb) by extension 'colcon_meta'
[0.495s] Level 1:colcon.colcon_core.package_identification:_identify(src/logs/da_eval/20251002_135319/algo=ijcbb) by extensions ['ros']
[0.495s] Level 1:colcon.colcon_core.package_identification:_identify(src/logs/da_eval/20251002_135319/algo=ijcbb) by extension 'ros'
[0.495s] Level 1:colcon.colcon_core.package_identification:_identify(src/logs/da_eval/20251002_135319/algo=ijcbb) by extensions ['cmake', 'python']
[0.495s] Level 1:colcon.colcon_core.package_identification:_identify(src/logs/da_eval/20251002_135319/algo=ijcbb) by extension 'cmake'
[0.495s] Level 1:colcon.colcon_core.package_identification:_identify(src/logs/da_eval/20251002_135319/algo=ijcbb) by extension 'python'
[0.495s] Level 1:colcon.colcon_core.package_identification:_identify(src/logs/da_eval/20251002_135319/algo=ijcbb) by extensions ['python_setup_py']
[0.495s] Level 1:colcon.colcon_core.package_identification:_identify(src/logs/da_eval/20251002_135319/algo=ijcbb) by extension 'python_setup_py'
[0.496s] Level 1:colcon.colcon_core.package_identification:_identify(src/logs/fslam) by extensions ['ignore', 'ignore_ament_install']
[0.496s] Level 1:colcon.colcon_core.package_identification:_identify(src/logs/fslam) by extension 'ignore'
[0.496s] Level 1:colcon.colcon_core.package_identification:_identify(src/logs/fslam) by extension 'ignore_ament_install'
[0.496s] Level 1:colcon.colcon_core.package_identification:_identify(src/logs/fslam) by extensions ['colcon_pkg']
[0.496s] Level 1:colcon.colcon_core.package_identification:_identify(src/logs/fslam) by extension 'colcon_pkg'
[0.496s] Level 1:colcon.colcon_core.package_identification:_identify(src/logs/fslam) by extensions ['colcon_meta']
[0.496s] Level 1:colcon.colcon_core.package_identification:_identify(src/logs/fslam) by extension 'colcon_meta'
[0.496s] Level 1:colcon.colcon_core.package_identification:_identify(src/logs/fslam) by extensions ['ros']
[0.496s] Level 1:colcon.colcon_core.package_identification:_identify(src/logs/fslam) by extension 'ros'
[0.496s] Level 1:colcon.colcon_core.package_identification:_identify(src/logs/fslam) by extensions ['cmake', 'python']
[0.496s] Level 1:colcon.colcon_core.package_identification:_identify(src/logs/fslam) by extension 'cmake'
[0.496s] Level 1:colcon.colcon_core.package_identification:_identify(src/logs/fslam) by extension 'python'
[0.496s] Level 1:colcon.colcon_core.package_identification:_identify(src/logs/fslam) by extensions ['python_setup_py']
[0.496s] Level 1:colcon.colcon_core.package_identification:_identify(src/logs/fslam) by extension 'python_setup_py'
[0.496s] Level 1:colcon.colcon_core.package_identification:_identify(src/logs/fslam/20250928_185633) by extensions ['ignore', 'ignore_ament_install']
[0.496s] Level 1:colcon.colcon_core.package_identification:_identify(src/logs/fslam/20250928_185633) by extension 'ignore'
[0.496s] Level 1:colcon.colcon_core.package_identification:_identify(src/logs/fslam/20250928_185633) by extension 'ignore_ament_install'
[0.496s] Level 1:colcon.colcon_core.package_identification:_identify(src/logs/fslam/20250928_185633) by extensions ['colcon_pkg']
[0.496s] Level 1:colcon.colcon_core.package_identification:_identify(src/logs/fslam/20250928_185633) by extension 'colcon_pkg'
[0.496s] Level 1:colcon.colcon_core.package_identification:_identify(src/logs/fslam/20250928_185633) by extensions ['colcon_meta']
[0.496s] Level 1:colcon.colcon_core.package_identification:_identify(src/logs/fslam/20250928_185633) by extension 'colcon_meta'
[0.496s] Level 1:colcon.colcon_core.package_identification:_identify(src/logs/fslam/20250928_185633) by extensions ['ros']
[0.496s] Level 1:colcon.colcon_core.package_identification:_identify(src/logs/fslam/20250928_185633) by extension 'ros'
[0.496s] Level 1:colcon.colcon_core.package_identification:_identify(src/logs/fslam/20250928_185633) by extensions ['cmake', 'python']
[0.496s] Level 1:colcon.colcon_core.package_identification:_identify(src/logs/fslam/20250928_185633) by extension 'cmake'
[0.496s] Level 1:colcon.colcon_core.package_identification:_identify(src/logs/fslam/20250928_185633) by extension 'python'
[0.496s] Level 1:colcon.colcon_core.package_identification:_identify(src/logs/fslam/20250928_185633) by extensions ['python_setup_py']
[0.496s] Level 1:colcon.colcon_core.package_identification:_identify(src/logs/fslam/20250928_185633) by extension 'python_setup_py'
[0.496s] Level 1:colcon.colcon_core.package_identification:_identify(src/logs/fslam/20250928_190431) by extensions ['ignore', 'ignore_ament_install']
[0.496s] Level 1:colcon.colcon_core.package_identification:_identify(src/logs/fslam/20250928_190431) by extension 'ignore'
[0.496s] Level 1:colcon.colcon_core.package_identification:_identify(src/logs/fslam/20250928_190431) by extension 'ignore_ament_install'
[0.496s] Level 1:colcon.colcon_core.package_identification:_identify(src/logs/fslam/20250928_190431) by extensions ['colcon_pkg']
[0.496s] Level 1:colcon.colcon_core.package_identification:_identify(src/logs/fslam/20250928_190431) by extension 'colcon_pkg'
[0.496s] Level 1:colcon.colcon_core.package_identification:_identify(src/logs/fslam/20250928_190431) by extensions ['colcon_meta']
[0.496s] Level 1:colcon.colcon_core.package_identification:_identify(src/logs/fslam/20250928_190431) by extension 'colcon_meta'
[0.496s] Level 1:colcon.colcon_core.package_identification:_identify(src/logs/fslam/20250928_190431) by extensions ['ros']
[0.496s] Level 1:colcon.colcon_core.package_identification:_identify(src/logs/fslam/20250928_190431) by extension 'ros'
[0.496s] Level 1:colcon.colcon_core.package_identification:_identify(src/logs/fslam/20250928_190431) by extensions ['cmake', 'python']
[0.496s] Level 1:colcon.colcon_core.package_identification:_identify(src/logs/fslam/20250928_190431) by extension 'cmake'
[0.496s] Level 1:colcon.colcon_core.package_identification:_identify(src/logs/fslam/20250928_190431) by extension 'python'
[0.496s] Level 1:colcon.colcon_core.package_identification:_identify(src/logs/fslam/20250928_190431) by extensions ['python_setup_py']
[0.496s] Level 1:colcon.colcon_core.package_identification:_identify(src/logs/fslam/20250928_190431) by extension 'python_setup_py'
[0.496s] Level 1:colcon.colcon_core.package_identification:_identify(src/logs/fslam/20250928_204207) by extensions ['ignore', 'ignore_ament_install']
[0.497s] Level 1:colcon.colcon_core.package_identification:_identify(src/logs/fslam/20250928_204207) by extension 'ignore'
[0.497s] Level 1:colcon.colcon_core.package_identification:_identify(src/logs/fslam/20250928_204207) by extension 'ignore_ament_install'
[0.497s] Level 1:colcon.colcon_core.package_identification:_identify(src/logs/fslam/20250928_204207) by extensions ['colcon_pkg']
[0.497s] Level 1:colcon.colcon_core.package_identification:_identify(src/logs/fslam/20250928_204207) by extension 'colcon_pkg'
[0.497s] Level 1:colcon.colcon_core.package_identification:_identify(src/logs/fslam/20250928_204207) by extensions ['colcon_meta']
[0.497s] Level 1:colcon.colcon_core.package_identification:_identify(src/logs/fslam/20250928_204207) by extension 'colcon_meta'
[0.497s] Level 1:colcon.colcon_core.package_identification:_identify(src/logs/fslam/20250928_204207) by extensions ['ros']
[0.497s] Level 1:colcon.colcon_core.package_identification:_identify(src/logs/fslam/20250928_204207) by extension 'ros'
[0.497s] Level 1:colcon.colcon_core.package_identification:_identify(src/logs/fslam/20250928_204207) by extensions ['cmake', 'python']
[0.497s] Level 1:colcon.colcon_core.package_identification:_identify(src/logs/fslam/20250928_204207) by extension 'cmake'
[0.497s] Level 1:colcon.colcon_core.package_identification:_identify(src/logs/fslam/20250928_204207) by extension 'python'
[0.497s] Level 1:colcon.colcon_core.package_identification:_identify(src/logs/fslam/20250928_204207) by extensions ['python_setup_py']
[0.497s] Level 1:colcon.colcon_core.package_identification:_identify(src/logs/fslam/20250928_204207) by extension 'python_setup_py'
[0.497s] Level 1:colcon.colcon_core.package_identification:_identify(src/logs/fslam/20250928_223447) by extensions ['ignore', 'ignore_ament_install']
[0.497s] Level 1:colcon.colcon_core.package_identification:_identify(src/logs/fslam/20250928_223447) by extension 'ignore'
[0.497s] Level 1:colcon.colcon_core.package_identification:_identify(src/logs/fslam/20250928_223447) by extension 'ignore_ament_install'
[0.497s] Level 1:colcon.colcon_core.package_identification:_identify(src/logs/fslam/20250928_223447) by extensions ['colcon_pkg']
[0.497s] Level 1:colcon.colcon_core.package_identification:_identify(src/logs/fslam/20250928_223447) by extension 'colcon_pkg'
[0.497s] Level 1:colcon.colcon_core.package_identification:_identify(src/logs/fslam/20250928_223447) by extensions ['colcon_meta']
[0.497s] Level 1:colcon.colcon_core.package_identification:_identify(src/logs/fslam/20250928_223447) by extension 'colcon_meta'
[0.497s] Level 1:colcon.colcon_core.package_identification:_identify(src/logs/fslam/20250928_223447) by extensions ['ros']
[0.497s] Level 1:colcon.colcon_core.package_identification:_identify(src/logs/fslam/20250928_223447) by extension 'ros'
[0.497s] Level 1:colcon.colcon_core.package_identification:_identify(src/logs/fslam/20250928_223447) by extensions ['cmake', 'python']
[0.497s] Level 1:colcon.colcon_core.package_identification:_identify(src/logs/fslam/20250928_223447) by extension 'cmake'
[0.497s] Level 1:colcon.colcon_core.package_identification:_identify(src/logs/fslam/20250928_223447) by extension 'python'
[0.497s] Level 1:colcon.colcon_core.package_identification:_identify(src/logs/fslam/20250928_223447) by extensions ['python_setup_py']
[0.497s] Level 1:colcon.colcon_core.package_identification:_identify(src/logs/fslam/20250928_223447) by extension 'python_setup_py'
[0.497s] Level 1:colcon.colcon_core.package_identification:_identify(src/logs/fslam/20250928_223900) by extensions ['ignore', 'ignore_ament_install']
[0.497s] Level 1:colcon.colcon_core.package_identification:_identify(src/logs/fslam/20250928_223900) by extension 'ignore'
[0.497s] Level 1:colcon.colcon_core.package_identification:_identify(src/logs/fslam/20250928_223900) by extension 'ignore_ament_install'
[0.497s] Level 1:colcon.colcon_core.package_identification:_identify(src/logs/fslam/20250928_223900) by extensions ['colcon_pkg']
[0.497s] Level 1:colcon.colcon_core.package_identification:_identify(src/logs/fslam/20250928_223900) by extension 'colcon_pkg'
[0.497s] Level 1:colcon.colcon_core.package_identification:_identify(src/logs/fslam/20250928_223900) by extensions ['colcon_meta']
[0.497s] Level 1:colcon.colcon_core.package_identification:_identify(src/logs/fslam/20250928_223900) by extension 'colcon_meta'
[0.497s] Level 1:colcon.colcon_core.package_identification:_identify(src/logs/fslam/20250928_223900) by extensions ['ros']
[0.497s] Level 1:colcon.colcon_core.package_identification:_identify(src/logs/fslam/20250928_223900) by extension 'ros'
[0.497s] Level 1:colcon.colcon_core.package_identification:_identify(src/logs/fslam/20250928_223900) by extensions ['cmake', 'python']
[0.497s] Level 1:colcon.colcon_core.package_identification:_identify(src/logs/fslam/20250928_223900) by extension 'cmake'
[0.497s] Level 1:colcon.colcon_core.package_identification:_identify(src/logs/fslam/20250928_223900) by extension 'python'
[0.497s] Level 1:colcon.colcon_core.package_identification:_identify(src/logs/fslam/20250928_223900) by extensions ['python_setup_py']
[0.497s] Level 1:colcon.colcon_core.package_identification:_identify(src/logs/fslam/20250928_223900) by extension 'python_setup_py'
[0.497s] Level 1:colcon.colcon_core.package_identification:_identify(src/logs/fslam/20250928_225509) by extensions ['ignore', 'ignore_ament_install']
[0.497s] Level 1:colcon.colcon_core.package_identification:_identify(src/logs/fslam/20250928_225509) by extension 'ignore'
[0.498s] Level 1:colcon.colcon_core.package_identification:_identify(src/logs/fslam/20250928_225509) by extension 'ignore_ament_install'
[0.498s] Level 1:colcon.colcon_core.package_identification:_identify(src/logs/fslam/20250928_225509) by extensions ['colcon_pkg']
[0.498s] Level 1:colcon.colcon_core.package_identification:_identify(src/logs/fslam/20250928_225509) by extension 'colcon_pkg'
[0.498s] Level 1:colcon.colcon_core.package_identification:_identify(src/logs/fslam/20250928_225509) by extensions ['colcon_meta']
[0.498s] Level 1:colcon.colcon_core.package_identification:_identify(src/logs/fslam/20250928_225509) by extension 'colcon_meta'
[0.498s] Level 1:colcon.colcon_core.package_identification:_identify(src/logs/fslam/20250928_225509) by extensions ['ros']
[0.498s] Level 1:colcon.colcon_core.package_identification:_identify(src/logs/fslam/20250928_225509) by extension 'ros'
[0.498s] Level 1:colcon.colcon_core.package_identification:_identify(src/logs/fslam/20250928_225509) by extensions ['cmake', 'python']
[0.498s] Level 1:colcon.colcon_core.package_identification:_identify(src/logs/fslam/20250928_225509) by extension 'cmake'
[0.498s] Level 1:colcon.colcon_core.package_identification:_identify(src/logs/fslam/20250928_225509) by extension 'python'
[0.498s] Level 1:colcon.colcon_core.package_identification:_identify(src/logs/fslam/20250928_225509) by extensions ['python_setup_py']
[0.498s] Level 1:colcon.colcon_core.package_identification:_identify(src/logs/fslam/20250928_225509) by extension 'python_setup_py'
[0.498s] Level 1:colcon.colcon_core.package_identification:_identify(src/logs/fslam/20250928_230105) by extensions ['ignore', 'ignore_ament_install']
[0.498s] Level 1:colcon.colcon_core.package_identification:_identify(src/logs/fslam/20250928_230105) by extension 'ignore'
[0.498s] Level 1:colcon.colcon_core.package_identification:_identify(src/logs/fslam/20250928_230105) by extension 'ignore_ament_install'
[0.498s] Level 1:colcon.colcon_core.package_identification:_identify(src/logs/fslam/20250928_230105) by extensions ['colcon_pkg']
[0.498s] Level 1:colcon.colcon_core.package_identification:_identify(src/logs/fslam/20250928_230105) by extension 'colcon_pkg'
[0.498s] Level 1:colcon.colcon_core.package_identification:_identify(src/logs/fslam/20250928_230105) by extensions ['colcon_meta']
[0.498s] Level 1:colcon.colcon_core.package_identification:_identify(src/logs/fslam/20250928_230105) by extension 'colcon_meta'
[0.498s] Level 1:colcon.colcon_core.package_identification:_identify(src/logs/fslam/20250928_230105) by extensions ['ros']
[0.498s] Level 1:colcon.colcon_core.package_identification:_identify(src/logs/fslam/20250928_230105) by extension 'ros'
[0.498s] Level 1:colcon.colcon_core.package_identification:_identify(src/logs/fslam/20250928_230105) by extensions ['cmake', 'python']
[0.498s] Level 1:colcon.colcon_core.package_identification:_identify(src/logs/fslam/20250928_230105) by extension 'cmake'
[0.498s] Level 1:colcon.colcon_core.package_identification:_identify(src/logs/fslam/20250928_230105) by extension 'python'
[0.498s] Level 1:colcon.colcon_core.package_identification:_identify(src/logs/fslam/20250928_230105) by extensions ['python_setup_py']
[0.498s] Level 1:colcon.colcon_core.package_identification:_identify(src/logs/fslam/20250928_230105) by extension 'python_setup_py'
[0.498s] Level 1:colcon.colcon_core.package_identification:_identify(src/logs/fslam/20250928_231004) by extensions ['ignore', 'ignore_ament_install']
[0.498s] Level 1:colcon.colcon_core.package_identification:_identify(src/logs/fslam/20250928_231004) by extension 'ignore'
[0.498s] Level 1:colcon.colcon_core.package_identification:_identify(src/logs/fslam/20250928_231004) by extension 'ignore_ament_install'
[0.498s] Level 1:colcon.colcon_core.package_identification:_identify(src/logs/fslam/20250928_231004) by extensions ['colcon_pkg']
[0.498s] Level 1:colcon.colcon_core.package_identification:_identify(src/logs/fslam/20250928_231004) by extension 'colcon_pkg'
[0.498s] Level 1:colcon.colcon_core.package_identification:_identify(src/logs/fslam/20250928_231004) by extensions ['colcon_meta']
[0.498s] Level 1:colcon.colcon_core.package_identification:_identify(src/logs/fslam/20250928_231004) by extension 'colcon_meta'
[0.498s] Level 1:colcon.colcon_core.package_identification:_identify(src/logs/fslam/20250928_231004) by extensions ['ros']
[0.498s] Level 1:colcon.colcon_core.package_identification:_identify(src/logs/fslam/20250928_231004) by extension 'ros'
[0.498s] Level 1:colcon.colcon_core.package_identification:_identify(src/logs/fslam/20250928_231004) by extensions ['cmake', 'python']
[0.498s] Level 1:colcon.colcon_core.package_identification:_identify(src/logs/fslam/20250928_231004) by extension 'cmake'
[0.498s] Level 1:colcon.colcon_core.package_identification:_identify(src/logs/fslam/20250928_231004) by extension 'python'
[0.498s] Level 1:colcon.colcon_core.package_identification:_identify(src/logs/fslam/20250928_231004) by extensions ['python_setup_py']
[0.498s] Level 1:colcon.colcon_core.package_identification:_identify(src/logs/fslam/20250928_231004) by extension 'python_setup_py'
[0.498s] Level 1:colcon.colcon_core.package_identification:_identify(src/logs/fslam/20250928_232231) by extensions ['ignore', 'ignore_ament_install']
[0.498s] Level 1:colcon.colcon_core.package_identification:_identify(src/logs/fslam/20250928_232231) by extension 'ignore'
[0.498s] Level 1:colcon.colcon_core.package_identification:_identify(src/logs/fslam/20250928_232231) by extension 'ignore_ament_install'
[0.498s] Level 1:colcon.colcon_core.package_identification:_identify(src/logs/fslam/20250928_232231) by extensions ['colcon_pkg']
[0.498s] Level 1:colcon.colcon_core.package_identification:_identify(src/logs/fslam/20250928_232231) by extension 'colcon_pkg'
[0.499s] Level 1:colcon.colcon_core.package_identification:_identify(src/logs/fslam/20250928_232231) by extensions ['colcon_meta']
[0.499s] Level 1:colcon.colcon_core.package_identification:_identify(src/logs/fslam/20250928_232231) by extension 'colcon_meta'
[0.499s] Level 1:colcon.colcon_core.package_identification:_identify(src/logs/fslam/20250928_232231) by extensions ['ros']
[0.499s] Level 1:colcon.colcon_core.package_identification:_identify(src/logs/fslam/20250928_232231) by extension 'ros'
[0.499s] Level 1:colcon.colcon_core.package_identification:_identify(src/logs/fslam/20250928_232231) by extensions ['cmake', 'python']
[0.499s] Level 1:colcon.colcon_core.package_identification:_identify(src/logs/fslam/20250928_232231) by extension 'cmake'
[0.499s] Level 1:colcon.colcon_core.package_identification:_identify(src/logs/fslam/20250928_232231) by extension 'python'
[0.499s] Level 1:colcon.colcon_core.package_identification:_identify(src/logs/fslam/20250928_232231) by extensions ['python_setup_py']
[0.499s] Level 1:colcon.colcon_core.package_identification:_identify(src/logs/fslam/20250928_232231) by extension 'python_setup_py'
[0.499s] Level 1:colcon.colcon_core.package_identification:_identify(src/logs/fslam/20250928_232436) by extensions ['ignore', 'ignore_ament_install']
[0.499s] Level 1:colcon.colcon_core.package_identification:_identify(src/logs/fslam/20250928_232436) by extension 'ignore'
[0.499s] Level 1:colcon.colcon_core.package_identification:_identify(src/logs/fslam/20250928_232436) by extension 'ignore_ament_install'
[0.499s] Level 1:colcon.colcon_core.package_identification:_identify(src/logs/fslam/20250928_232436) by extensions ['colcon_pkg']
[0.499s] Level 1:colcon.colcon_core.package_identification:_identify(src/logs/fslam/20250928_232436) by extension 'colcon_pkg'
[0.499s] Level 1:colcon.colcon_core.package_identification:_identify(src/logs/fslam/20250928_232436) by extensions ['colcon_meta']
[0.499s] Level 1:colcon.colcon_core.package_identification:_identify(src/logs/fslam/20250928_232436) by extension 'colcon_meta'
[0.499s] Level 1:colcon.colcon_core.package_identification:_identify(src/logs/fslam/20250928_232436) by extensions ['ros']
[0.499s] Level 1:colcon.colcon_core.package_identification:_identify(src/logs/fslam/20250928_232436) by extension 'ros'
[0.499s] Level 1:colcon.colcon_core.package_identification:_identify(src/logs/fslam/20250928_232436) by extensions ['cmake', 'python']
[0.499s] Level 1:colcon.colcon_core.package_identification:_identify(src/logs/fslam/20250928_232436) by extension 'cmake'
[0.499s] Level 1:colcon.colcon_core.package_identification:_identify(src/logs/fslam/20250928_232436) by extension 'python'
[0.499s] Level 1:colcon.colcon_core.package_identification:_identify(src/logs/fslam/20250928_232436) by extensions ['python_setup_py']
[0.499s] Level 1:colcon.colcon_core.package_identification:_identify(src/logs/fslam/20250928_232436) by extension 'python_setup_py'
[0.499s] Level 1:colcon.colcon_core.package_identification:_identify(src/logs/fslam/20250928_232718) by extensions ['ignore', 'ignore_ament_install']
[0.499s] Level 1:colcon.colcon_core.package_identification:_identify(src/logs/fslam/20250928_232718) by extension 'ignore'
[0.499s] Level 1:colcon.colcon_core.package_identification:_identify(src/logs/fslam/20250928_232718) by extension 'ignore_ament_install'
[0.499s] Level 1:colcon.colcon_core.package_identification:_identify(src/logs/fslam/20250928_232718) by extensions ['colcon_pkg']
[0.499s] Level 1:colcon.colcon_core.package_identification:_identify(src/logs/fslam/20250928_232718) by extension 'colcon_pkg'
[0.499s] Level 1:colcon.colcon_core.package_identification:_identify(src/logs/fslam/20250928_232718) by extensions ['colcon_meta']
[0.499s] Level 1:colcon.colcon_core.package_identification:_identify(src/logs/fslam/20250928_232718) by extension 'colcon_meta'
[0.499s] Level 1:colcon.colcon_core.package_identification:_identify(src/logs/fslam/20250928_232718) by extensions ['ros']
[0.499s] Level 1:colcon.colcon_core.package_identification:_identify(src/logs/fslam/20250928_232718) by extension 'ros'
[0.499s] Level 1:colcon.colcon_core.package_identification:_identify(src/logs/fslam/20250928_232718) by extensions ['cmake', 'python']
[0.499s] Level 1:colcon.colcon_core.package_identification:_identify(src/logs/fslam/20250928_232718) by extension 'cmake'
[0.499s] Level 1:colcon.colcon_core.package_identification:_identify(src/logs/fslam/20250928_232718) by extension 'python'
[0.499s] Level 1:colcon.colcon_core.package_identification:_identify(src/logs/fslam/20250928_232718) by extensions ['python_setup_py']
[0.499s] Level 1:colcon.colcon_core.package_identification:_identify(src/logs/fslam/20250928_232718) by extension 'python_setup_py'
[0.499s] Level 1:colcon.colcon_core.package_identification:_identify(src/logs/fslam/20250928_232755) by extensions ['ignore', 'ignore_ament_install']
[0.499s] Level 1:colcon.colcon_core.package_identification:_identify(src/logs/fslam/20250928_232755) by extension 'ignore'
[0.499s] Level 1:colcon.colcon_core.package_identification:_identify(src/logs/fslam/20250928_232755) by extension 'ignore_ament_install'
[0.499s] Level 1:colcon.colcon_core.package_identification:_identify(src/logs/fslam/20250928_232755) by extensions ['colcon_pkg']
[0.500s] Level 1:colcon.colcon_core.package_identification:_identify(src/logs/fslam/20250928_232755) by extension 'colcon_pkg'
[0.500s] Level 1:colcon.colcon_core.package_identification:_identify(src/logs/fslam/20250928_232755) by extensions ['colcon_meta']
[0.500s] Level 1:colcon.colcon_core.package_identification:_identify(src/logs/fslam/20250928_232755) by extension 'colcon_meta'
[0.500s] Level 1:colcon.colcon_core.package_identification:_identify(src/logs/fslam/20250928_232755) by extensions ['ros']
[0.500s] Level 1:colcon.colcon_core.package_identification:_identify(src/logs/fslam/20250928_232755) by extension 'ros'
[0.500s] Level 1:colcon.colcon_core.package_identification:_identify(src/logs/fslam/20250928_232755) by extensions ['cmake', 'python']
[0.500s] Level 1:colcon.colcon_core.package_identification:_identify(src/logs/fslam/20250928_232755) by extension 'cmake'
[0.500s] Level 1:colcon.colcon_core.package_identification:_identify(src/logs/fslam/20250928_232755) by extension 'python'
[0.500s] Level 1:colcon.colcon_core.package_identification:_identify(src/logs/fslam/20250928_232755) by extensions ['python_setup_py']
[0.500s] Level 1:colcon.colcon_core.package_identification:_identify(src/logs/fslam/20250928_232755) by extension 'python_setup_py'
[0.500s] Level 1:colcon.colcon_core.package_identification:_identify(src/logs/fslam/20250928_232911) by extensions ['ignore', 'ignore_ament_install']
[0.500s] Level 1:colcon.colcon_core.package_identification:_identify(src/logs/fslam/20250928_232911) by extension 'ignore'
[0.500s] Level 1:colcon.colcon_core.package_identification:_identify(src/logs/fslam/20250928_232911) by extension 'ignore_ament_install'
[0.500s] Level 1:colcon.colcon_core.package_identification:_identify(src/logs/fslam/20250928_232911) by extensions ['colcon_pkg']
[0.500s] Level 1:colcon.colcon_core.package_identification:_identify(src/logs/fslam/20250928_232911) by extension 'colcon_pkg'
[0.500s] Level 1:colcon.colcon_core.package_identification:_identify(src/logs/fslam/20250928_232911) by extensions ['colcon_meta']
[0.500s] Level 1:colcon.colcon_core.package_identification:_identify(src/logs/fslam/20250928_232911) by extension 'colcon_meta'
[0.500s] Level 1:colcon.colcon_core.package_identification:_identify(src/logs/fslam/20250928_232911) by extensions ['ros']
[0.500s] Level 1:colcon.colcon_core.package_identification:_identify(src/logs/fslam/20250928_232911) by extension 'ros'
[0.500s] Level 1:colcon.colcon_core.package_identification:_identify(src/logs/fslam/20250928_232911) by extensions ['cmake', 'python']
[0.500s] Level 1:colcon.colcon_core.package_identification:_identify(src/logs/fslam/20250928_232911) by extension 'cmake'
[0.500s] Level 1:colcon.colcon_core.package_identification:_identify(src/logs/fslam/20250928_232911) by extension 'python'
[0.500s] Level 1:colcon.colcon_core.package_identification:_identify(src/logs/fslam/20250928_232911) by extensions ['python_setup_py']
[0.500s] Level 1:colcon.colcon_core.package_identification:_identify(src/logs/fslam/20250928_232911) by extension 'python_setup_py'
[0.500s] Level 1:colcon.colcon_core.package_identification:_identify(src/logs/fslam/20250928_232946) by extensions ['ignore', 'ignore_ament_install']
[0.500s] Level 1:colcon.colcon_core.package_identification:_identify(src/logs/fslam/20250928_232946) by extension 'ignore'
[0.500s] Level 1:colcon.colcon_core.package_identification:_identify(src/logs/fslam/20250928_232946) by extension 'ignore_ament_install'
[0.500s] Level 1:colcon.colcon_core.package_identification:_identify(src/logs/fslam/20250928_232946) by extensions ['colcon_pkg']
[0.500s] Level 1:colcon.colcon_core.package_identification:_identify(src/logs/fslam/20250928_232946) by extension 'colcon_pkg'
[0.500s] Level 1:colcon.colcon_core.package_identification:_identify(src/logs/fslam/20250928_232946) by extensions ['colcon_meta']
[0.500s] Level 1:colcon.colcon_core.package_identification:_identify(src/logs/fslam/20250928_232946) by extension 'colcon_meta'
[0.500s] Level 1:colcon.colcon_core.package_identification:_identify(src/logs/fslam/20250928_232946) by extensions ['ros']
[0.500s] Level 1:colcon.colcon_core.package_identification:_identify(src/logs/fslam/20250928_232946) by extension 'ros'
[0.500s] Level 1:colcon.colcon_core.package_identification:_identify(src/logs/fslam/20250928_232946) by extensions ['cmake', 'python']
[0.500s] Level 1:colcon.colcon_core.package_identification:_identify(src/logs/fslam/20250928_232946) by extension 'cmake'
[0.500s] Level 1:colcon.colcon_core.package_identification:_identify(src/logs/fslam/20250928_232946) by extension 'python'
[0.500s] Level 1:colcon.colcon_core.package_identification:_identify(src/logs/fslam/20250928_232946) by extensions ['python_setup_py']
[0.500s] Level 1:colcon.colcon_core.package_identification:_identify(src/logs/fslam/20250928_232946) by extension 'python_setup_py'
[0.500s] Level 1:colcon.colcon_core.package_identification:_identify(src/logs/fslam/20250928_233125) by extensions ['ignore', 'ignore_ament_install']
[0.500s] Level 1:colcon.colcon_core.package_identification:_identify(src/logs/fslam/20250928_233125) by extension 'ignore'
[0.500s] Level 1:colcon.colcon_core.package_identification:_identify(src/logs/fslam/20250928_233125) by extension 'ignore_ament_install'
[0.500s] Level 1:colcon.colcon_core.package_identification:_identify(src/logs/fslam/20250928_233125) by extensions ['colcon_pkg']
[0.500s] Level 1:colcon.colcon_core.package_identification:_identify(src/logs/fslam/20250928_233125) by extension 'colcon_pkg'
[0.500s] Level 1:colcon.colcon_core.package_identification:_identify(src/logs/fslam/20250928_233125) by extensions ['colcon_meta']
[0.500s] Level 1:colcon.colcon_core.package_identification:_identify(src/logs/fslam/20250928_233125) by extension 'colcon_meta'
[0.501s] Level 1:colcon.colcon_core.package_identification:_identify(src/logs/fslam/20250928_233125) by extensions ['ros']
[0.501s] Level 1:colcon.colcon_core.package_identification:_identify(src/logs/fslam/20250928_233125) by extension 'ros'
[0.501s] Level 1:colcon.colcon_core.package_identification:_identify(src/logs/fslam/20250928_233125) by extensions ['cmake', 'python']
[0.501s] Level 1:colcon.colcon_core.package_identification:_identify(src/logs/fslam/20250928_233125) by extension 'cmake'
[0.501s] Level 1:colcon.colcon_core.package_identification:_identify(src/logs/fslam/20250928_233125) by extension 'python'
[0.501s] Level 1:colcon.colcon_core.package_identification:_identify(src/logs/fslam/20250928_233125) by extensions ['python_setup_py']
[0.501s] Level 1:colcon.colcon_core.package_identification:_identify(src/logs/fslam/20250928_233125) by extension 'python_setup_py'
[0.501s] Level 1:colcon.colcon_core.package_identification:_identify(src/logs/fslam/20250928_233249) by extensions ['ignore', 'ignore_ament_install']
[0.501s] Level 1:colcon.colcon_core.package_identification:_identify(src/logs/fslam/20250928_233249) by extension 'ignore'
[0.501s] Level 1:colcon.colcon_core.package_identification:_identify(src/logs/fslam/20250928_233249) by extension 'ignore_ament_install'
[0.501s] Level 1:colcon.colcon_core.package_identification:_identify(src/logs/fslam/20250928_233249) by extensions ['colcon_pkg']
[0.501s] Level 1:colcon.colcon_core.package_identification:_identify(src/logs/fslam/20250928_233249) by extension 'colcon_pkg'
[0.501s] Level 1:colcon.colcon_core.package_identification:_identify(src/logs/fslam/20250928_233249) by extensions ['colcon_meta']
[0.501s] Level 1:colcon.colcon_core.package_identification:_identify(src/logs/fslam/20250928_233249) by extension 'colcon_meta'
[0.501s] Level 1:colcon.colcon_core.package_identification:_identify(src/logs/fslam/20250928_233249) by extensions ['ros']
[0.501s] Level 1:colcon.colcon_core.package_identification:_identify(src/logs/fslam/20250928_233249) by extension 'ros'
[0.501s] Level 1:colcon.colcon_core.package_identification:_identify(src/logs/fslam/20250928_233249) by extensions ['cmake', 'python']
[0.501s] Level 1:colcon.colcon_core.package_identification:_identify(src/logs/fslam/20250928_233249) by extension 'cmake'
[0.501s] Level 1:colcon.colcon_core.package_identification:_identify(src/logs/fslam/20250928_233249) by extension 'python'
[0.501s] Level 1:colcon.colcon_core.package_identification:_identify(src/logs/fslam/20250928_233249) by extensions ['python_setup_py']
[0.501s] Level 1:colcon.colcon_core.package_identification:_identify(src/logs/fslam/20250928_233249) by extension 'python_setup_py'
[0.501s] Level 1:colcon.colcon_core.package_identification:_identify(src/logs/fslam/20251001_003457) by extensions ['ignore', 'ignore_ament_install']
[0.501s] Level 1:colcon.colcon_core.package_identification:_identify(src/logs/fslam/20251001_003457) by extension 'ignore'
[0.501s] Level 1:colcon.colcon_core.package_identification:_identify(src/logs/fslam/20251001_003457) by extension 'ignore_ament_install'
[0.501s] Level 1:colcon.colcon_core.package_identification:_identify(src/logs/fslam/20251001_003457) by extensions ['colcon_pkg']
[0.501s] Level 1:colcon.colcon_core.package_identification:_identify(src/logs/fslam/20251001_003457) by extension 'colcon_pkg'
[0.501s] Level 1:colcon.colcon_core.package_identification:_identify(src/logs/fslam/20251001_003457) by extensions ['colcon_meta']
[0.501s] Level 1:colcon.colcon_core.package_identification:_identify(src/logs/fslam/20251001_003457) by extension 'colcon_meta'
[0.501s] Level 1:colcon.colcon_core.package_identification:_identify(src/logs/fslam/20251001_003457) by extensions ['ros']
[0.501s] Level 1:colcon.colcon_core.package_identification:_identify(src/logs/fslam/20251001_003457) by extension 'ros'
[0.501s] Level 1:colcon.colcon_core.package_identification:_identify(src/logs/fslam/20251001_003457) by extensions ['cmake', 'python']
[0.501s] Level 1:colcon.colcon_core.package_identification:_identify(src/logs/fslam/20251001_003457) by extension 'cmake'
[0.501s] Level 1:colcon.colcon_core.package_identification:_identify(src/logs/fslam/20251001_003457) by extension 'python'
[0.501s] Level 1:colcon.colcon_core.package_identification:_identify(src/logs/fslam/20251001_003457) by extensions ['python_setup_py']
[0.501s] Level 1:colcon.colcon_core.package_identification:_identify(src/logs/fslam/20251001_003457) by extension 'python_setup_py'
[0.501s] Level 1:colcon.colcon_core.package_identification:_identify(src/logs/fslam/20251001_212113) by extensions ['ignore', 'ignore_ament_install']
[0.501s] Level 1:colcon.colcon_core.package_identification:_identify(src/logs/fslam/20251001_212113) by extension 'ignore'
[0.501s] Level 1:colcon.colcon_core.package_identification:_identify(src/logs/fslam/20251001_212113) by extension 'ignore_ament_install'
[0.501s] Level 1:colcon.colcon_core.package_identification:_identify(src/logs/fslam/20251001_212113) by extensions ['colcon_pkg']
[0.501s] Level 1:colcon.colcon_core.package_identification:_identify(src/logs/fslam/20251001_212113) by extension 'colcon_pkg'
[0.501s] Level 1:colcon.colcon_core.package_identification:_identify(src/logs/fslam/20251001_212113) by extensions ['colcon_meta']
[0.501s] Level 1:colcon.colcon_core.package_identification:_identify(src/logs/fslam/20251001_212113) by extension 'colcon_meta'
[0.501s] Level 1:colcon.colcon_core.package_identification:_identify(src/logs/fslam/20251001_212113) by extensions ['ros']
[0.501s] Level 1:colcon.colcon_core.package_identification:_identify(src/logs/fslam/20251001_212113) by extension 'ros'
[0.501s] Level 1:colcon.colcon_core.package_identification:_identify(src/logs/fslam/20251001_212113) by extensions ['cmake', 'python']
[0.501s] Level 1:colcon.colcon_core.package_identification:_identify(src/logs/fslam/20251001_212113) by extension 'cmake'
[0.501s] Level 1:colcon.colcon_core.package_identification:_identify(src/logs/fslam/20251001_212113) by extension 'python'
[0.502s] Level 1:colcon.colcon_core.package_identification:_identify(src/logs/fslam/20251001_212113) by extensions ['python_setup_py']
[0.502s] Level 1:colcon.colcon_core.package_identification:_identify(src/logs/fslam/20251001_212113) by extension 'python_setup_py'
[0.502s] Level 1:colcon.colcon_core.package_identification:_identify(src/logs/fslam/20251002_104846) by extensions ['ignore', 'ignore_ament_install']
[0.502s] Level 1:colcon.colcon_core.package_identification:_identify(src/logs/fslam/20251002_104846) by extension 'ignore'
[0.502s] Level 1:colcon.colcon_core.package_identification:_identify(src/logs/fslam/20251002_104846) by extension 'ignore_ament_install'
[0.502s] Level 1:colcon.colcon_core.package_identification:_identify(src/logs/fslam/20251002_104846) by extensions ['colcon_pkg']
[0.502s] Level 1:colcon.colcon_core.package_identification:_identify(src/logs/fslam/20251002_104846) by extension 'colcon_pkg'
[0.502s] Level 1:colcon.colcon_core.package_identification:_identify(src/logs/fslam/20251002_104846) by extensions ['colcon_meta']
[0.502s] Level 1:colcon.colcon_core.package_identification:_identify(src/logs/fslam/20251002_104846) by extension 'colcon_meta'
[0.502s] Level 1:colcon.colcon_core.package_identification:_identify(src/logs/fslam/20251002_104846) by extensions ['ros']
[0.502s] Level 1:colcon.colcon_core.package_identification:_identify(src/logs/fslam/20251002_104846) by extension 'ros'
[0.502s] Level 1:colcon.colcon_core.package_identification:_identify(src/logs/fslam/20251002_104846) by extensions ['cmake', 'python']
[0.502s] Level 1:colcon.colcon_core.package_identification:_identify(src/logs/fslam/20251002_104846) by extension 'cmake'
[0.502s] Level 1:colcon.colcon_core.package_identification:_identify(src/logs/fslam/20251002_104846) by extension 'python'
[0.502s] Level 1:colcon.colcon_core.package_identification:_identify(src/logs/fslam/20251002_104846) by extensions ['python_setup_py']
[0.502s] Level 1:colcon.colcon_core.package_identification:_identify(src/logs/fslam/20251002_104846) by extension 'python_setup_py'
[0.502s] Level 1:colcon.colcon_core.package_identification:_identify(src/logs/fslam/20251002_110542) by extensions ['ignore', 'ignore_ament_install']
[0.502s] Level 1:colcon.colcon_core.package_identification:_identify(src/logs/fslam/20251002_110542) by extension 'ignore'
[0.502s] Level 1:colcon.colcon_core.package_identification:_identify(src/logs/fslam/20251002_110542) by extension 'ignore_ament_install'
[0.502s] Level 1:colcon.colcon_core.package_identification:_identify(src/logs/fslam/20251002_110542) by extensions ['colcon_pkg']
[0.502s] Level 1:colcon.colcon_core.package_identification:_identify(src/logs/fslam/20251002_110542) by extension 'colcon_pkg'
[0.502s] Level 1:colcon.colcon_core.package_identification:_identify(src/logs/fslam/20251002_110542) by extensions ['colcon_meta']
[0.502s] Level 1:colcon.colcon_core.package_identification:_identify(src/logs/fslam/20251002_110542) by extension 'colcon_meta'
[0.502s] Level 1:colcon.colcon_core.package_identification:_identify(src/logs/fslam/20251002_110542) by extensions ['ros']
[0.502s] Level 1:colcon.colcon_core.package_identification:_identify(src/logs/fslam/20251002_110542) by extension 'ros'
[0.502s] Level 1:colcon.colcon_core.package_identification:_identify(src/logs/fslam/20251002_110542) by extensions ['cmake', 'python']
[0.502s] Level 1:colcon.colcon_core.package_identification:_identify(src/logs/fslam/20251002_110542) by extension 'cmake'
[0.502s] Level 1:colcon.colcon_core.package_identification:_identify(src/logs/fslam/20251002_110542) by extension 'python'
[0.502s] Level 1:colcon.colcon_core.package_identification:_identify(src/logs/fslam/20251002_110542) by extensions ['python_setup_py']
[0.502s] Level 1:colcon.colcon_core.package_identification:_identify(src/logs/fslam/20251002_110542) by extension 'python_setup_py'
[0.502s] Level 1:colcon.colcon_core.package_identification:_identify(src/logs/fslam/20251002_110643) by extensions ['ignore', 'ignore_ament_install']
[0.502s] Level 1:colcon.colcon_core.package_identification:_identify(src/logs/fslam/20251002_110643) by extension 'ignore'
[0.502s] Level 1:colcon.colcon_core.package_identification:_identify(src/logs/fslam/20251002_110643) by extension 'ignore_ament_install'
[0.502s] Level 1:colcon.colcon_core.package_identification:_identify(src/logs/fslam/20251002_110643) by extensions ['colcon_pkg']
[0.502s] Level 1:colcon.colcon_core.package_identification:_identify(src/logs/fslam/20251002_110643) by extension 'colcon_pkg'
[0.502s] Level 1:colcon.colcon_core.package_identification:_identify(src/logs/fslam/20251002_110643) by extensions ['colcon_meta']
[0.502s] Level 1:colcon.colcon_core.package_identification:_identify(src/logs/fslam/20251002_110643) by extension 'colcon_meta'
[0.502s] Level 1:colcon.colcon_core.package_identification:_identify(src/logs/fslam/20251002_110643) by extensions ['ros']
[0.502s] Level 1:colcon.colcon_core.package_identification:_identify(src/logs/fslam/20251002_110643) by extension 'ros'
[0.502s] Level 1:colcon.colcon_core.package_identification:_identify(src/logs/fslam/20251002_110643) by extensions ['cmake', 'python']
[0.502s] Level 1:colcon.colcon_core.package_identification:_identify(src/logs/fslam/20251002_110643) by extension 'cmake'
[0.502s] Level 1:colcon.colcon_core.package_identification:_identify(src/logs/fslam/20251002_110643) by extension 'python'
[0.502s] Level 1:colcon.colcon_core.package_identification:_identify(src/logs/fslam/20251002_110643) by extensions ['python_setup_py']
[0.503s] Level 1:colcon.colcon_core.package_identification:_identify(src/logs/fslam/20251002_110643) by extension 'python_setup_py'
[0.503s] Level 1:colcon.colcon_core.package_identification:_identify(src/logs/fslam/20251002_110745) by extensions ['ignore', 'ignore_ament_install']
[0.503s] Level 1:colcon.colcon_core.package_identification:_identify(src/logs/fslam/20251002_110745) by extension 'ignore'
[0.503s] Level 1:colcon.colcon_core.package_identification:_identify(src/logs/fslam/20251002_110745) by extension 'ignore_ament_install'
[0.503s] Level 1:colcon.colcon_core.package_identification:_identify(src/logs/fslam/20251002_110745) by extensions ['colcon_pkg']
[0.503s] Level 1:colcon.colcon_core.package_identification:_identify(src/logs/fslam/20251002_110745) by extension 'colcon_pkg'
[0.503s] Level 1:colcon.colcon_core.package_identification:_identify(src/logs/fslam/20251002_110745) by extensions ['colcon_meta']
[0.503s] Level 1:colcon.colcon_core.package_identification:_identify(src/logs/fslam/20251002_110745) by extension 'colcon_meta'
[0.503s] Level 1:colcon.colcon_core.package_identification:_identify(src/logs/fslam/20251002_110745) by extensions ['ros']
[0.503s] Level 1:colcon.colcon_core.package_identification:_identify(src/logs/fslam/20251002_110745) by extension 'ros'
[0.503s] Level 1:colcon.colcon_core.package_identification:_identify(src/logs/fslam/20251002_110745) by extensions ['cmake', 'python']
[0.503s] Level 1:colcon.colcon_core.package_identification:_identify(src/logs/fslam/20251002_110745) by extension 'cmake'
[0.503s] Level 1:colcon.colcon_core.package_identification:_identify(src/logs/fslam/20251002_110745) by extension 'python'
[0.503s] Level 1:colcon.colcon_core.package_identification:_identify(src/logs/fslam/20251002_110745) by extensions ['python_setup_py']
[0.503s] Level 1:colcon.colcon_core.package_identification:_identify(src/logs/fslam/20251002_110745) by extension 'python_setup_py'
[0.503s] Level 1:colcon.colcon_core.package_identification:_identify(src/logs/fslam/20251002_110806) by extensions ['ignore', 'ignore_ament_install']
[0.503s] Level 1:colcon.colcon_core.package_identification:_identify(src/logs/fslam/20251002_110806) by extension 'ignore'
[0.503s] Level 1:colcon.colcon_core.package_identification:_identify(src/logs/fslam/20251002_110806) by extension 'ignore_ament_install'
[0.503s] Level 1:colcon.colcon_core.package_identification:_identify(src/logs/fslam/20251002_110806) by extensions ['colcon_pkg']
[0.503s] Level 1:colcon.colcon_core.package_identification:_identify(src/logs/fslam/20251002_110806) by extension 'colcon_pkg'
[0.503s] Level 1:colcon.colcon_core.package_identification:_identify(src/logs/fslam/20251002_110806) by extensions ['colcon_meta']
[0.503s] Level 1:colcon.colcon_core.package_identification:_identify(src/logs/fslam/20251002_110806) by extension 'colcon_meta'
[0.503s] Level 1:colcon.colcon_core.package_identification:_identify(src/logs/fslam/20251002_110806) by extensions ['ros']
[0.503s] Level 1:colcon.colcon_core.package_identification:_identify(src/logs/fslam/20251002_110806) by extension 'ros'
[0.503s] Level 1:colcon.colcon_core.package_identification:_identify(src/logs/fslam/20251002_110806) by extensions ['cmake', 'python']
[0.503s] Level 1:colcon.colcon_core.package_identification:_identify(src/logs/fslam/20251002_110806) by extension 'cmake'
[0.503s] Level 1:colcon.colcon_core.package_identification:_identify(src/logs/fslam/20251002_110806) by extension 'python'
[0.503s] Level 1:colcon.colcon_core.package_identification:_identify(src/logs/fslam/20251002_110806) by extensions ['python_setup_py']
[0.503s] Level 1:colcon.colcon_core.package_identification:_identify(src/logs/fslam/20251002_110806) by extension 'python_setup_py'
[0.503s] Level 1:colcon.colcon_core.package_identification:_identify(src/logs/fslam/20251002_110832) by extensions ['ignore', 'ignore_ament_install']
[0.503s] Level 1:colcon.colcon_core.package_identification:_identify(src/logs/fslam/20251002_110832) by extension 'ignore'
[0.503s] Level 1:colcon.colcon_core.package_identification:_identify(src/logs/fslam/20251002_110832) by extension 'ignore_ament_install'
[0.503s] Level 1:colcon.colcon_core.package_identification:_identify(src/logs/fslam/20251002_110832) by extensions ['colcon_pkg']
[0.503s] Level 1:colcon.colcon_core.package_identification:_identify(src/logs/fslam/20251002_110832) by extension 'colcon_pkg'
[0.503s] Level 1:colcon.colcon_core.package_identification:_identify(src/logs/fslam/20251002_110832) by extensions ['colcon_meta']
[0.503s] Level 1:colcon.colcon_core.package_identification:_identify(src/logs/fslam/20251002_110832) by extension 'colcon_meta'
[0.503s] Level 1:colcon.colcon_core.package_identification:_identify(src/logs/fslam/20251002_110832) by extensions ['ros']
[0.503s] Level 1:colcon.colcon_core.package_identification:_identify(src/logs/fslam/20251002_110832) by extension 'ros'
[0.503s] Level 1:colcon.colcon_core.package_identification:_identify(src/logs/fslam/20251002_110832) by extensions ['cmake', 'python']
[0.503s] Level 1:colcon.colcon_core.package_identification:_identify(src/logs/fslam/20251002_110832) by extension 'cmake'
[0.504s] Level 1:colcon.colcon_core.package_identification:_identify(src/logs/fslam/20251002_110832) by extension 'python'
[0.504s] Level 1:colcon.colcon_core.package_identification:_identify(src/logs/fslam/20251002_110832) by extensions ['python_setup_py']
[0.504s] Level 1:colcon.colcon_core.package_identification:_identify(src/logs/fslam/20251002_110832) by extension 'python_setup_py'
[0.504s] Level 1:colcon.colcon_core.package_discovery:discover_packages(recursive) using defaults
[0.504s] Level 1:colcon.colcon_core.package_discovery:discover_packages(ignore) discover
[0.504s] Level 1:colcon.colcon_core.package_discovery:discover_packages(ignore) using defaults
[0.504s] Level 1:colcon.colcon_core.package_discovery:discover_packages(path) discover
[0.504s] Level 1:colcon.colcon_core.package_discovery:discover_packages(path) using defaults
[0.521s] Level 1:colcon.colcon_core.package_discovery:discover_packages(prefix_path) check parameters
[0.521s] Level 1:colcon.colcon_core.package_discovery:discover_packages(prefix_path) discover
[0.528s] DEBUG:colcon.colcon_installed_package_information.package_discovery:Found 10 installed packages in /home/armaanm/eufs/install
[0.528s] DEBUG:colcon.colcon_installed_package_information.package_discovery:Found 4 installed packages in /home/armaanm/eufs_dev/eufs_data/install
[0.530s] DEBUG:colcon.colcon_installed_package_information.package_discovery:Found 280 installed packages in /opt/ros/galactic
[0.535s] Level 1:colcon.colcon_core.package_discovery:discover_packages(prefix_path) using defaults
[0.628s] Level 5:colcon.colcon_core.verb:set package 'fslam_base' build argument 'cmake_args' from command line to 'None'
[0.628s] Level 5:colcon.colcon_core.verb:set package 'fslam_base' build argument 'cmake_target' from command line to 'None'
[0.628s] Level 5:colcon.colcon_core.verb:set package 'fslam_base' build argument 'cmake_target_skip_unavailable' from command line to 'False'
[0.628s] Level 5:colcon.colcon_core.verb:set package 'fslam_base' build argument 'cmake_clean_cache' from command line to 'False'
[0.628s] Level 5:colcon.colcon_core.verb:set package 'fslam_base' build argument 'cmake_clean_first' from command line to 'False'
[0.628s] Level 5:colcon.colcon_core.verb:set package 'fslam_base' build argument 'cmake_force_configure' from command line to 'False'
[0.628s] Level 5:colcon.colcon_core.verb:set package 'fslam_base' build argument 'ament_cmake_args' from command line to 'None'
[0.628s] Level 5:colcon.colcon_core.verb:set package 'fslam_base' build argument 'catkin_cmake_args' from command line to 'None'
[0.628s] Level 5:colcon.colcon_core.verb:set package 'fslam_base' build argument 'catkin_skip_building_tests' from command line to 'False'
[0.628s] DEBUG:colcon.colcon_core.verb:Building package 'fslam_base' with the following arguments: {'ament_cmake_args': None, 'build_base': '/home/armaanm/eufs_dev/FastSLAM/build/fslam_base', 'catkin_cmake_args': None, 'catkin_skip_building_tests': False, 'cmake_args': None, 'cmake_clean_cache': False, 'cmake_clean_first': False, 'cmake_force_configure': False, 'cmake_target': None, 'cmake_target_skip_unavailable': False, 'install_base': '/home/armaanm/eufs_dev/FastSLAM/install/fslam_base', 'merge_install': False, 'path': '/home/armaanm/eufs_dev/FastSLAM/src/fslam_base', 'symlink_install': True, 'test_result_base': None}
[0.628s] Level 5:colcon.colcon_core.verb:set package 'fslam_da' build argument 'cmake_args' from command line to 'None'
[0.628s] Level 5:colcon.colcon_core.verb:set package 'fslam_da' build argument 'cmake_target' from command line to 'None'
[0.628s] Level 5:colcon.colcon_core.verb:set package 'fslam_da' build argument 'cmake_target_skip_unavailable' from command line to 'False'
[0.628s] Level 5:colcon.colcon_core.verb:set package 'fslam_da' build argument 'cmake_clean_cache' from command line to 'False'
[0.628s] Level 5:colcon.colcon_core.verb:set package 'fslam_da' build argument 'cmake_clean_first' from command line to 'False'
[0.628s] Level 5:colcon.colcon_core.verb:set package 'fslam_da' build argument 'cmake_force_configure' from command line to 'False'
[0.628s] Level 5:colcon.colcon_core.verb:set package 'fslam_da' build argument 'ament_cmake_args' from command line to 'None'
[0.628s] Level 5:colcon.colcon_core.verb:set package 'fslam_da' build argument 'catkin_cmake_args' from command line to 'None'
[0.628s] Level 5:colcon.colcon_core.verb:set package 'fslam_da' build argument 'catkin_skip_building_tests' from command line to 'False'
[0.628s] DEBUG:colcon.colcon_core.verb:Building package 'fslam_da' with the following arguments: {'ament_cmake_args': None, 'build_base': '/home/armaanm/eufs_dev/FastSLAM/build/fslam_da', 'catkin_cmake_args': None, 'catkin_skip_building_tests': False, 'cmake_args': None, 'cmake_clean_cache': False, 'cmake_clean_first': False, 'cmake_force_configure': False, 'cmake_target': None, 'cmake_target_skip_unavailable': False, 'install_base': '/home/armaanm/eufs_dev/FastSLAM/install/fslam_da', 'merge_install': False, 'path': '/home/armaanm/eufs_dev/FastSLAM/src/fslam_da', 'symlink_install': True, 'test_result_base': None}
[0.628s] INFO:colcon.colcon_core.executor:Executing jobs using 'parallel' executor
[0.629s] DEBUG:colcon.colcon_parallel_executor.executor.parallel:run_until_complete
[0.629s] INFO:colcon.colcon_ros.task.ament_python.build:Building ROS package in '/home/armaanm/eufs_dev/FastSLAM/src/fslam_base' with build type 'ament_python'
[0.629s] Level 1:colcon.colcon_core.shell:create_environment_hook('fslam_base', 'ament_prefix_path')
[0.634s] INFO:colcon.colcon_core.plugin_system:Skipping extension 'colcon_core.shell.bat': Not used on non-Windows systems
[0.634s] INFO:colcon.colcon_core.shell:Creating environment hook '/home/armaanm/eufs_dev/FastSLAM/install/fslam_base/share/fslam_base/hook/ament_prefix_path.ps1'
[0.636s] INFO:colcon.colcon_core.shell:Creating environment descriptor '/home/armaanm/eufs_dev/FastSLAM/install/fslam_base/share/fslam_base/hook/ament_prefix_path.dsv'
[0.636s] INFO:colcon.colcon_core.shell:Creating environment hook '/home/armaanm/eufs_dev/FastSLAM/install/fslam_base/share/fslam_base/hook/ament_prefix_path.sh'
[0.637s] INFO:colcon.colcon_core.shell:Skip shell extension 'powershell' for command environment: Not usable outside of PowerShell
[0.637s] DEBUG:colcon.colcon_core.shell:Skip shell extension 'dsv' for command environment
[0.640s] INFO:colcon.colcon_ros.task.ament_python.build:Building ROS package in '/home/armaanm/eufs_dev/FastSLAM/src/fslam_da' with build type 'ament_python'
[0.641s] Level 1:colcon.colcon_core.shell:create_environment_hook('fslam_da', 'ament_prefix_path')
[0.641s] INFO:colcon.colcon_core.shell:Creating environment hook '/home/armaanm/eufs_dev/FastSLAM/install/fslam_da/share/fslam_da/hook/ament_prefix_path.ps1'
[0.641s] INFO:colcon.colcon_core.shell:Creating environment descriptor '/home/armaanm/eufs_dev/FastSLAM/install/fslam_da/share/fslam_da/hook/ament_prefix_path.dsv'
[0.642s] INFO:colcon.colcon_core.shell:Creating environment hook '/home/armaanm/eufs_dev/FastSLAM/install/fslam_da/share/fslam_da/hook/ament_prefix_path.sh'
[0.642s] INFO:colcon.colcon_core.shell:Skip shell extension 'powershell' for command environment: Not usable outside of PowerShell
[0.642s] DEBUG:colcon.colcon_core.shell:Skip shell extension 'dsv' for command environment
[0.770s] INFO:colcon.colcon_core.task.python.build:Building Python package in '/home/armaanm/eufs_dev/FastSLAM/src/fslam_base'
[0.770s] INFO:colcon.colcon_core.shell:Skip shell extension 'powershell' for command environment: Not usable outside of PowerShell
[0.770s] DEBUG:colcon.colcon_core.shell:Skip shell extension 'dsv' for command environment
[0.892s] INFO:colcon.colcon_core.task.python.build:Building Python package in '/home/armaanm/eufs_dev/FastSLAM/src/fslam_da'
[0.893s] INFO:colcon.colcon_core.shell:Skip shell extension 'powershell' for command environment: Not usable outside of PowerShell
[0.893s] DEBUG:colcon.colcon_core.shell:Skip shell extension 'dsv' for command environment
[1.178s] DEBUG:colcon.colcon_core.event_handler.log_command:Invoking command in '/home/armaanm/eufs_dev/FastSLAM/build/fslam_da': PYTHONPATH=/home/armaanm/eufs_dev/FastSLAM/build/fslam_da/prefix_override:/usr/lib/python3/dist-packages/colcon_core/task/python/colcon_distutils_commands:/home/armaanm/eufs_dev/FastSLAM/install/fslam_da/lib/python3.8/site-packages:${PYTHONPATH} /usr/bin/python3 -W ignore:setup.py install is deprecated -W ignore:easy_install command is deprecated setup.py develop --editable --build-directory /home/armaanm/eufs_dev/FastSLAM/build/fslam_da/build --no-deps symlink_data
[1.187s] DEBUG:colcon.colcon_core.event_handler.log_command:Invoking command in '/home/armaanm/eufs_dev/FastSLAM/build/fslam_base': PYTHONPATH=/home/armaanm/eufs_dev/FastSLAM/build/fslam_base/prefix_override:/usr/lib/python3/dist-packages/colcon_core/task/python/colcon_distutils_commands:/home/armaanm/eufs_dev/FastSLAM/install/fslam_base/lib/python3.8/site-packages:${PYTHONPATH} /usr/bin/python3 -W ignore:setup.py install is deprecated -W ignore:easy_install command is deprecated setup.py develop --editable --build-directory /home/armaanm/eufs_dev/FastSLAM/build/fslam_base/build --no-deps symlink_data
[1.433s] Level 1:colcon.colcon_core.shell:create_environment_hook('fslam_da', 'pythonpath_develop')
[1.433s] DEBUG:colcon.colcon_core.event_handler.log_command:Invoked command in '/home/armaanm/eufs_dev/FastSLAM/build/fslam_da' returned '0': PYTHONPATH=/home/armaanm/eufs_dev/FastSLAM/build/fslam_da/prefix_override:/usr/lib/python3/dist-packages/colcon_core/task/python/colcon_distutils_commands:/home/armaanm/eufs_dev/FastSLAM/install/fslam_da/lib/python3.8/site-packages:${PYTHONPATH} /usr/bin/python3 -W ignore:setup.py install is deprecated -W ignore:easy_install command is deprecated setup.py develop --editable --build-directory /home/armaanm/eufs_dev/FastSLAM/build/fslam_da/build --no-deps symlink_data
[1.433s] INFO:colcon.colcon_core.shell:Creating environment hook '/home/armaanm/eufs_dev/FastSLAM/build/fslam_da/share/fslam_da/hook/pythonpath_develop.ps1'
[1.434s] INFO:colcon.colcon_core.shell:Creating environment descriptor '/home/armaanm/eufs_dev/FastSLAM/build/fslam_da/share/fslam_da/hook/pythonpath_develop.dsv'
[1.434s] INFO:colcon.colcon_core.shell:Creating environment hook '/home/armaanm/eufs_dev/FastSLAM/build/fslam_da/share/fslam_da/hook/pythonpath_develop.sh'
[1.441s] Level 1:colcon.colcon_core.environment:checking '/home/armaanm/eufs_dev/FastSLAM/install/fslam_da' for CMake module files
[1.441s] Level 1:colcon.colcon_core.environment:checking '/home/armaanm/eufs_dev/FastSLAM/install/fslam_da' for CMake config files
[1.442s] Level 1:colcon.colcon_core.environment:checking '/home/armaanm/eufs_dev/FastSLAM/install/fslam_da/lib'
[1.442s] Level 1:colcon.colcon_core.environment:checking '/home/armaanm/eufs_dev/FastSLAM/install/fslam_da/bin'
[1.442s] Level 1:colcon.colcon_core.environment:checking '/home/armaanm/eufs_dev/FastSLAM/install/fslam_da/lib/pkgconfig/fslam_da.pc'
[1.442s] Level 1:colcon.colcon_core.environment:checking '/home/armaanm/eufs_dev/FastSLAM/install/fslam_da/lib/python3.8/site-packages'
[1.442s] Level 1:colcon.colcon_core.shell:create_environment_hook('fslam_da', 'pythonpath')
[1.442s] INFO:colcon.colcon_core.shell:Creating environment hook '/home/armaanm/eufs_dev/FastSLAM/install/fslam_da/share/fslam_da/hook/pythonpath.ps1'
[1.442s] INFO:colcon.colcon_core.shell:Creating environment descriptor '/home/armaanm/eufs_dev/FastSLAM/install/fslam_da/share/fslam_da/hook/pythonpath.dsv'
[1.443s] INFO:colcon.colcon_core.shell:Creating environment hook '/home/armaanm/eufs_dev/FastSLAM/install/fslam_da/share/fslam_da/hook/pythonpath.sh'
[1.443s] Level 1:colcon.colcon_core.environment:checking '/home/armaanm/eufs_dev/FastSLAM/install/fslam_da/bin'
[1.443s] Level 1:colcon.colcon_core.environment:create_environment_scripts_only(fslam_da)
[1.443s] INFO:colcon.colcon_core.shell:Creating package script '/home/armaanm/eufs_dev/FastSLAM/install/fslam_da/share/fslam_da/package.ps1'
[1.444s] INFO:colcon.colcon_core.shell:Creating package descriptor '/home/armaanm/eufs_dev/FastSLAM/install/fslam_da/share/fslam_da/package.dsv'
[1.444s] INFO:colcon.colcon_core.shell:Creating package script '/home/armaanm/eufs_dev/FastSLAM/install/fslam_da/share/fslam_da/package.sh'
[1.445s] INFO:colcon.colcon_core.shell:Creating package script '/home/armaanm/eufs_dev/FastSLAM/install/fslam_da/share/fslam_da/package.bash'
[1.445s] INFO:colcon.colcon_core.shell:Creating package script '/home/armaanm/eufs_dev/FastSLAM/install/fslam_da/share/fslam_da/package.zsh'
[1.446s] Level 1:colcon.colcon_core.environment:create_file_with_runtime_dependencies(/home/armaanm/eufs_dev/FastSLAM/install/fslam_da/share/colcon-core/packages/fslam_da)
[1.446s] Level 1:colcon.colcon_core.shell:create_environment_hook('fslam_base', 'pythonpath_develop')
[1.446s] INFO:colcon.colcon_core.shell:Creating environment hook '/home/armaanm/eufs_dev/FastSLAM/build/fslam_base/share/fslam_base/hook/pythonpath_develop.ps1'
[1.447s] INFO:colcon.colcon_core.shell:Creating environment descriptor '/home/armaanm/eufs_dev/FastSLAM/build/fslam_base/share/fslam_base/hook/pythonpath_develop.dsv'
[1.447s] INFO:colcon.colcon_core.shell:Creating environment hook '/home/armaanm/eufs_dev/FastSLAM/build/fslam_base/share/fslam_base/hook/pythonpath_develop.sh'
[1.447s] Level 1:colcon.colcon_core.environment:checking '/home/armaanm/eufs_dev/FastSLAM/install/fslam_base' for CMake module files
[1.448s] DEBUG:colcon.colcon_core.event_handler.log_command:Invoked command in '/home/armaanm/eufs_dev/FastSLAM/build/fslam_base' returned '0': PYTHONPATH=/home/armaanm/eufs_dev/FastSLAM/build/fslam_base/prefix_override:/usr/lib/python3/dist-packages/colcon_core/task/python/colcon_distutils_commands:/home/armaanm/eufs_dev/FastSLAM/install/fslam_base/lib/python3.8/site-packages:${PYTHONPATH} /usr/bin/python3 -W ignore:setup.py install is deprecated -W ignore:easy_install command is deprecated setup.py develop --editable --build-directory /home/armaanm/eufs_dev/FastSLAM/build/fslam_base/build --no-deps symlink_data
[1.448s] Level 1:colcon.colcon_core.environment:checking '/home/armaanm/eufs_dev/FastSLAM/install/fslam_base' for CMake config files
[1.448s] Level 1:colcon.colcon_core.environment:checking '/home/armaanm/eufs_dev/FastSLAM/install/fslam_base/lib'
[1.448s] Level 1:colcon.colcon_core.environment:checking '/home/armaanm/eufs_dev/FastSLAM/install/fslam_base/bin'
[1.448s] Level 1:colcon.colcon_core.environment:checking '/home/armaanm/eufs_dev/FastSLAM/install/fslam_base/lib/pkgconfig/fslam_base.pc'
[1.448s] Level 1:colcon.colcon_core.environment:checking '/home/armaanm/eufs_dev/FastSLAM/install/fslam_base/lib/python3.8/site-packages'
[1.448s] Level 1:colcon.colcon_core.shell:create_environment_hook('fslam_base', 'pythonpath')
[1.449s] INFO:colcon.colcon_core.shell:Creating environment hook '/home/armaanm/eufs_dev/FastSLAM/install/fslam_base/share/fslam_base/hook/pythonpath.ps1'
[1.449s] INFO:colcon.colcon_core.shell:Creating environment descriptor '/home/armaanm/eufs_dev/FastSLAM/install/fslam_base/share/fslam_base/hook/pythonpath.dsv'
[1.449s] INFO:colcon.colcon_core.shell:Creating environment hook '/home/armaanm/eufs_dev/FastSLAM/install/fslam_base/share/fslam_base/hook/pythonpath.sh'
[1.450s] Level 1:colcon.colcon_core.environment:checking '/home/armaanm/eufs_dev/FastSLAM/install/fslam_base/bin'
[1.450s] Level 1:colcon.colcon_core.environment:create_environment_scripts_only(fslam_base)
[1.450s] INFO:colcon.colcon_core.shell:Creating package script '/home/armaanm/eufs_dev/FastSLAM/install/fslam_base/share/fslam_base/package.ps1'
[1.450s] INFO:colcon.colcon_core.shell:Creating package descriptor '/home/armaanm/eufs_dev/FastSLAM/install/fslam_base/share/fslam_base/package.dsv'
[1.450s] INFO:colcon.colcon_core.shell:Creating package script '/home/armaanm/eufs_dev/FastSLAM/install/fslam_base/share/fslam_base/package.sh'
[1.451s] INFO:colcon.colcon_core.shell:Creating package script '/home/armaanm/eufs_dev/FastSLAM/install/fslam_base/share/fslam_base/package.bash'
[1.451s] INFO:colcon.colcon_core.shell:Creating package script '/home/armaanm/eufs_dev/FastSLAM/install/fslam_base/share/fslam_base/package.zsh'
[1.451s] Level 1:colcon.colcon_core.environment:create_file_with_runtime_dependencies(/home/armaanm/eufs_dev/FastSLAM/install/fslam_base/share/colcon-core/packages/fslam_base)
[1.451s] DEBUG:colcon.colcon_parallel_executor.executor.parallel:closing loop
[1.452s] DEBUG:colcon.colcon_parallel_executor.executor.parallel:loop closed
[1.452s] DEBUG:colcon.colcon_parallel_executor.executor.parallel:run_until_complete finished with '0'
[1.452s] DEBUG:colcon.colcon_core.event_reactor:joining thread
[1.494s] INFO:colcon.colcon_core.plugin_system:Skipping extension 'colcon_notification.desktop_notification.notify_send': Could not find 'notify-send'
[1.494s] INFO:colcon.colcon_core.plugin_system:Skipping extension 'colcon_notification.desktop_notification.terminal_notifier': Not used on non-Darwin systems
[1.494s] INFO:colcon.colcon_core.plugin_system:Skipping extension 'colcon_notification.desktop_notification.win32': Not used on non-Windows systems
[1.494s] INFO:colcon.colcon_notification.desktop_notification:Sending desktop notification using 'notify2'
[1.511s] DEBUG:colcon.colcon_notification.desktop_notification.notify2:Failed to initialize notify2: org.freedesktop.DBus.Error.ServiceUnknown: The name org.freedesktop.Notifications was not provided by any .service files
[1.511s] DEBUG:colcon.colcon_core.event_reactor:joined thread
[1.511s] INFO:colcon.colcon_core.shell:Creating prefix script '/home/armaanm/eufs_dev/FastSLAM/install/local_setup.ps1'
[1.512s] INFO:colcon.colcon_core.shell:Creating prefix util module '/home/armaanm/eufs_dev/FastSLAM/install/_local_setup_util_ps1.py'
[1.513s] INFO:colcon.colcon_core.shell:Creating prefix chain script '/home/armaanm/eufs_dev/FastSLAM/install/setup.ps1'
[1.514s] INFO:colcon.colcon_core.shell:Creating prefix script '/home/armaanm/eufs_dev/FastSLAM/install/local_setup.sh'
[1.514s] INFO:colcon.colcon_core.shell:Creating prefix util module '/home/armaanm/eufs_dev/FastSLAM/install/_local_setup_util_sh.py'
[1.515s] INFO:colcon.colcon_core.shell:Creating prefix chain script '/home/armaanm/eufs_dev/FastSLAM/install/setup.sh'
[1.516s] INFO:colcon.colcon_core.shell:Creating prefix script '/home/armaanm/eufs_dev/FastSLAM/install/local_setup.bash'
[1.516s] INFO:colcon.colcon_core.shell:Creating prefix chain script '/home/armaanm/eufs_dev/FastSLAM/install/setup.bash'
[1.517s] INFO:colcon.colcon_core.shell:Creating prefix script '/home/armaanm/eufs_dev/FastSLAM/install/local_setup.zsh'
[1.518s] INFO:colcon.colcon_core.shell:Creating prefix chain script '/home/armaanm/eufs_dev/FastSLAM/install/setup.zsh'
