[0.669s] Invoking command in '/home/armaanm/eufs_dev/FastSLAM/build/fslam_da': PYTHONPATH=/home/armaanm/eufs_dev/FastSLAM/build/fslam_da/prefix_override:/usr/lib/python3/dist-packages/colcon_core/task/python/colcon_distutils_commands:/home/armaanm/eufs_dev/FastSLAM/install/fslam_da/lib/python3.8/site-packages:${PYTHONPATH} /usr/bin/python3 -W ignore:setup.py install is deprecated -W ignore:easy_install command is deprecated setup.py develop --editable --build-directory /home/armaanm/eufs_dev/FastSLAM/build/fslam_da/build --no-deps symlink_data
[0.847s] running develop
[0.943s] running egg_info
[0.943s] writing fslam_da.egg-info/PKG-INFO
[0.944s] writing dependency_links to fslam_da.egg-info/dependency_links.txt
[0.944s] writing entry points to fslam_da.egg-info/entry_points.txt
[0.944s] writing requirements to fslam_da.egg-info/requires.txt
[0.945s] writing top-level names to fslam_da.egg-info/top_level.txt
[0.974s] reading manifest file 'fslam_da.egg-info/SOURCES.txt'
[0.974s] writing manifest file 'fslam_da.egg-info/SOURCES.txt'
[1.001s] running build_ext
[1.002s] Creating /home/armaanm/eufs_dev/FastSLAM/install/fslam_da/lib/python3.8/site-packages/fslam-da.egg-link (link to .)
[1.004s] Installing filter script to /home/armaanm/eufs_dev/FastSLAM/install/fslam_da/lib/fslam_da
[1.004s] Installing hungarian script to /home/armaanm/eufs_dev/FastSLAM/install/fslam_da/lib/fslam_da
[1.005s] Installing icp script to /home/armaanm/eufs_dev/FastSLAM/install/fslam_da/lib/fslam_da
[1.005s] Installing ijcbb script to /home/armaanm/eufs_dev/FastSLAM/install/fslam_da/lib/fslam_da
[1.005s] Installing jcbb script to /home/armaanm/eufs_dev/FastSLAM/install/fslam_da/lib/fslam_da
[1.005s] 
[1.006s] Installed /home/armaanm/eufs_dev/FastSLAM/build/fslam_da
[1.006s] running symlink_data
[1.042s] Invoked command in '/home/armaanm/eufs_dev/FastSLAM/build/fslam_da' returned '0': PYTHONPATH=/home/armaanm/eufs_dev/FastSLAM/build/fslam_da/prefix_override:/usr/lib/python3/dist-packages/colcon_core/task/python/colcon_distutils_commands:/home/armaanm/eufs_dev/FastSLAM/install/fslam_da/lib/python3.8/site-packages:${PYTHONPATH} /usr/bin/python3 -W ignore:setup.py install is deprecated -W ignore:easy_install command is deprecated setup.py develop --editable --build-directory /home/armaanm/eufs_dev/FastSLAM/build/fslam_da/build --no-deps symlink_data
