[0.761s] Invoking command in '/home/armaanm/eufs_dev/FastSLAM/build/fslam_da': PYTHONPATH=/home/armaanm/eufs_dev/FastSLAM/build/fslam_da/prefix_override:/usr/lib/python3/dist-packages/colcon_core/task/python/colcon_distutils_commands:/home/armaanm/eufs_dev/FastSLAM/install/fslam_da/lib/python3.8/site-packages:${PYTHONPATH} /usr/bin/python3 -W ignore:setup.py install is deprecated -W ignore:easy_install command is deprecated setup.py develop --editable --build-directory /home/armaanm/eufs_dev/FastSLAM/build/fslam_da/build --no-deps symlink_data
[0.983s] running develop
[1.063s] running egg_info
[1.063s] writing fslam_da.egg-info/PKG-INFO
[1.063s] writing dependency_links to fslam_da.egg-info/dependency_links.txt
[1.064s] writing entry points to fslam_da.egg-info/entry_points.txt
[1.064s] writing requirements to fslam_da.egg-info/requires.txt
[1.064s] writing top-level names to fslam_da.egg-info/top_level.txt
[1.084s] reading manifest file 'fslam_da.egg-info/SOURCES.txt'
[1.086s] writing manifest file 'fslam_da.egg-info/SOURCES.txt'
[1.113s] running build_ext
[1.114s] Creating /home/armaanm/eufs_dev/FastSLAM/install/fslam_da/lib/python3.8/site-packages/fslam-da.egg-link (link to .)
[1.115s] Installing filter script to /home/armaanm/eufs_dev/FastSLAM/install/fslam_da/lib/fslam_da
[1.115s] Installing hungarian script to /home/armaanm/eufs_dev/FastSLAM/install/fslam_da/lib/fslam_da
[1.116s] Installing icp script to /home/armaanm/eufs_dev/FastSLAM/install/fslam_da/lib/fslam_da
[1.116s] Installing ijcbb script to /home/armaanm/eufs_dev/FastSLAM/install/fslam_da/lib/fslam_da
[1.116s] Installing jcbb script to /home/armaanm/eufs_dev/FastSLAM/install/fslam_da/lib/fslam_da
[1.116s] 
[1.116s] Installed /home/armaanm/eufs_dev/FastSLAM/build/fslam_da
[1.116s] running symlink_data
[1.141s] Invoked command in '/home/armaanm/eufs_dev/FastSLAM/build/fslam_da' returned '0': PYTHONPATH=/home/armaanm/eufs_dev/FastSLAM/build/fslam_da/prefix_override:/usr/lib/python3/dist-packages/colcon_core/task/python/colcon_distutils_commands:/home/armaanm/eufs_dev/FastSLAM/install/fslam_da/lib/python3.8/site-packages:${PYTHONPATH} /usr/bin/python3 -W ignore:setup.py install is deprecated -W ignore:easy_install command is deprecated setup.py develop --editable --build-directory /home/armaanm/eufs_dev/FastSLAM/build/fslam_da/build --no-deps symlink_data
